This is pdfTeX, Version 3.14159265-2.6-1.40.19 (TeX Live 2019/dev/Debian) (preloaded format=pdflatex 2018.12.17)  7 JAN 2021 16:14
entering extended mode
 restricted \write18 enabled.
 %&-line parsing enabled.
**DP_Priklad.tex
(./DP_Priklad.tex
LaTeX2e <2018-04-01> patch level 5
(./FITthesis.cls
Document Class: FITthesis 2019/12/23 CTU FIT standard class for theses
(/usr/share/texlive/texmf-dist/tex/latex/memoir/memoir.cls
Document Class: memoir 2018/04/04 v3.7g configurable book, report, article docu
ment class
\onelineskip=\skip41
\lxvchars=\skip42
\xlvchars=\skip43
\@memcnta=\count80
\c@@memmarkcntra=\count81
(/usr/share/texlive/texmf-dist/tex/generic/oberdiek/ifpdf.sty
Package: ifpdf 2017/03/15 v3.2 Provides the ifpdf switch
)
(/usr/share/texlive/texmf-dist/tex/latex/ifetex/ifetex.sty
Package: ifetex 2018/03/31 v1.2a ifetex

(/usr/share/texlive/texmf-dist/tex/plain/ifetex/ifetex.tex))
(/usr/share/texlive/texmf-dist/tex/generic/ifxetex/ifxetex.sty
Package: ifxetex 2010/09/12 v0.6 Provides ifxetex conditional
)
(/usr/share/texlive/texmf-dist/tex/generic/oberdiek/ifluatex.sty
Package: ifluatex 2016/05/16 v1.4 Provides the ifluatex switch (HO)
Package ifluatex Info: LuaTeX not detected.
)
\stockheight=\skip44
\stockwidth=\skip45
\trimtop=\skip46
\trimedge=\skip47

(/usr/share/texlive/texmf-dist/tex/latex/memoir/mem11.clo
File: mem11.clo 2008/01/30 v0.3 memoir class 11pt size option
)
\binding=\skip48
\spinemargin=\skip49
\foremargin=\skip50
\uppermargin=\skip51
\lowermargin=\skip52
\headdrop=\skip53
\normalrulethickness=\skip54
\mem@maxheadheight=\skip55
\mem@maxfootheight=\skip56
\headwidth=\skip57
\c@storedpagenumber=\count82
\memPD=\dimen102
\m@mabparskip=\skip58
\thanksmarkwidth=\skip59
\thanksmarksep=\skip60
\droptitle=\skip61
\c@book=\count83
\c@part=\count84
\c@chapter=\count85
\c@section=\count86
\c@subsection=\count87
\c@subsubsection=\count88
\c@paragraph=\count89
\c@subparagraph=\count90
\beforechapskip=\skip62
\midchapskip=\skip63
\afterchapskip=\skip64
\chapindent=\skip65
\bottomsectionskip=\skip66
\secindent=\skip67
\beforesecskip=\skip68
\aftersecskip=\skip69
\subsecindent=\skip70
\beforesubsecskip=\skip71
\aftersubsecskip=\skip72
\subsubsecindent=\skip73
\beforesubsubsecskip=\skip74
\aftersubsubsecskip=\skip75
\paraindent=\skip76
\beforeparaskip=\skip77
\afterparaskip=\skip78
\subparaindent=\skip79
\beforesubparaskip=\skip80
\aftersubparaskip=\skip81
\pfbreakskip=\skip82
\c@@ppsavesec=\count91
\c@@ppsaveapp=\count92
\ragrparindent=\dimen103
\everylistparindent=\dimen104
\parsepi=\skip83
\topsepi=\skip84
\itemsepi=\skip85
\parsepii=\skip86
\topsepii=\skip87
\topsepiii=\skip88
\itemsepii=\skip89
\itemsepiii=\skip90
\partopsepii=\skip91
\partopsepiii=\skip92
\m@msavetopsep=\skip93
\m@msavepartopsep=\skip94
\@enLab=\toks14
\abstitleskip=\skip95
\absleftindent=\skip96
\abs@leftindent=\dimen105
\absrightindent=\skip97
\absparindent=\skip98
\absparsep=\skip99
\c@vslineno=\count93
\c@poemline=\count94
\c@modulo@vs=\count95
\c@memfvsline=\count96
\vleftskip=\skip100
\vrightskip=\skip101
\stanzaskip=\skip102
\versewidth=\skip103
\vgap=\skip104
\vindent=\skip105
\vleftmargin=\dimen106
\c@verse=\count97
\c@chrsinstr=\count98
\beforepoemtitleskip=\skip106
\afterpoemtitleskip=\skip107
\c@poem=\count99
\beforePoemTitleskip=\skip108
\midPoemTitleskip=\skip109
\afterPoemTitleskip=\skip110
\col@sep=\dimen107
\extrarowheight=\dimen108
\NC@list=\toks15
\extratabsurround=\skip111
\backup@length=\skip112
\TX@col@width=\dimen109
\TX@old@table=\dimen110
\TX@old@col=\dimen111
\TX@target=\dimen112
\TX@delta=\dimen113
\TX@cols=\count100
\TX@ftn=\toks16
\heavyrulewidth=\dimen114
\lightrulewidth=\dimen115
\cmidrulewidth=\dimen116
\belowrulesep=\dimen117
\belowbottomsep=\dimen118
\aboverulesep=\dimen119
\abovetopsep=\dimen120
\cmidrulesep=\dimen121
\cmidrulekern=\dimen122
\defaultaddspace=\dimen123
\@cmidla=\count101
\@cmidlb=\count102
\@aboverulesep=\dimen124
\@belowrulesep=\dimen125
\@thisruleclass=\count103
\@lastruleclass=\count104
\@thisrulewidth=\dimen126
\ctableftskip=\skip113
\ctabrightskip=\skip114
\abovecolumnspenalty=\count105
\@linestogo=\count106
\@cellstogo=\count107
\@cellsincolumn=\count108
\crtok=\toks17
\@mincolumnwidth=\dimen127
\c@newflo@tctr=\count109
\mem@margin@floatbox=\box26
\@contcwidth=\skip115
\@contindw=\skip116
\abovecaptionskip=\skip117
\belowcaptionskip=\skip118
\subfloattopskip=\skip119
\subfloatcapskip=\skip120
\subfloatcaptopadj=\skip121
\subfloatbottomskip=\skip122
\subfloatlabelskip=\skip123
\subfloatcapmargin=\dimen128
\c@@contsubnum=\count110
\m@mscap@capbox=\box27
\m@mscap@fbox=\box28
\sidecapsep=\dimen129
\sidecapwidth=\dimen130
\m@m@tempdima=\dimen131
\m@mscapraise=\dimen132
\sidecapraise=\dimen133
\m@mscapmainwidth=\dimen134
\m@mscaplkern=\dimen135
\beforeepigraphskip=\skip124
\afterepigraphskip=\skip125
\epigraphwidth=\skip126
\epigraphrule=\skip127
LaTeX Info: Redefining \em on input line 7578.
LaTeX Info: Redefining \emph on input line 7586.
\tocentryskip=\skip128
\tocbaseline=\skip129
\cftparskip=\skip130
\cftbeforebookskip=\skip131
\cftbookindent=\dimen136
\cftbooknumwidth=\dimen137
\cftbeforepartskip=\skip132
\cftpartindent=\skip133
\cftpartnumwidth=\skip134
\cftbeforechapterskip=\skip135
\cftchapterindent=\skip136
\cftchapternumwidth=\skip137
\cftbeforesectionskip=\skip138
\cftsectionindent=\skip139
\cftsectionnumwidth=\skip140
\cftbeforesubsectionskip=\skip141
\cftsubsectionindent=\skip142
\cftsubsectionnumwidth=\skip143
\cftbeforesubsubsectionskip=\skip144
\cftsubsubsectionindent=\skip145
\cftsubsubsectionnumwidth=\skip146
\cftbeforeparagraphskip=\skip147
\cftparagraphindent=\skip148
\cftparagraphnumwidth=\skip149
\cftbeforesubparagraphskip=\skip150
\cftsubparagraphindent=\skip151
\cftsubparagraphnumwidth=\skip152
\prechapterprecisshift=\dimen138
\c@maxsecnumdepth=\count111
\bibindent=\dimen139
\bibitemsep=\skip153
\indexcolsep=\skip154
\indexrule=\skip155
\indexmarkstyle=\toks18
\@indexbox=\insert199
\glossarycolsep=\dimen140
\glossaryrule=\dimen141
\sideparvshift=\skip156
\sideins=\insert198
\sidebartopsep=\skip157
\sidebarhsep=\skip158
\sidebarvsep=\skip159
\sidebarwidth=\skip160
\footmarkwidth=\skip161
\footmarksep=\skip162
\footparindent=\skip163
\footinsdim=\skip164
\footinsv@r=\insert197
\@mpfootinsv@r=\insert196
\m@m@k=\count112
\m@m@h=\dimen142
\m@mipn@skip=\skip165
\sidefootins=\insert195
\sidefootadjust=\skip166
\sidefootheight=\skip167
\sidefoothsep=\skip168
\sidefootvsep=\skip169
\sidefootwidth=\skip170
\m@mdownsf=\skip171
\c@sidefootnote=\count113
\sidefootmarkwidth=\skip172
\sidefootmarksep=\skip173
\sidefootparindent=\skip174
\c@pagenote=\count114
\c@pagenoteshadow=\count115
\mem@pn@lastkern=\skip175
\every@verbatim=\toks19
\afterevery@verbatim=\toks20
\verbatim@line=\toks21
\tab@position=\count116
\verbatim@in@stream=\read1
\verbatimindent=\skip176
\verbatim@out=\write3
\bvboxsep=\skip177
\c@memfbvline=\count117
\c@bvlinectr=\count118
\bvnumlength=\skip178
\fb@frw=\dimen143
\fb@frh=\dimen144
\FrameRule=\dimen145
\FrameSep=\dimen146
\c@cp@cntr=\count119
LaTeX Info: Redefining \: on input line 12100.
LaTeX Info: Redefining \! on input line 12102.
\c@ism@mctr=\count120
\c@xsm@mctr=\count121
\c@csm@mctr=\count122
\c@ksm@mctr=\count123
\c@xksm@mctr=\count124
\c@cksm@mctr=\count125
\c@msm@mctr=\count126
\c@xmsm@mctr=\count127
\c@cmsm@mctr=\count128
\c@bsm@mctr=\count129
\c@workm@mctr=\count130
\c@sheetsequence=\count131
\c@lastsheet=\count132
\c@lastpage=\count133
\c@figure=\count134
\c@lofdepth=\count135
\cftbeforefigureskip=\skip179
\cftfigureindent=\skip180
\cftfigurenumwidth=\skip181
\c@table=\count136
\c@lotdepth=\count137
\cftbeforetableskip=\skip182
\cfttableindent=\skip183
\cfttablenumwidth=\skip184
Package abstract [2008/07/23] emulated by memoir.
Package appendix [2008/07/23] emulated by memoir.
Package array [2016/10/06] emulated by memoir.
Package booktabs [2016/05/16] emulated by memoir.
Package ccaption [2008/07/23] emulated by memoir.
Package changepage [2008/07/23] emulated by memoir.
Package chngcntr [2008/07/23] emulated by memoir.
Package chngpage [2008/07/23] emulated by memoir.
Package crop emulated by memoir.
Package dcolumn [2008/07/23] emulated by memoir.
Package delarray [2014/10/28] emulated by memoir.
Package enumerate [2008/07/23] emulated by memoir.
Package epigraph [2008/07/23] emulated by memoir.
Package ifmtarg [2008/07/23] emulated by memoir.
Package index [2008/07/23] emulated by memoir.
Package makeidx [2008/07/23] emulated by memoir.
Package moreverb [2008/07/23] emulated by memoir.
Package mparhack [2008/07/23] emulated by memoir.
Package needspace [2008/07/23] emulated by memoir.
Package newfile [2008/07/23] emulated by memoir.
Package nextpage [2008/07/23] emulated by memoir.
Package pagenote [2008/07/23] emulated by memoir.
Package parskip [2008/07/23] emulated by memoir.
Package patchcmd [2008/07/23] emulated by memoir.
Package setspace [2008/07/23] emulated by memoir.
Package shortvrb [2008/07/23] emulated by memoir.
Package showidx [2008/07/23] emulated by memoir.
Package tabularx [2016/02/03] emulated by memoir.
Package titleref [2008/07/23] emulated by memoir.
Package titling [2008/07/23] emulated by memoir.
Package tocbibind [2008/07/23] emulated by memoir.
Package tocloft [2008/07/23] emulated by memoir.
Package tocvsec2 [2008/07/23] emulated by memoir.
Package verbatim [2008/07/23] emulated by memoir.
Package verse [2008/07/23] emulated by memoir.
)
(/usr/share/texlive/texmf-dist/tex/generic/babel/babel.sty
Package: babel 2018/06/05 3.22 The Babel package

(/usr/share/texlive/texmf-dist/tex/generic/babel/switch.def
File: switch.def 2018/06/05 3.22 Babel switching mechanism
)
(/usr/share/texlive/texmf-dist/tex/generic/babel-czech/czech.ldf
Language: czech 2008/07/06 v3.1a Czech support from the babel system

(/usr/share/texlive/texmf-dist/tex/generic/babel/babel.def
File: babel.def 2018/06/05 3.22 Babel common definitions
\babel@savecnt=\count138
\U@D=\dimen147

(/usr/share/texlive/texmf-dist/tex/generic/babel/txtbabel.def)
\bbl@dirlevel=\count139
)
Package babel Info: Making " an active character on input line 172.
\cs@wordlen=\count140
Package babel Info: Making - an active character on input line 226.
)
(/usr/share/texlive/texmf-dist/tex/generic/babel-english/english.ldf
Language: english 2017/06/06 v3.3r English support from the babel system
\l@canadian = a dialect from \language\l@american 
\l@australian = a dialect from \language\l@british 
\l@newzealand = a dialect from \language\l@british 
)
(/usr/share/texlive/texmf-dist/tex/generic/babel-english/english.ldf
Language: english 2017/06/06 v3.3r English support from the babel system
))
(/usr/share/texlive/texmf-dist/tex/latex/hyperref/hyperref.sty
Package: hyperref 2018/02/06 v6.86b Hypertext links for LaTeX

(/usr/share/texlive/texmf-dist/tex/generic/oberdiek/hobsub-hyperref.sty
Package: hobsub-hyperref 2016/05/16 v1.14 Bundle oberdiek, subset hyperref (HO)


(/usr/share/texlive/texmf-dist/tex/generic/oberdiek/hobsub-generic.sty
Package: hobsub-generic 2016/05/16 v1.14 Bundle oberdiek, subset generic (HO)
Package: hobsub 2016/05/16 v1.14 Construct package bundles (HO)
Package: infwarerr 2016/05/16 v1.4 Providing info/warning/error messages (HO)
Package: ltxcmds 2016/05/16 v1.23 LaTeX kernel commands for general use (HO)
Package hobsub Info: Skipping package `ifluatex' (already loaded).
Package: ifvtex 2016/05/16 v1.6 Detect VTeX and its facilities (HO)
Package ifvtex Info: VTeX not detected.
Package: intcalc 2016/05/16 v1.2 Expandable calculations with integers (HO)
Package hobsub Info: Skipping package `ifpdf' (already loaded).
Package: etexcmds 2016/05/16 v1.6 Avoid name clashes with e-TeX commands (HO)
Package: kvsetkeys 2016/05/16 v1.17 Key value parser (HO)
Package: kvdefinekeys 2016/05/16 v1.4 Define keys (HO)
Package: pdftexcmds 2018/01/30 v0.27 Utility functions of pdfTeX for LuaTeX (HO
)
Package pdftexcmds Info: LuaTeX not detected.
Package pdftexcmds Info: \pdf@primitive is available.
Package pdftexcmds Info: \pdf@ifprimitive is available.
Package pdftexcmds Info: \pdfdraftmode found.
Package: pdfescape 2016/05/16 v1.14 Implements pdfTeX's escape features (HO)
Package: bigintcalc 2016/05/16 v1.4 Expandable calculations on big integers (HO
)
Package: bitset 2016/05/16 v1.2 Handle bit-vector datatype (HO)
Package: uniquecounter 2016/05/16 v1.3 Provide unlimited unique counter (HO)
)
Package hobsub Info: Skipping package `hobsub' (already loaded).
Package: letltxmacro 2016/05/16 v1.5 Let assignment for LaTeX macros (HO)
Package: hopatch 2016/05/16 v1.3 Wrapper for package hooks (HO)
Package: xcolor-patch 2016/05/16 xcolor patch
Package: atveryend 2016/05/16 v1.9 Hooks at the very end of document (HO)
Package atveryend Info: \enddocument detected (standard20110627).
Package: atbegshi 2016/06/09 v1.18 At begin shipout hook (HO)
Package: refcount 2016/05/16 v3.5 Data extraction from label references (HO)
Package: hycolor 2016/05/16 v1.8 Color options for hyperref/bookmark (HO)
)
(/usr/share/texlive/texmf-dist/tex/latex/graphics/keyval.sty
Package: keyval 2014/10/28 v1.15 key=value parser (DPC)
\KV@toks@=\toks22
)
(/usr/share/texlive/texmf-dist/tex/latex/oberdiek/auxhook.sty
Package: auxhook 2016/05/16 v1.4 Hooks for auxiliary files (HO)
)
(/usr/share/texlive/texmf-dist/tex/latex/oberdiek/kvoptions.sty
Package: kvoptions 2016/05/16 v3.12 Key value format for package options (HO)
)
\@linkdim=\dimen148
\Hy@linkcounter=\count141
\Hy@pagecounter=\count142

(/usr/share/texlive/texmf-dist/tex/latex/hyperref/pd1enc.def
File: pd1enc.def 2018/02/06 v6.86b Hyperref: PDFDocEncoding definition (HO)
Now handling font encoding PD1 ...
... no UTF-8 mapping file for font encoding PD1
)
\Hy@SavedSpaceFactor=\count143

(/usr/share/texlive/texmf-dist/tex/latex/latexconfig/hyperref.cfg
File: hyperref.cfg 2002/06/06 v1.2 hyperref configuration of TeXLive
)
Package hyperref Info: Option `unicode' set `true' on input line 4383.

(/usr/share/texlive/texmf-dist/tex/latex/hyperref/puenc.def
File: puenc.def 2018/02/06 v6.86b Hyperref: PDF Unicode definition (HO)
Now handling font encoding PU ...
... no UTF-8 mapping file for font encoding PU
)
Package hyperref Info: Option `pdfusetitle' set `true' on input line 4383.
Package hyperref Info: Hyper figures OFF on input line 4509.
Package hyperref Info: Link nesting OFF on input line 4514.
Package hyperref Info: Hyper index ON on input line 4517.
Package hyperref Info: Plain pages OFF on input line 4524.
Package hyperref Info: Backreferencing OFF on input line 4529.
Package hyperref Info: Implicit mode ON; LaTeX internals redefined.
Package hyperref Info: Bookmarks ON on input line 4762.
\c@Hy@tempcnt=\count144

(/usr/share/texlive/texmf-dist/tex/latex/url/url.sty
\Urlmuskip=\muskip10
Package: url 2013/09/16  ver 3.4  Verb mode for urls, etc.
)
LaTeX Info: Redefining \url on input line 5115.
\XeTeXLinkMargin=\dimen149
\Fld@menulength=\count145
\Field@Width=\dimen150
\Fld@charsize=\dimen151
Package hyperref Info: Hyper figures OFF on input line 6369.
Package hyperref Info: Link nesting OFF on input line 6374.
Package hyperref Info: Hyper index ON on input line 6377.
Package hyperref Info: backreferencing OFF on input line 6384.
Package hyperref Info: Link coloring OFF on input line 6389.
Package hyperref Info: Link coloring with OCG OFF on input line 6394.
Package hyperref Info: PDF/A mode OFF on input line 6399.
LaTeX Info: Redefining \ref on input line 6439.
LaTeX Info: Redefining \pageref on input line 6443.
\Hy@abspage=\count146
\c@Item=\count147
\c@Hfootnote=\count148
)
(/usr/share/texlive/texmf-dist/tex/latex/memoir/memhfixc.sty
Package: memhfixc 2013/05/30 v1.17 nameref/hyperref package fixes for memoir cl
ass
\c@memhycontfloat=\count149
\c@Hpagenote=\count150
)
Package hyperref Info: Driver (autodetected): hpdftex.

(/usr/share/texlive/texmf-dist/tex/latex/hyperref/hpdftex.def
File: hpdftex.def 2018/02/06 v6.86b Hyperref driver for pdfTeX
\Fld@listcount=\count151
\c@bookmark@seq@number=\count152

(/usr/share/texlive/texmf-dist/tex/latex/oberdiek/rerunfilecheck.sty
Package: rerunfilecheck 2016/05/16 v1.8 Rerun checks for auxiliary files (HO)
Package uniquecounter Info: New unique counter `rerunfilecheck' on input line 2
82.
)
\Hy@SectionHShift=\skip185
)
(/usr/share/texlive/texmf-dist/tex/latex/ellipsis/ellipsis.sty
Package: ellipsis 2004/9/28 v1.6 ellipsis: fixes spacing around \protect \globa
l \let \OT1\textellipsis .\kern \fontdimen 3\font .\kern \fontdimen 3\font .\ke
rn \fontdimen 3\font \OT1\textellipsis 

(/usr/share/texlive/texmf-dist/tex/latex/tools/xspace.sty
Package: xspace 2014/10/28 v1.13 Space after command names (DPC,MH)
))
(/usr/share/texmf/tex/latex/lm/lmodern.sty
Package: lmodern 2009/10/30 v1.6 Latin Modern Fonts
LaTeX Font Info:    Overwriting symbol font `operators' in version `normal'
(Font)                  OT1/cmr/m/n --> OT1/lmr/m/n on input line 22.
LaTeX Font Info:    Overwriting symbol font `letters' in version `normal'
(Font)                  OML/cmm/m/it --> OML/lmm/m/it on input line 23.
LaTeX Font Info:    Overwriting symbol font `symbols' in version `normal'
(Font)                  OMS/cmsy/m/n --> OMS/lmsy/m/n on input line 24.
LaTeX Font Info:    Overwriting symbol font `largesymbols' in version `normal'
(Font)                  OMX/cmex/m/n --> OMX/lmex/m/n on input line 25.
LaTeX Font Info:    Overwriting symbol font `operators' in version `bold'
(Font)                  OT1/cmr/bx/n --> OT1/lmr/bx/n on input line 26.
LaTeX Font Info:    Overwriting symbol font `letters' in version `bold'
(Font)                  OML/cmm/b/it --> OML/lmm/b/it on input line 27.
LaTeX Font Info:    Overwriting symbol font `symbols' in version `bold'
(Font)                  OMS/cmsy/b/n --> OMS/lmsy/b/n on input line 28.
LaTeX Font Info:    Overwriting symbol font `largesymbols' in version `bold'
(Font)                  OMX/cmex/m/n --> OMX/lmex/m/n on input line 29.
LaTeX Font Info:    Overwriting math alphabet `\mathbf' in version `normal'
(Font)                  OT1/cmr/bx/n --> OT1/lmr/bx/n on input line 31.
LaTeX Font Info:    Overwriting math alphabet `\mathsf' in version `normal'
(Font)                  OT1/cmss/m/n --> OT1/lmss/m/n on input line 32.
LaTeX Font Info:    Overwriting math alphabet `\mathit' in version `normal'
(Font)                  OT1/cmr/m/it --> OT1/lmr/m/it on input line 33.
LaTeX Font Info:    Overwriting math alphabet `\mathtt' in version `normal'
(Font)                  OT1/cmtt/m/n --> OT1/lmtt/m/n on input line 34.
LaTeX Font Info:    Overwriting math alphabet `\mathbf' in version `bold'
(Font)                  OT1/cmr/bx/n --> OT1/lmr/bx/n on input line 35.
LaTeX Font Info:    Overwriting math alphabet `\mathsf' in version `bold'
(Font)                  OT1/cmss/bx/n --> OT1/lmss/bx/n on input line 36.
LaTeX Font Info:    Overwriting math alphabet `\mathit' in version `bold'
(Font)                  OT1/cmr/bx/it --> OT1/lmr/bx/it on input line 37.
LaTeX Font Info:    Overwriting math alphabet `\mathtt' in version `bold'
(Font)                  OT1/cmtt/m/n --> OT1/lmtt/m/n on input line 38.
)
(/usr/share/texlive/texmf-dist/tex/latex/graphics/graphicx.sty
Package: graphicx 2017/06/01 v1.1a Enhanced LaTeX Graphics (DPC,SPQR)

(/usr/share/texlive/texmf-dist/tex/latex/graphics/graphics.sty
Package: graphics 2017/06/25 v1.2c Standard LaTeX Graphics (DPC,SPQR)

(/usr/share/texlive/texmf-dist/tex/latex/graphics/trig.sty
Package: trig 2016/01/03 v1.10 sin cos tan (DPC)
)
(/usr/share/texlive/texmf-dist/tex/latex/graphics-cfg/graphics.cfg
File: graphics.cfg 2016/06/04 v1.11 sample graphics configuration
)
Package graphics Info: Driver file: pdftex.def on input line 99.

(/usr/share/texlive/texmf-dist/tex/latex/graphics-def/pdftex.def
File: pdftex.def 2018/01/08 v1.0l Graphics/color driver for pdftex
))
\Gin@req@height=\dimen152
\Gin@req@width=\dimen153
)
(/usr/share/texlive/texmf-dist/tex/latex/etoolbox/etoolbox.sty
Package: etoolbox 2018/08/19 v2.5f e-TeX tools for LaTeX (JAW)
\etb@tempcnta=\count153
)

******************************************************
Stock height and width: 845.04684pt by 597.50787pt
Top and edge trims: 0pt and 0pt
Page height and width: 845.04684pt by 597.50787pt
Text height and width: 595.80026pt by 369pt
Spine and edge margins: 113.81102pt and 114.69685pt
Upper and lower margins: 126.74379pt and 122.50279pt
Headheight and headsep: 13.6pt and 19.8738pt
Footskip: 27.46295pt
Columnsep and columnseprule: 10pt and 0pt
Marginparsep and marginparwidth: 7pt and 100.69685pt
Sidecapsep and sidecapwidth: 7pt and 101pt
Sidebarhsep and sidebarwidth: 7pt and 101pt
Sidebarvsep and sidebartopsep: 13.6pt and 0pt
Sidebarheight: 594.32022pt
Sidefoothsep and sidefootwidth: 7pt and 101pt
Sidefootvsep and sidefootheight: 13.6pt and 594.32022pt
******************************************************

) (/usr/share/texlive/texmf-dist/tex/latex/base/inputenc.sty
Package: inputenc 2018/04/06 v1.3b Input encoding file
\inpenc@prehook=\toks23
\inpenc@posthook=\toks24
)
(/usr/share/texlive/texmf-dist/tex/generic/dirtree/dirtree.sty
Package: dirtree 2012/12/11 v0.32 package wrapper for dirtree

(/usr/share/texlive/texmf-dist/tex/generic/dirtree/dirtree.tex
`dirtree' v0.32, 2012/12/11 (jcc)
\DT@offset=\dimen154
\DT@width=\dimen155
\DT@sep=\dimen156
\DT@all=\dimen157
\DT@rulewidth=\dimen158
\DT@dotwidth=\dimen159
\DTbaselineskip=\dimen160
\DT@counti=\count154
\DT@countii=\count155
\DT@countiii=\count156
\DT@countiv=\count157
\DT@indent=\dimen161
\DT@parskip=\dimen162
\DT@baselineskip=\dimen163
)
File: dirtree.tex 2012/12/11 v0.32 `dirtree' (jcc)
)
(/usr/share/texlive/texmf-dist/tex/latex/amsmath/amsmath.sty
Package: amsmath 2017/09/02 v2.17a AMS math features
\@mathmargin=\skip186

For additional information on amsmath, use the `?' option.
(/usr/share/texlive/texmf-dist/tex/latex/amsmath/amstext.sty
Package: amstext 2000/06/29 v2.01 AMS text

(/usr/share/texlive/texmf-dist/tex/latex/amsmath/amsgen.sty
File: amsgen.sty 1999/11/30 v2.0 generic functions
\@emptytoks=\toks25
\ex@=\dimen164
))
(/usr/share/texlive/texmf-dist/tex/latex/amsmath/amsbsy.sty
Package: amsbsy 1999/11/29 v1.2d Bold Symbols
\pmbraise@=\dimen165
)
(/usr/share/texlive/texmf-dist/tex/latex/amsmath/amsopn.sty
Package: amsopn 2016/03/08 v2.02 operator names
)
\inf@bad=\count158
LaTeX Info: Redefining \frac on input line 213.
\uproot@=\count159
\leftroot@=\count160
LaTeX Info: Redefining \overline on input line 375.
\classnum@=\count161
\DOTSCASE@=\count162
LaTeX Info: Redefining \ldots on input line 472.
LaTeX Info: Redefining \dots on input line 475.
LaTeX Info: Redefining \cdots on input line 596.
\Mathstrutbox@=\box29
\strutbox@=\box30
\big@size=\dimen166
LaTeX Font Info:    Redeclaring font encoding OML on input line 712.
LaTeX Font Info:    Redeclaring font encoding OMS on input line 713.
\macc@depth=\count163
\c@MaxMatrixCols=\count164
\dotsspace@=\muskip11
\c@parentequation=\count165
\dspbrk@lvl=\count166
\tag@help=\toks26
\row@=\count167
\column@=\count168
\maxfields@=\count169
\andhelp@=\toks27
\eqnshift@=\dimen167
\alignsep@=\dimen168
\tagshift@=\dimen169
\tagwidth@=\dimen170
\totwidth@=\dimen171
\lineht@=\dimen172
\@envbody=\toks28
\multlinegap=\skip187
\multlinetaggap=\skip188
\mathdisplay@stack=\toks29
LaTeX Info: Redefining \[ on input line 2817.
LaTeX Info: Redefining \] on input line 2818.
)
(/usr/share/texlive/texmf-dist/tex/latex/algorithms/algorithm.sty
Package: algorithm 2009/08/24 v0.1 Document Style `algorithm' - floating enviro
nment

(/usr/share/texlive/texmf-dist/tex/latex/float/float.sty
Package: float 2001/11/08 v1.3d Float enhancements (AL)
\c@float@type=\count170
\float@exts=\toks30
\float@box=\box31
\@float@everytoks=\toks31
\@floatcapt=\box32
)
(/usr/share/texlive/texmf-dist/tex/latex/base/ifthen.sty
Package: ifthen 2014/09/29 v1.1c Standard LaTeX ifthen package (DPC)
)
\@float@every@algorithm=\toks32
\c@algorithm=\count171
)
(/usr/share/texlive/texmf-dist/tex/latex/algorithms/algorithmic.sty
Package: algorithmic 2009/08/24 v0.1 Document Style `algorithmic'
\c@ALC@unique=\count172
\c@ALC@line=\count173
\c@ALC@rem=\count174
\c@ALC@depth=\count175
\ALC@tlm=\skip189
\algorithmicindent=\skip190
)
(/usr/share/texlive/texmf-dist/tex/latex/listings/listings.sty
\lst@mode=\count176
\lst@gtempboxa=\box33
\lst@token=\toks33
\lst@length=\count177
\lst@currlwidth=\dimen173
\lst@column=\count178
\lst@pos=\count179
\lst@lostspace=\dimen174
\lst@width=\dimen175
\lst@newlines=\count180
\lst@lineno=\count181
\lst@maxwidth=\dimen176

(/usr/share/texlive/texmf-dist/tex/latex/listings/lstmisc.sty
File: lstmisc.sty 2015/06/04 1.6 (Carsten Heinz)
\c@lstnumber=\count182
\lst@skipnumbers=\count183
\lst@framebox=\box34
)
(/usr/share/texlive/texmf-dist/tex/latex/listings/listings.cfg
File: listings.cfg 2015/06/04 1.6 listings configuration
))
Package: listings 2015/06/04 1.6 (Carsten Heinz)

(/usr/share/texlive/texmf-dist/tex/latex/adjustbox/adjustbox.sty
Package: adjustbox 2018/04/08 v1.1 Adjusting TeX boxes (trim, clip, ...)

(/usr/share/texlive/texmf-dist/tex/latex/xkeyval/xkeyval.sty
Package: xkeyval 2014/12/03 v2.7a package option processing (HA)

(/usr/share/texlive/texmf-dist/tex/generic/xkeyval/xkeyval.tex
(/usr/share/texlive/texmf-dist/tex/generic/xkeyval/xkvutils.tex
\XKV@toks=\toks34
\XKV@tempa@toks=\toks35
)
\XKV@depth=\count184
File: xkeyval.tex 2014/12/03 v2.7a key=value parser (HA)
))
(/usr/share/texlive/texmf-dist/tex/latex/adjustbox/adjcalc.sty
Package: adjcalc 2012/05/16 v1.1 Provides advanced setlength with multiple back
-ends (calc, etex, pgfmath)
)
(/usr/share/texlive/texmf-dist/tex/latex/adjustbox/trimclip.sty
Package: trimclip 2018/04/08 v1.1 Trim and clip general TeX material

(/usr/share/texlive/texmf-dist/tex/latex/collectbox/collectbox.sty
Package: collectbox 2012/05/17 v0.4b Collect macro arguments as boxes
\collectedbox=\box35
)
\tc@llx=\dimen177
\tc@lly=\dimen178
\tc@urx=\dimen179
\tc@ury=\dimen180
Package trimclip Info: Using driver 'tc-pdftex.def'.

(/usr/share/texlive/texmf-dist/tex/latex/adjustbox/tc-pdftex.def
File: tc-pdftex.def 2018/04/08 v2.1 Clipping driver for pdftex
))
\adjbox@Width=\dimen181
\adjbox@Height=\dimen182
\adjbox@Depth=\dimen183
\adjbox@Totalheight=\dimen184
\adjbox@pwidth=\dimen185
\adjbox@pheight=\dimen186
\adjbox@pdepth=\dimen187
\adjbox@ptotalheight=\dimen188

(/usr/share/texlive/texmf-dist/tex/latex/ifoddpage/ifoddpage.sty
Package: ifoddpage 2016/04/23 v1.1 Conditionals for odd/even page detection
\c@checkoddpage=\count185
LaTeX Info: Redefining \checkoddpage on input line 45.
)
(/usr/share/texlive/texmf-dist/tex/latex/varwidth/varwidth.sty
Package: varwidth 2009/03/30 ver 0.92;  Variable-width minipages
\@vwid@box=\box36
\sift@deathcycles=\count186
\@vwid@loff=\dimen189
\@vwid@roff=\dimen190
))
(./DP_Priklad.aux

LaTeX Warning: Label `fig:float24' multiply defined.

)
\openout1 = `DP_Priklad.aux'.

LaTeX Font Info:    Checking defaults for OML/cmm/m/it on input line 56.
LaTeX Font Info:    ... okay on input line 56.
LaTeX Font Info:    Checking defaults for T1/cmr/m/n on input line 56.
LaTeX Font Info:    ... okay on input line 56.
LaTeX Font Info:    Checking defaults for OT1/cmr/m/n on input line 56.
LaTeX Font Info:    ... okay on input line 56.
LaTeX Font Info:    Checking defaults for OMS/cmsy/m/n on input line 56.
LaTeX Font Info:    ... okay on input line 56.
LaTeX Font Info:    Checking defaults for OMX/cmex/m/n on input line 56.
LaTeX Font Info:    ... okay on input line 56.
LaTeX Font Info:    Checking defaults for U/cmr/m/n on input line 56.
LaTeX Font Info:    ... okay on input line 56.
LaTeX Font Info:    Checking defaults for PD1/pdf/m/n on input line 56.
LaTeX Font Info:    ... okay on input line 56.
LaTeX Font Info:    Checking defaults for PU/pdf/m/n on input line 56.
LaTeX Font Info:    ... okay on input line 56.
LaTeX Font Info:    Try loading font information for OT1+lmr on input line 56.
 (/usr/share/texmf/tex/latex/lm/ot1lmr.fd
File: ot1lmr.fd 2009/10/30 v1.6 Font defs for Latin Modern
)
\AtBeginShipoutBox=\box37
Package hyperref Info: Link coloring OFF on input line 56.

(/usr/share/texlive/texmf-dist/tex/latex/hyperref/nameref.sty
Package: nameref 2016/05/21 v2.44 Cross-referencing by name of section

(/usr/share/texlive/texmf-dist/tex/generic/oberdiek/gettitlestring.sty
Package: gettitlestring 2016/05/16 v1.5 Cleanup title references (HO)
)
\c@section@level=\count187
)
Redoing nameref's sectioning
Redoing nameref's label
LaTeX Info: Redefining \nameref on input line 56.
LaTeX Info: Redefining \ref on input line 56.
LaTeX Info: Redefining \pageref on input line 56.
LaTeX Info: Redefining \nameref on input line 56.
(./DP_Priklad.out) (./DP_Priklad.out)
\@outlinefile=\write4
\openout4 = `DP_Priklad.out'.

LaTeX Info: Redefining \dots on input line 56.

(/usr/share/texlive/texmf-dist/tex/context/base/mkii/supp-pdf.mkii
[Loading MPS to PDF converter (version 2006.09.02).]
\scratchcounter=\count188
\scratchdimen=\dimen191
\scratchbox=\box38
\nofMPsegments=\count189
\nofMParguments=\count190
\everyMPshowfont=\toks36
\MPscratchCnt=\count191
\MPscratchDim=\dimen192
\MPnumerator=\count192
\makeMPintoPDFobject=\count193
\everyMPtoPDFconversion=\toks37
) (/usr/share/texlive/texmf-dist/tex/latex/oberdiek/epstopdf-base.sty
Package: epstopdf-base 2016/05/15 v2.6 Base part for package epstopdf

(/usr/share/texlive/texmf-dist/tex/latex/oberdiek/grfext.sty
Package: grfext 2016/05/16 v1.2 Manage graphics extensions (HO)
)
Package epstopdf-base Info: Redefining graphics rule for `.eps' on input line 4
38.
Package grfext Info: Graphics extension search list:
(grfext)             [.pdf,.png,.jpg,.mps,.jpeg,.jbig2,.jb2,.PDF,.PNG,.JPG,.JPE
G,.JBIG2,.JB2,.eps]
(grfext)             \AppendGraphicsExtensions on input line 456.

(/usr/share/texlive/texmf-dist/tex/latex/latexconfig/epstopdf-sys.cfg
File: epstopdf-sys.cfg 2010/07/13 v1.3 Configuration of (r)epstopdf for TeX Liv
e
))
\c@lstlisting=\count194

[1

{/var/lib/texmf/fonts/map/pdftex/updmap/pdftex.map}] [2

]
<cvut-logo-bw-en.pdf, id=556, 591.64943pt x 193.23091pt>
File: cvut-logo-bw-en.pdf Graphic file (type pdf)
<use cvut-logo-bw-en.pdf>
Package pdftex.def Info: cvut-logo-bw-en.pdf  used on input line 56.
(pdftex.def)             Requested size: 184.5pt x 60.25772pt.
 [1

 <./cvut-logo-bw-en.pdf>] [2

]

LaTeX Font Warning: Font shape `OT1/lmr/bx/sc' undefined
(Font)              using `OT1/lmr/bx/n' instead on input line 56.

LaTeX Font Info:    Try loading font information for OT1+lmss on input line 56.

(/usr/share/texmf/tex/latex/lm/ot1lmss.fd
File: ot1lmss.fd 2009/10/30 v1.6 Font defs for Latin Modern
)

LaTeX Font Warning: Font shape `OT1/lmss/bx/sc' undefined
(Font)              using `OT1/lmss/bx/n' instead on input line 56.

[3

] [4

] [5]
LaTeX Font Info:    Try loading font information for OMS+lmr on input line 56.
 (/usr/share/texmf/tex/latex/lm/omslmr.fd
File: omslmr.fd 2009/10/30 v1.6 Font defs for Latin Modern
)
LaTeX Font Info:    Try loading font information for OMS+lmsy on input line 56.


(/usr/share/texmf/tex/latex/lm/omslmsy.fd
File: omslmsy.fd 2009/10/30 v1.6 Font defs for Latin Modern
)
LaTeX Font Info:    Font shape `OMS/lmr/m/n' in size <10.95> not available
(Font)              Font shape `OMS/lmsy/m/n' tried instead on input line 56.
LaTeX Font Info:    Try loading font information for OML+lmm on input line 56.

(/usr/share/texmf/tex/latex/lm/omllmm.fd
File: omllmm.fd 2009/10/30 v1.6 Font defs for Latin Modern
)
LaTeX Font Info:    Try loading font information for OMX+lmex on input line 56.


(/usr/share/texmf/tex/latex/lm/omxlmex.fd
File: omxlmex.fd 2009/10/30 v1.6 Font defs for Latin Modern
)
LaTeX Font Info:    External font `lmex10' loaded for size
(Font)              <10.95> on input line 56.
LaTeX Font Info:    External font `lmex10' loaded for size
(Font)              <8> on input line 56.
LaTeX Font Info:    External font `lmex10' loaded for size
(Font)              <6> on input line 56.
LaTeX Font Info:    Try loading font information for OT1+lmtt on input line 56.


(/usr/share/texmf/tex/latex/lm/ot1lmtt.fd
File: ot1lmtt.fd 2009/10/30 v1.6 Font defs for Latin Modern
) [6

]
Overfull \hbox (23.04166pt too wide) in paragraph at lines 56--56
\OT1/lmr/m/n/10.95 Tato pr^^Sace je v^^Tenov^^Sana vy-tvo^^Tren^^S^^P vi-zu-a-l
iza^^Tcn^^S^^Pho n^^Sastroje za ^^Su^^Tcelem zprost^^Tredkov^^San^^S^^P
 []

[7

] [8

] (./DP_Priklad.toc [9] [10]
Overfull \hbox (0.94441pt too wide) in paragraph at lines 94--94
 [][] [][]\OT1/lmr/bx/n/10.95 The MAPF-R vi-su-al-iza-tion tool - Con-tin-u-ous
Viz - user man- 
 []

[11]
Overfull \hbox (6.91882pt too wide) in paragraph at lines 135--135
 [][] [][]\OT1/lmr/m/n/10.95 MAPF-R vi-su-al-iza-tion tool prac-ti-cal ap-pli-c
a-tions in ware- 
 []

) [12] (./DP_Priklad.lof [13

]) [14] [15] [16

] (./DP_Priklad.lot) [17] [18

]
Underfull \vbox (badness 1881) has occurred while \output is active []

pdfTeX warning (ext4): destination with the same identifier (name{page.1}) has 
been already used, duplicate ignored
<to be read again> 
                   \relax 
l.66 
      [1

]pdfTeX warning (ext4): destination with the same identifier (name{page.2}) has
 been already used, duplicate ignored
<to be read again> 
                   \relax 
l.69 \chapter
             {Understanding of MAPF-R problem and its visual analysis} [2]
Overfull \hbox (1.56465pt too wide) in paragraph at lines 84--87
\OT1/lmr/m/n/10.95 Multi-Agent Pathfind-ing prob-lem deals with plan-ning paths
 for mul-ti-ple agents
 []

[3

] [4] [5]
Package hyperref Info: bookmark level for unknown algorithm defaults to 0 on in
put line 125.
 [6] [7]
<binary_CT.png, id=989, 767.86874pt x 268.00125pt>
File: binary_CT.png Graphic file (type png)
<use binary_CT.png>
Package pdftex.def Info: binary_CT.png  used on input line 171.
(pdftex.def)             Requested size: 383.93343pt x 134.00029pt.

Overfull \hbox (14.93343pt too wide) in paragraph at lines 171--172
 [][] 
 []

<collisionEvent.png, id=991, 586.19pt x 544.0325pt>
File: collisionEvent.png Graphic file (type png)
<use collisionEvent.png>
Package pdftex.def Info: collisionEvent.png  used on input line 176.
(pdftex.def)             Requested size: 205.16957pt x 190.41423pt.
<MAPF-R.png, id=992, 459.7175pt x 291.0875pt>
File: MAPF-R.png Graphic file (type png)
<use MAPF-R.png>
Package pdftex.def Info: MAPF-R.png  used on input line 182.
(pdftex.def)             Requested size: 229.85818pt x 145.54338pt.
<MAPF-R2.png, id=993, 409.53pt x 282.05376pt>
File: MAPF-R2.png Graphic file (type png)
<use MAPF-R2.png>
Package pdftex.def Info: MAPF-R2.png  used on input line 189.
(pdftex.def)             Requested size: 204.7645pt x 141.02652pt.
<model1.jpg, id=995, 569.12625pt x 312.16624pt>
File: model1.jpg Graphic file (type jpg)
<use model1.jpg>
Package pdftex.def Info: model1.jpg  used on input line 200.
(pdftex.def)             Requested size: 284.56242pt x 156.08273pt.
[8pdfTeX warning (ext4): destination with the same identifier (name{figure.1.1}
) has been already used, duplicate ignored

\AtBegShi@Output ...ipout \box \AtBeginShipoutBox 
                                                  \fi \fi 
l.202 \end{figure}
                  pdfTeX warning (ext4): destination with the same identifier (
name{figure.1.2}) has been already used, duplicate ignored

\AtBegShi@Output ...ipout \box \AtBeginShipoutBox 
                                                  \fi \fi 
l.202 \end{figure}
                   <./binary_CT.png> <./collisionEvent.png>] [9pdfTeX warning (
ext4): destination with the same identifier (name{figure.1.3}) has been already
 used, duplicate ignored

\AtBegShi@Output ...ipout \box \AtBeginShipoutBox 
                                                  \fi \fi 
l.216 	\item
             user intentionpdfTeX warning (ext4): destination with the same ide
ntifier (name{figure.1.4}) has been already used, duplicate ignored

\AtBegShi@Output ...ipout \box \AtBeginShipoutBox 
                                                  \fi \fi 
l.216 	\item
             user intention <./MAPF-R.png> <./MAPF-R2.png>]
<visualgraphrepresentation.png, id=1010, 770.88pt x 578.16pt>
File: visualgraphrepresentation.png Graphic file (type png)
<use visualgraphrepresentation.png>
Package pdftex.def Info: visualgraphrepresentation.png  used on input line 224.

(pdftex.def)             Requested size: 192.71953pt x 144.53964pt.
 [10pdfTeX warning (ext4): destination with the same identifier (name{figure.1.
5}) has been already used, duplicate ignored

\AtBegShi@Output ...ipout \box \AtBeginShipoutBox 
                                                  \fi \fi 
l.231 
      pdfTeX warning (ext4): destination with the same identifier (name{figure.
1.6}) has been already used, duplicate ignored

\AtBegShi@Output ...ipout \box \AtBeginShipoutBox 
                                                  \fi \fi 
l.231 
       <./model1.jpg> <./visualgraphrepresentation.png>] [11] [12]
Underfull \vbox (badness 10000) has occurred while \output is active []

 [13

]

Class memoir Warning: The material used in the headers is too large
(27.2pt) for the given head height (13.6pt), it is recommended to
either increase the head height or redesign the header
(in both cases you will find help in the memoir manual). on input line 290.


Overfull \vbox (13.59999pt too high) has occurred while \output is active []


[14] [15]
<Tests/testmap1.jpg, id=1040, 753.81625pt x 675.52374pt>
File: Tests/testmap1.jpg Graphic file (type jpg)
<use Tests/testmap1.jpg>
Package pdftex.def Info: Tests/testmap1.jpg  used on input line 312.
(pdftex.def)             Requested size: 226.14662pt x 202.65868pt.
<Tests/testagent1.jpg, id=1042, 652.4375pt x 675.52374pt>
File: Tests/testagent1.jpg Graphic file (type jpg)
<use Tests/testagent1.jpg>
Package pdftex.def Info: Tests/testagent1.jpg  used on input line 319.
(pdftex.def)             Requested size: 195.73276pt x 202.65868pt.

Overfull \vbox (13.59999pt too high) has occurred while \output is active []


[16pdfTeX warning (ext4): destination with the same identifier (name{figure.2.1
}) has been already used, duplicate ignored

\AtBegShi@Output ...ipout \box \AtBeginShipoutBox 
                                                  \fi \fi 
l.325 
      pdfTeX warning (ext4): destination with the same identifier (name{figure.
2.2}) has been already used, duplicate ignored

\AtBegShi@Output ...ipout \box \AtBeginShipoutBox 
                                                  \fi \fi 
l.325 
       <./Tests/testmap1.jpg> <./Tests/testagent1.jpg>]
<Tests/testsolution1.jpg, id=1048, 429.605pt x 611.28375pt>
File: Tests/testsolution1.jpg Graphic file (type jpg)
<use Tests/testsolution1.jpg>
Package pdftex.def Info: Tests/testsolution1.jpg  used on input line 327.
(pdftex.def)             Requested size: 150.364pt x 213.95251pt.
 [17pdfTeX warning (ext4): destination with the same identifier (name{figure.2.
3}) has been already used, duplicate ignored

\AtBegShi@Output ...ipout \box \AtBeginShipoutBox 
                                                  \fi \fi 
l.345 
       <./Tests/testsolution1.jpg>]
<Architecture.png, id=1055, 963.6pt x 311.1625pt>
File: Architecture.png Graphic file (type png)
<use Architecture.png>
Package pdftex.def Info: Architecture.png  used on input line 357.
(pdftex.def)             Requested size: 385.43317pt x 124.46278pt.

Overfull \hbox (16.43317pt too wide) in paragraph at lines 357--358
[][]
 []


Underfull \vbox (badness 10000) has occurred while \output is active []


Overfull \vbox (13.59999pt too high) has occurred while \output is active []


[18pdfTeX warning (ext4): destination with the same identifier (name{figure.2.4
}) has been already used, duplicate ignored

\AtBegShi@Output ...ipout \box \AtBeginShipoutBox 
                                                  \fi \fi 
l.367 \subsection
                 {Business logic module} <./Architecture.png (PNG copy)>]
<BusinessLogic.png, id=1061, 772.8875pt x 411.5375pt>
File: BusinessLogic.png Graphic file (type png)
<use BusinessLogic.png>
Package pdftex.def Info: BusinessLogic.png  used on input line 373.
(pdftex.def)             Requested size: 309.14952pt x 164.61208pt.

Overfull \hbox (3.64702pt too wide) in paragraph at lines 379--380
\OT1/lmr/m/n/10.95 GUI mod-ule ac-cu-mu-lates com-po-nents, that con-trols def-
fer-ent lay-outs of graphic
 []

[19pdfTeX warning (ext4): destination with the same identifier (name{figure.2.5
}) has been already used, duplicate ignored

\AtBegShi@Output ...ipout \box \AtBeginShipoutBox 
                                                  \fi \fi 
l.380 
       <./BusinessLogic.png (PNG copy)>]
<GUIModuleComponents.png, id=1067, 542.025pt x 271.0125pt>
File: GUIModuleComponents.png Graphic file (type png)
<use GUIModuleComponents.png>
Package pdftex.def Info: GUIModuleComponents.png  used on input line 382.
(pdftex.def)             Requested size: 216.80615pt x 108.40306pt.

Overfull \hbox (4.75067pt too wide) in paragraph at lines 388--389
\OT1/lmr/m/n/10.95 Statistics mod-ule con-tains com-po-nents, that gen-er-ate s
ta-tis-ti-cal data[]2.7[]. Move-
 []

<StatisticsModuleComponent.png, id=1069, 993.7125pt x 351.3125pt>
File: StatisticsModuleComponent.png Graphic file (type png)
<use StatisticsModuleComponent.png>
Package pdftex.def Info: StatisticsModuleComponent.png  used on input line 391.

(pdftex.def)             Requested size: 397.47795pt x 140.5225pt.

Overfull \hbox (28.47795pt too wide) in paragraph at lines 391--392
[][]
 []


Underfull \vbox (badness 1867) has occurred while \output is active []


Overfull \vbox (13.59999pt too high) has occurred while \output is active []


[20pdfTeX warning (ext4): destination with the same identifier (name{figure.2.6
}) has been already used, duplicate ignored

\AtBegShi@Output ...ipout \box \AtBeginShipoutBox 
                                                  \fi \fi 
l.399 
       <./GUIModuleComponents.png (PNG copy)>]
<Visualization.png, id=1075, 782.925pt x 80.3pt>
File: Visualization.png Graphic file (type png)
<use Visualization.png>
Package pdftex.def Info: Visualization.png  used on input line 401.
(pdftex.def)             Requested size: 313.16446pt x 32.11942pt.
<DAO.png, id=1077, 531.9875pt x 90.3375pt>
File: DAO.png Graphic file (type png)
<use DAO.png>
Package pdftex.def Info: DAO.png  used on input line 411.
(pdftex.def)             Requested size: 212.79123pt x 36.13435pt.

Underfull \vbox (badness 1990) has occurred while \output is active []

 [21pdfTeX warning (ext4): destination with the same identifier (name{figure.2.
7}) has been already used, duplicate ignored

\AtBegShi@Output ...ipout \box \AtBeginShipoutBox 
                                                  \fi \fi 
l.422 
      pdfTeX warning (ext4): destination with the same identifier (name{figure.
2.8}) has been already used, duplicate ignored

\AtBegShi@Output ...ipout \box \AtBeginShipoutBox 
                                                  \fi \fi 
l.422 
      pdfTeX warning (ext4): destination with the same identifier (name{figure.
2.9}) has been already used, duplicate ignored

\AtBegShi@Output ...ipout \box \AtBeginShipoutBox 
                                                  \fi \fi 
l.422 
       <./StatisticsModuleComponent.png (PNG copy)> <./Visualization.png (PNG c
opy)> <./DAO.png (PNG copy)>]
<Tests/testagent2.jpg, id=1085, 652.4375pt x 671.50874pt>
File: Tests/testagent2.jpg Graphic file (type jpg)
<use Tests/testagent2.jpg>
Package pdftex.def Info: Tests/testagent2.jpg  used on input line 428.
(pdftex.def)             Requested size: 293.59416pt x 302.17615pt.
<Tests/testagent4.jpg, id=1086, 657.45625pt x 670.505pt>
File: Tests/testagent4.jpg Graphic file (type jpg)
<use Tests/testagent4.jpg>
Package pdftex.def Info: Tests/testagent4.jpg  used on input line 433.
(pdftex.def)             Requested size: 262.97784pt x 268.19725pt.

Overfull \vbox (13.59999pt too high) has occurred while \output is active []


[22pdfTeX warning (ext4): destination with the same identifier (name{figure.2.1
0}) has been already used, duplicate ignored

\AtBegShi@Output ...ipout \box \AtBeginShipoutBox 
                                                  \fi \fi 
l.441 
       <./Tests/testagent2.jpg>]
<Tests/testmap2.jpg, id=1092, 621.32124pt x 361.35pt>
File: Tests/testmap2.jpg Graphic file (type jpg)
<use Tests/testmap2.jpg>
Package pdftex.def Info: Tests/testmap2.jpg  used on input line 443.
(pdftex.def)             Requested size: 248.5241pt x 144.53743pt.

Underfull \vbox (badness 6542) has occurred while \output is active []

 [23pdfTeX warning (ext4): destination with the same identifier (name{figure.2.
11}) has been already used, duplicate ignored

\AtBegShi@Output ...ipout \box \AtBeginShipoutBox 
                                                  \fi \fi 
l.451 
      pdfTeX warning (ext4): destination with the same identifier (name{figure.
2.12}) has been already used, duplicate ignored

\AtBegShi@Output ...ipout \box \AtBeginShipoutBox 
                                                  \fi \fi 
l.451 
       <./Tests/testagent4.jpg> <./Tests/testmap2.jpg>]
Overfull \vbox (13.59999pt too high) has occurred while \output is active []


[24]
Overfull \hbox (4.46983pt too wide) in paragraph at lines 470--471
\OT1/lmr/m/n/10.95 General re-quire-ments for the MAPF-R vi-su-al-iza-tion tool
 Con-tin-u-ousViz project
 []

(/usr/share/texlive/texmf-dist/tex/latex/listings/lstlang1.sty
File: lstlang1.sty 2015/06/04 1.6 listings language file
)
(/usr/share/texlive/texmf-dist/tex/latex/listings/lstlang1.sty
File: lstlang1.sty 2015/06/04 1.6 listings language file
) [25

]
Overfull \hbox (18.63313pt too wide) in paragraph at lines 488--489
[][][][][][][][][][][][][][][][][][][][][][] 
 []


Overfull \hbox (3.38658pt too wide) in paragraph at lines 506--507
[]\OT1/lmr/m/n/10.95 , where -Dprism.order=sw and -Dprism.verbose=true are com-
mands, which
 []


Overfull \hbox (18.63313pt too wide) in paragraph at lines 517--518
[][][][][][][][][][][][][][][][][][][][][][] 
 []

<diagrams/Business.png, id=1110, 1475.5125pt x 983.675pt>
File: diagrams/Business.png Graphic file (type png)
<use diagrams/Business.png>
Package pdftex.def Info: diagrams/Business.png  used on input line 528.
(pdftex.def)             Requested size: 427.88766pt x 285.25844pt.

Overfull \vbox (13.59999pt too high) has occurred while \output is active []


[26]
Overfull \hbox (8.40643pt too wide) in paragraph at lines 535--536
[]\OT1/lmr/m/n/10.95 Integer val-ues [][]\OT1/lmtt/m/n/10.95 movingTime[]\OT1/l
mr/m/n/10.95 , [][]\OT1/lmtt/m/n/10.95 waitingTime[]\OT1/lmr/m/n/10.95 , [][]\O
T1/lmtt/m/n/10.95 initializingTime[]\OT1/lmr/m/n/10.95 , [][]\OT1/lmtt/m/n/10.9
5 arrivedTime
 []

LaTeX Font Info:    Try loading font information for OML+lmr on input line 539.

(/usr/share/texmf/tex/latex/lm/omllmr.fd
File: omllmr.fd 2009/10/30 v1.6 Font defs for Latin Modern
)
LaTeX Font Info:    Font shape `OML/lmr/bx/n' in size <10.95> not available
(Font)              Font shape `OML/lmm/b/it' tried instead on input line 539.

Overfull \hbox (17.2876pt too wide) in paragraph at lines 542--543
[]\OT1/lmr/m/n/10.95 Public method set-State(Double start-Time, Dou-ble fin-ish
-Time, In-te-ger stateIn-
 []

[27pdfTeX warning (ext4): destination with the same identifier (name{figure.3.1
}) has been already used, duplicate ignored

\AtBegShi@Output ...ipout \box \AtBeginShipoutBox 
                                                  \fi \fi 
l.547 
       <./diagrams/Business.png (PNG copy)>]
Overfull \vbox (13.59999pt too high) has occurred while \output is active []


[28]
LaTeX Font Info:    Font shape `OML/lmr/m/n' in size <10.95> not available
(Font)              Font shape `OML/lmm/m/it' tried instead on input line 586.

Overfull \hbox (24.0316pt too wide) in paragraph at lines 603--604
[]\OT1/lmr/m/n/10.95 Public method se-tA-gentState(...) in-vokes pub-lic method
 Agent.setState(Double
 []

[29]
Overfull \hbox (10.43771pt too wide) in paragraph at lines 611--612
\OT1/lmr/m/n/10.95 AgentState is iden-ti-fied method calls Agent-Con-troller.se
tAgentState(...) method
 []


Overfull \hbox (4.70218pt too wide) in paragraph at lines 613--614
[]\OT1/lmr/m/n/10.95 Public method get-Graph-Statis-tics-Data() re-turns Statis
-tics-Data ob-ject. get-
 []


Overfull \hbox (5.39792pt too wide) in paragraph at lines 621--622
\OT1/lmr/m/n/10.95 Agent-Con-toller ideni-fiers - Pair \OML/lmm/m/it/10.95 <\OT
1/lmr/m/n/10.95 In-te-ger, In-te-ger\OML/lmm/m/it/10.95 >\OT1/lmr/m/n/10.95 pai
rID, us-ing pri-vate method
 []


Overfull \hbox (23.22351pt too wide) in paragraph at lines 621--622
\OT1/lmr/m/n/10.95 pairID.getKey(), and cur-rent-A-gent-Con-troller, that has i
den-ti-fier pairID.getValue().
 []


Overfull \vbox (13.59999pt too high) has occurred while \output is active []


[30]
<diagrams/Statistics.png, id=1152, 1806.75pt x 1234.6125pt>
File: diagrams/Statistics.png Graphic file (type png)
<use diagrams/Statistics.png>
Package pdftex.def Info: diagrams/Statistics.png  used on input line 630.
(pdftex.def)             Requested size: 451.6864pt x 308.65237pt.

Overfull \hbox (82.6864pt too wide) in paragraph at lines 630--631
[][]
 []

[31pdfTeX warning (ext4): destination with the same identifier (name{figure.3.2
}) has been already used, duplicate ignored

\AtBegShi@Output ...ipout \box \AtBeginShipoutBox 
                                                  \fi \fi 
l.644 V
       ectorData class keeps data of movement vector. It has three private v...
 <./diagrams/Statistics.png (PNG copy)>]
Overfull \hbox (4.67665pt too wide) in paragraph at lines 659--660
[]
 []


Overfull \hbox (13.62299pt too wide) in paragraph at lines 668--669
[]\OT1/lmr/m/n/10.95 stores data about start-
 []


Overfull \hbox (6.3126pt too wide) in paragraph at lines 669--670
[]\OT1/lmr/m/n/10.95 stores data
 []


Overfull \vbox (13.59999pt too high) has occurred while \output is active []


[32]
Overfull \hbox (28.5328pt too wide) in paragraph at lines 676--677
[]
 []


Overfull \hbox (10.56018pt too wide) in paragraph at lines 694--695
[]\OT1/lmr/m/n/10.95 where
 []


Overfull \hbox (0.62358pt too wide) in paragraph at lines 709--710
\OT1/lmr/m/n/10.95 Data, Col-li-sion-Data, Col-li-sion-Risk-Data and Short-est-
Dis-tance-Data from statis-
 []

[33]
Overfull \hbox (3.2156pt too wide) in paragraph at lines 715--716
[]\OT1/lmr/m/n/10.95 key
 []


Overfull \hbox (1.50023pt too wide) in paragraph at lines 718--719
[]\OT1/lmr/m/n/10.95 stores all statit-i-cal data gen-er-ated in method
 []


Overfull \hbox (10.76694pt too wide) in paragraph at lines 723--724
[]\OT1/lmr/m/n/10.95 stores all dis-tance
 []


Overfull \hbox (3.89774pt too wide) in paragraph at lines 724--725
[]\OT1/lmr/m/n/10.95 stores
 []


Overfull \vbox (13.59999pt too high) has occurred while \output is active []


[34]
Overfull \hbox (24.28935pt too wide) in paragraph at lines 733--736
\OT1/lmr/m/n/10.95 nally, col-li-sion-Data, agent-Move-mentMap, dis-tance-DataM
ap, col-li-sion-Risk-DataMap
 []

<diagrams/Visualization2.png, id=1170, 863.225pt x 461.725pt>
File: diagrams/Visualization2.png Graphic file (type png)
<use diagrams/Visualization2.png>
Package pdftex.def Info: diagrams/Visualization2.png  used on input line 740.
(pdftex.def)             Requested size: 258.9695pt x 138.51857pt.
[35pdfTeX warning (ext4): destination with the same identifier (name{figure.3.3
}) has been already used, duplicate ignored

\AtBegShi@Output ...ipout \box \AtBeginShipoutBox 
                                                  \fi \fi 
l.751 
       <./diagrams/Visualization2.png (PNG copy)>]
Overfull \hbox (2.72218pt too wide) in paragraph at lines 758--759
\OT1/lmr/m/n/10.95 graph-Con-troller, Agent-Con-troller cur-rent-A-gents), that
 it-er-ates through Agents
 []

<diagrams/Visualization1.png, id=1176, 803.0pt x 662.475pt>
File: diagrams/Visualization1.png Graphic file (type png)
<use diagrams/Visualization1.png>
Package pdftex.def Info: diagrams/Visualization1.png  used on input line 765.
(pdftex.def)             Requested size: 240.90186pt x 198.74403pt.

Overfull \vbox (13.59999pt too high) has occurred while \output is active []


[36] [37pdfTeX warning (ext4): destination with the same identifier (name{figur
e.3.4}) has been already used, duplicate ignored

\AtBegShi@Output ...ipout \box \AtBeginShipoutBox 
                                                  \fi \fi 
l.786 I
       n startVisualization() private method startStatistics() is invoked in...
 <./diagrams/Visualization1.png (PNG copy)>]
Overfull \hbox (2.4152pt too wide) in paragraph at lines 788--789
[]\OT1/lmr/m/n/10.95 Finally, in startVi-su-al-iza-tion() method pri-vate metho
d ini-tial-ize-Conotrols()
 []


Overfull \hbox (6.06548pt too wide) in paragraph at lines 799--800
[]\OT1/lmr/m/n/10.95 Node dou-bleAgentStatis-tics-But-ton calls set-Dou-bleAgen
tStatisitcs() method
 []


Overfull \hbox (0.39491pt too wide) in paragraph at lines 799--800
\OT1/lmr/m/n/10.95 in Main-GUI class, that ac-ti-vates lay-out Dou-bleAgentStat
is-tics.fxml, con-trolled
 []


Overfull \hbox (28.22493pt too wide) in paragraph at lines 801--802
\OT1/lmr/m/n/10.95 tion by call-ing pub-lic method Sin-gleAgentStatis-tic-s-GUI
.updateCurrentTime(Integer
 []


Overfull \hbox (13.44968pt too wide) in paragraph at lines 805--807
\OT1/lmr/m/n/10.95 class, that cre-ates a photo im-age. Mathod takeSnap-shot() 
sends [][]\OT1/lmtt/m/n/10.95 mainVisualPane
 []


Overfull \vbox (13.59999pt too high) has occurred while \output is active []


[38]
<diagrams/GUI.png, id=1189, 1836.8625pt x 1284.8pt>
File: diagrams/GUI.png Graphic file (type png)
<use diagrams/GUI.png>
Package pdftex.def Info: diagrams/GUI.png  used on input line 811.
(pdftex.def)             Requested size: 477.573pt x 334.04012pt.
<diagrams/DAO.png, id=1190, 562.1pt x 511.9125pt>
File: diagrams/DAO.png Graphic file (type png)
<use diagrams/DAO.png>
Package pdftex.def Info: diagrams/DAO.png  used on input line 818.
(pdftex.def)             Requested size: 146.14255pt x 133.0941pt.

Underfull \vbox (badness 10000) has occurred while \output is active []

 [39pdfTeX warning (ext4): destination with the same identifier (name{figure.3.
5}) has been already used, duplicate ignored

\AtBegShi@Output ...ipout \box \AtBeginShipoutBox 
                                                  \fi \fi 
l.826 \item[Graph readGraph(String path)]
                                          reads file, that describes graph s...
 <./diagrams/GUI.png (PNG copy)>]
Overfull \hbox (5.07137pt too wide) in paragraph at lines 827--828
[]\OT1/lmr/m/n/10.95 reads file, that de-
 []


Overfull \hbox (16.9254pt too wide) in paragraph at lines 828--829
[]\OT1/lmr/m/n/10.95 reads file, that de-scribes
 []


Overfull \vbox (13.59999pt too high) has occurred while \output is active []


[40pdfTeX warning (ext4): destination with the same identifier (name{figure.3.6
}) has been already used, duplicate ignored

\AtBegShi@Output ...ipout \box \AtBeginShipoutBox 
                                                  \fi \fi 
l.844 
       <./diagrams/DAO.png (PNG copy)>] [41] [42

]
<main.png, id=1209, 932.48375pt x 519.9425pt>
File: main.png Graphic file (type png)
<use main.png>
Package pdftex.def Info: main.png  used on input line 878.
(pdftex.def)             Requested size: 317.04028pt x 176.7781pt.
<loadfile.png, id=1211, 932.48375pt x 497.86pt>
File: loadfile.png Graphic file (type png)
<use loadfile.png>
Package pdftex.def Info: loadfile.png  used on input line 898.
(pdftex.def)             Requested size: 317.04028pt x 169.27016pt.
 [43]
Underfull \vbox (badness 10000) has occurred while \output is active []


Overfull \vbox (13.59999pt too high) has occurred while \output is active []


[44pdfTeX warning (ext4): destination with the same identifier (name{figure.4.1
}) has been already used, duplicate ignored

\AtBegShi@Output ...ipout \box \AtBeginShipoutBox 
                                                  \fi \fi 
l.907 
      pdfTeX warning (ext4): destination with the same identifier (name{figure.
4.2}) has been already used, duplicate ignored

\AtBegShi@Output ...ipout \box \AtBeginShipoutBox 
                                                  \fi \fi 
l.907 
       <./main.png> <./loadfile.png>]
<solution.png, id=1223, 933.4875pt x 514.92375pt>
File: solution.png Graphic file (type png)
<use solution.png>
Package pdftex.def Info: solution.png  used on input line 909.
(pdftex.def)             Requested size: 317.38155pt x 175.07175pt.
<solutionparameters.png, id=1226, 931.48pt x 509.905pt>
File: solutionparameters.png Graphic file (type png)
<use solutionparameters.png>
Package pdftex.def Info: solutionparameters.png  used on input line 919.
(pdftex.def)             Requested size: 316.699pt x 173.3654pt.
<agentparameters.png, id=1227, 930.47626pt x 507.8975pt>
File: agentparameters.png Graphic file (type png)
<use agentparameters.png>
Package pdftex.def Info: agentparameters.png  used on input line 924.
(pdftex.def)             Requested size: 316.35774pt x 172.68286pt.
 [45pdfTeX warning (ext4): destination with the same identifier (name{figure.4.
3}) has been already used, duplicate ignored

\AtBegShi@Output ...ipout \box \AtBeginShipoutBox 
                                                  \fi \fi 
l.945 
       <./solution.png>]
Overfull \vbox (13.59999pt too high) has occurred while \output is active []


[46pdfTeX warning (ext4): destination with the same identifier (name{figure.4.4
}) has been already used, duplicate ignored

\AtBegShi@Output ...ipout \box \AtBeginShipoutBox 
                                                  \fi \fi 
l.953 \item m
             anipulate visibility settingspdfTeX warning (ext4): destination wi
th the same identifier (name{figure.4.5}) has been already used, duplicate igno
red

\AtBegShi@Output ...ipout \box \AtBeginShipoutBox 
                                                  \fi \fi 
l.953 \item m
             anipulate visibility settings <./solutionparameters.png> <./agentp
arameters.png>]
<solutioncolorchange.png, id=1239, 930.47626pt x 504.88625pt>
File: solutioncolorchange.png Graphic file (type png)
<use solutioncolorchange.png>
Package pdftex.def Info: solutioncolorchange.png  used on input line 971.
(pdftex.def)             Requested size: 316.35774pt x 171.65904pt.


LaTeX Warning: Reference `fig:foat25' on page 47 undefined on input line 977.

<not-visiblegraph.png, id=1240, 930.47626pt x 509.905pt>
File: not-visiblegraph.png Graphic file (type png)
<use not-visiblegraph.png>
Package pdftex.def Info: not-visiblegraph.png  used on input line 980.
(pdftex.def)             Requested size: 316.35774pt x 173.3654pt.
[47pdfTeX warning (ext4): destination with the same identifier (name{figure.4.6
}) has been already used, duplicate ignored

\AtBegShi@Output ...ipout \box \AtBeginShipoutBox 
                                                  \fi \fi 
l.987 
       <./solutioncolorchange.png>]
<markedagent.png, id=1249, 927.465pt x 515.9275pt>
File: markedagent.png Graphic file (type png)
<use markedagent.png>
Package pdftex.def Info: markedagent.png  used on input line 989.
(pdftex.def)             Requested size: 315.33392pt x 175.41302pt.
<unvisibleagent.png, id=1250, 927.465pt x 515.9275pt>
File: unvisibleagent.png Graphic file (type png)
<use unvisibleagent.png>
Package pdftex.def Info: unvisibleagent.png  used on input line 994.
(pdftex.def)             Requested size: 315.33392pt x 175.41302pt.

Overfull \vbox (13.59999pt too high) has occurred while \output is active []


[48pdfTeX warning (ext4): destination with the same identifier (name{figure.4.7
}) has been already used, duplicate ignored

\AtBegShi@Output ...ipout \box \AtBeginShipoutBox 
                                                  \fi \fi 
l.1009 
       pdfTeX warning (ext4): destination with the same identifier (name{figure
.4.8}) has been already used, duplicate ignored

\AtBegShi@Output ...ipout \box \AtBeginShipoutBox 
                                                  \fi \fi 
l.1009 
        <./not-visiblegraph.png> <./markedagent.png>]
Overfull \hbox (9.99187pt too wide) in paragraph at lines 1012--1013
\OT1/lmr/m/n/10.95 In or-der to set res-o-lu-tion of video record-ing user shou
ld ac-ti-vate [][]\OT1/lmtt/m/n/10.95 Video settings
 []

<VideoSettings2.png, id=1259, 931.48pt x 512.91624pt>
File: VideoSettings2.png Graphic file (type png)
<use VideoSettings2.png>
Package pdftex.def Info: VideoSettings2.png  used on input line 1016.
(pdftex.def)             Requested size: 316.699pt x 174.3892pt.
[49pdfTeX warning (ext4): destination with the same identifier (name{figure.4.9
}) has been already used, duplicate ignored

\AtBegShi@Output ...ipout \box \AtBeginShipoutBox 
                                                  \fi \fi 
l.1031 \section
               {The single agent statistics window overview} <./unvisibleagent.
png>]
<SingleAgentStatistics.png, id=1267, 962.59625pt x 570.13pt>
File: SingleAgentStatistics.png Graphic file (type png)
<use SingleAgentStatistics.png>
Package pdftex.def Info: SingleAgentStatistics.png  used on input line 1040.
(pdftex.def)             Requested size: 327.2784pt x 193.84163pt.
<ratiochart.png, id=1268, 1069.9975pt x 567.11874pt>
File: ratiochart.png Graphic file (type png)
<use ratiochart.png>
Package pdftex.def Info: ratiochart.png  used on input line 1045.
(pdftex.def)             Requested size: 363.79434pt x 192.81781pt.

Overfull \hbox (2.71765pt too wide) in paragraph at lines 1051--1052
[][][]\OT1/lmtt/m/n/10.95 Data mode []\OT1/lmr/m/n/10.95 menu but-ton has two o
p-tions: [][]\OT1/lmtt/m/n/10.95 Speed mode []\OT1/lmr/m/n/10.95 and [][]\OT1/l
mtt/m/n/10.95 Location mode[]\OT1/lmr/m/n/10.95 .
 []

<onlinechart.png, id=1271, 1074.0125pt x 566.115pt>
File: onlinechart.png Graphic file (type png)
<use onlinechart.png>
Package pdftex.def Info: onlinechart.png  used on input line 1056.
(pdftex.def)             Requested size: 365.15941pt x 192.47655pt.

Overfull \vbox (13.59999pt too high) has occurred while \output is active []


[50pdfTeX warning (ext4): destination with the same identifier (name{figure.4.1
0}) has been already used, duplicate ignored

\AtBegShi@Output ...ipout \box \AtBeginShipoutBox 
                                                  \fi \fi 
l.1058 \end{figure}
                    <./VideoSettings2.png>] [51pdfTeX warning (ext4): destinati
on with the same identifier (name{figure.4.11}) has been already used, duplicat
e ignored

\AtBegShi@Output ...ipout \box \AtBeginShipoutBox 
                                                  \fi \fi 
l.1058 \end{figure}
                   pdfTeX warning (ext4): destination with the same identifier 
(name{figure.4.12}) has been already used, duplicate ignored

\AtBegShi@Output ...ipout \box \AtBeginShipoutBox 
                                                  \fi \fi 
l.1058 \end{figure}
                    <./SingleAgentStatistics.png> <./ratiochart.png>]
<not-onlinechart.png, id=1283, 1072.005pt x 564.1075pt>
File: not-onlinechart.png Graphic file (type png)
<use not-onlinechart.png>
Package pdftex.def Info: not-onlinechart.png  used on input line 1061.
(pdftex.def)             Requested size: 364.47688pt x 191.794pt.
<DoubleAgentStatistics.png, id=1284, 848.16875pt x 660.4675pt>
File: DoubleAgentStatistics.png Graphic file (type png)
<use DoubleAgentStatistics.png>
Package pdftex.def Info: DoubleAgentStatistics.png  used on input line 1070.
(pdftex.def)             Requested size: 288.37355pt x 224.55597pt.

Overfull \vbox (13.59999pt too high) has occurred while \output is active []


[52pdfTeX warning (ext4): destination with the same identifier (name{figure.4.1
3}) has been already used, duplicate ignored

\AtBegShi@Output ...ipout \box \AtBeginShipoutBox 
                                                  \fi \fi 
l.1077 
       pdfTeX warning (ext4): destination with the same identifier (name{figure
.4.14}) has been already used, duplicate ignored

\AtBegShi@Output ...ipout \box \AtBeginShipoutBox 
                                                  \fi \fi 
l.1077 
        <./onlinechart.png> <./not-onlinechart.png>]
<onlinechart2.png, id=1294, 1014.79124pt x 654.445pt>
File: onlinechart2.png Graphic file (type png)
<use onlinechart2.png>
Package pdftex.def Info: onlinechart2.png  used on input line 1082.
(pdftex.def)             Requested size: 345.02446pt x 222.50835pt.
<not-onlinechart2.png, id=1295, 1020.81375pt x 657.45625pt>
File: not-onlinechart2.png Graphic file (type png)
<use not-onlinechart2.png>
Package pdftex.def Info: not-onlinechart2.png  used on input line 1087.
(pdftex.def)             Requested size: 347.07208pt x 223.53217pt.

Overfull \hbox (26.87201pt too wide) in paragraph at lines 1095--1096
\OT1/lmr/m/n/10.95 av-er-age dis-tance value within the group of agents, mean-w
hile [][]\OT1/lmtt/m/n/10.95 Collision risk mode
 []

<GroupAgentStatisticsNotOnline.png, id=1298, 687.56876pt x 521.95pt>
File: GroupAgentStatisticsNotOnline.png Graphic file (type png)
<use GroupAgentStatisticsNotOnline.png>
Package pdftex.def Info: GroupAgentStatisticsNotOnline.png  used on input line 
1098.
(pdftex.def)             Requested size: 233.77028pt x 177.46065pt.
<GroupAgentStatisticsSettingGroup.png, id=1299, 1309.89375pt x 742.775pt>
File: GroupAgentStatisticsSettingGroup.png Graphic file (type png)
<use GroupAgentStatisticsSettingGroup.png>
Package pdftex.def Info: GroupAgentStatisticsSettingGroup.png  used on input li
ne 1103.
(pdftex.def)             Requested size: 445.35799pt x 252.54015pt.

Overfull \hbox (76.35799pt too wide) in paragraph at lines 1103--1104
[][]
 []

[53pdfTeX warning (ext4): destination with the same identifier (name{figure.4.1
5}) has been already used, duplicate ignored

\AtBegShi@Output ...ipout \box \AtBeginShipoutBox 
                                                  \fi \fi 
l.1109 \chapter
               {Comparison analysis} <./DoubleAgentStatistics.png>]
Overfull \vbox (13.59999pt too high) has occurred while \output is active []


[54pdfTeX warning (ext4): destination with the same identifier (name{figure.4.1
6}) has been already used, duplicate ignored

\AtBegShi@Output ...ipout \box \AtBeginShipoutBox 
                                                  \fi \fi 
l.1109 \chapter
               {Comparison analysis}pdfTeX warning (ext4): destination with the
 same identifier (name{figure.4.17}) has been already used, duplicate ignored

\AtBegShi@Output ...ipout \box \AtBeginShipoutBox 
                                                  \fi \fi 
l.1109 \chapter
               {Comparison analysis} <./onlinechart2.png> <./not-onlinechart2.p
ng>] [55pdfTeX warning (ext4): destination with the same identifier (name{figur
e.4.18}) has been already used, duplicate ignored

\AtBegShi@Output ...ipout \box \AtBeginShipoutBox 
                                                  \fi \fi 
l.1109 \chapter
               {Comparison analysis}pdfTeX warning (ext4): destination with the
 same identifier (name{figure.4.19}) has been already used, duplicate ignored

\AtBegShi@Output ...ipout \box \AtBeginShipoutBox 
                                                  \fi \fi 
l.1109 \chapter
               {Comparison analysis} <./GroupAgentStatisticsNotOnline.png> <./G
roupAgentStatisticsSettingGroup.png>] [56

]

Package hyperref Warning: Difference (2) between bookmark levels is greater 
(hyperref)                than one, level fixed on input line 1113.

[57]

LaTeX Warning: `h' float specifier changed to `ht'.

[58] [59pdfTeX warning (ext4): destination with the same identifier (name{table
.5.1}) has been already used, duplicate ignored

\AtBegShi@Output ...ipout \box \AtBeginShipoutBox 
                                                  \fi \fi 
l.1175 \chapter
               {Analysis of MAPF-R visualization tool ContinuousViz economic...
] [60

]
<SE_artikkeli_kuva_SmartIndustry_v02-1024x538.png, id=1343, 1027.84pt x 540.017
5pt>
File: SE_artikkeli_kuva_SmartIndustry_v02-1024x538.png Graphic file (type png)
<use SE_artikkeli_kuva_SmartIndustry_v02-1024x538.png>
Package pdftex.def Info: SE_artikkeli_kuva_SmartIndustry_v02-1024x538.png  used
 on input line 1184.
(pdftex.def)             Requested size: 411.12872pt x 216.00316pt.

Overfull \hbox (42.12872pt too wide) in paragraph at lines 1184--1185
[][]
 []

<Technologies-for-industry-40.png, id=1345, 664.4825pt x 469.755pt>
File: Technologies-for-industry-40.png Graphic file (type png)
<use Technologies-for-industry-40.png>
Package pdftex.def Info: Technologies-for-industry-40.png  used on input line 1
192.
(pdftex.def)             Requested size: 265.78828pt x 187.89867pt.

Underfull \vbox (badness 10000) has occurred while \output is active []

 [61]
Overfull \vbox (13.59999pt too high) has occurred while \output is active []


[62pdfTeX warning (ext4): destination with the same identifier (name{figure.6.1
}) has been already used, duplicate ignored

\AtBegShi@Output ...ipout \box \AtBeginShipoutBox 
                                                  \fi \fi 
l.1197 
       pdfTeX warning (ext4): destination with the same identifier (name{figure
.6.2}) has been already used, duplicate ignored

\AtBegShi@Output ...ipout \box \AtBeginShipoutBox 
                                                  \fi \fi 
l.1197 
        <./SE_artikkeli_kuva_SmartIndustry_v02-1024x538.png> <./Technologies-fo
r-industry-40.png>] [63]
Overfull \vbox (13.59999pt too high) has occurred while \output is active []


[64]
<VisualizationInIndustry.jpg, id=1368, 426.59375pt x 413.04312pt>
File: VisualizationInIndustry.jpg Graphic file (type jpg)
<use VisualizationInIndustry.jpg>
Package pdftex.def Info: VisualizationInIndustry.jpg  used on input line 1244.
(pdftex.def)             Requested size: 255.95822pt x 247.82777pt.
 [65pdfTeX warning (ext4): destination with the same identifier (name{figure.6.
3}) has been already used, duplicate ignored

\AtBegShi@Output ...ipout \box \AtBeginShipoutBox 
                                                  \fi \fi 
l.1251 
        <./VisualizationInIndustry.jpg>]
<VisualizationVR.jpg, id=1375, 426.59375pt x 385.94188pt>
File: VisualizationVR.jpg Graphic file (type jpg)
<use VisualizationVR.jpg>
Package pdftex.def Info: VisualizationVR.jpg  used on input line 1253.
(pdftex.def)             Requested size: 255.95822pt x 231.56691pt.

Overfull \vbox (13.59999pt too high) has occurred while \output is active []


[66pdfTeX warning (ext4): destination with the same identifier (name{figure.6.4
}) has been already used, duplicate ignored

\AtBegShi@Output ...ipout \box \AtBeginShipoutBox 
                                                  \fi \fi 
l.1260 
        <./VisualizationVR.jpg>]
<VisualizationStructuralDesign.jpg, id=1382, 255.20343pt x 290.20921pt>
File: VisualizationStructuralDesign.jpg Graphic file (type jpg)
<use VisualizationStructuralDesign.jpg>
Package pdftex.def Info: VisualizationStructuralDesign.jpg  used on input line 
1262.
(pdftex.def)             Requested size: 178.64117pt x 203.14505pt.
 [67pdfTeX warning (ext4): destination with the same identifier (name{figure.6.
5}) has been already used, duplicate ignored

\AtBegShi@Output ...ipout \box \AtBeginShipoutBox 
                                                  \fi \fi 
l.1271 
        <./VisualizationStructuralDesign.jpg>]
<smartlogistics.jpg, id=1390, 941.76843pt x 570.63188pt>
File: smartlogistics.jpg Graphic file (type jpg)
<use smartlogistics.jpg>
Package pdftex.def Info: smartlogistics.jpg  used on input line 1273.
(pdftex.def)             Requested size: 376.7007pt x 228.2487pt.

Overfull \hbox (7.7007pt too wide) in paragraph at lines 1273--1274
[][]
 []

<Amazon/3.jpg, id=1392, 752.8125pt x 340.27126pt>
File: Amazon/3.jpg Graphic file (type jpg)
<use Amazon/3.jpg>
Package pdftex.def Info: Amazon/3.jpg  used on input line 1286.
(pdftex.def)             Requested size: 225.84549pt x 102.08215pt.
<Amazon/2.png, id=1395, 772.8875pt x 587.19376pt>
File: Amazon/2.png Graphic file (type png)
<use Amazon/2.png>
Package pdftex.def Info: Amazon/2.png  used on input line 1293.
(pdftex.def)             Requested size: 231.86803pt x 176.15948pt.

Overfull \vbox (13.59999pt too high) has occurred while \output is active []


[68pdfTeX warning (ext4): destination with the same identifier (name{figure.6.6
}) has been already used, duplicate ignored

\AtBegShi@Output ...ipout \box \AtBeginShipoutBox 
                                                  \fi \fi 
l.1296 
        <./smartlogistics.jpg>] [69pdfTeX warning (ext4): destination with the 
same identifier (name{figure.6.7}) has been already used, duplicate ignored

\AtBegShi@Output ...ipout \box \AtBeginShipoutBox 
                                                  \fi \fi 
l.1299 
       pdfTeX warning (ext4): destination with the same identifier (name{figure
.6.8}) has been already used, duplicate ignored

\AtBegShi@Output ...ipout \box \AtBeginShipoutBox 
                                                  \fi \fi 
l.1299 
        <./Amazon/3.jpg> <./Amazon/2.png>]
<Amazon/4.png, id=1407, 772.8875pt x 434.62375pt>
File: Amazon/4.png Graphic file (type png)
<use Amazon/4.png>
Package pdftex.def Info: Amazon/4.png  used on input line 1301.
(pdftex.def)             Requested size: 231.86803pt x 130.38812pt.

Overfull \vbox (13.59999pt too high) has occurred while \output is active []


[70pdfTeX warning (ext4): destination with the same identifier (name{figure.6.9
}) has been already used, duplicate ignored

\AtBegShi@Output ...ipout \box \AtBeginShipoutBox 
                                                  \fi \fi 
l.1314 
        <./Amazon/4.png>]
Overfull \hbox (65.7592pt too wide) in paragraph at lines 1328--1351
 [][] 
 []


LaTeX Warning: `h' float specifier changed to `ht'.

[71]
Overfull \vbox (13.59999pt too high) has occurred while \output is active []


[72pdfTeX warning (ext4): destination with the same identifier (name{table.6.1}
) has been already used, duplicate ignored

\AtBegShi@Output ...ipout \box \AtBeginShipoutBox 
                                                  \fi \fi 
l.1359 \begin{conclusion}
                         ]
No file DP_Priklad.bbl.
[73

] [74

]
bibitemlist

Underfull \hbox (badness 2426) in paragraph at lines 1377--1378
[]\OT1/lmr/m/n/10.95 G. Sharon, R. Stern, A. Fel-ner, N.R. Sturte-vant \OT1/lmr
/m/it/10.95 Conflict-based
 []


Underfull \hbox (badness 10000) in paragraph at lines 1387--1388
\OT1/lmr/m/n/10.95 2020-06-14]. Avail-able at: []$\OT1/lmtt/m/n/10.95 https : /
 / dspace\OML/lmm/m/it/10.95 :\OT1/lmtt/m/n/10.95 cuni\OML/lmm/m/it/10.95 :\OT1
/lmtt/m/n/10.95 cz / handle /
 []


Underfull \hbox (badness 5726) in paragraph at lines 1390--1391
[]\OT1/lmr/m/n/10.95 David P^^Serez Perales, F. Alarc^^Son, Andr^^Ses Boza \OT1
/lmr/m/it/10.95 In-dus-try 4.0:
 []


Underfull \hbox (badness 10000) in paragraph at lines 1390--1391
\OT1/lmr/m/it/10.95 A Clas-si-fi-ca-tion Scheme\OT1/lmr/m/n/10.95 [online][cit.
 2020-12-15]. Avail-able at:
 []


Underfull \hbox (badness 10000) in paragraph at lines 1390--1391
[]$\OT1/lmtt/m/n/10.95 https : / / www\OML/lmm/m/it/10.95 :\OT1/lmtt/m/n/10.95 
researchgate\OML/lmm/m/it/10.95 :\OT1/lmtt/m/n/10.95 net / publication / 319176
066 _ Industry _
 []


Underfull \hbox (badness 2653) in paragraph at lines 1394--1395
[]\OT1/lmr/m/n/10.95 8 au-thors in-clud-ing Z.Ying \OT1/lmr/m/it/10.95 A sur-ve
y of vi-su-al-iza-tion for smart
 []


Underfull \hbox (badness 5954) in paragraph at lines 1394--1395
\OT1/lmr/m/it/10.95 man-u-fac-tur-ing \OT1/lmr/m/n/10.95 [on-line]. [cit. 2020-
06-14]. Avail-able at: []$\OT1/lmtt/m/n/10.95 https :
 []


Underfull \hbox (badness 10000) in paragraph at lines 1394--1395
\OT1/lmtt/m/n/10.95 / / www\OML/lmm/m/it/10.95 :\OT1/lmtt/m/n/10.95 researchgat
e\OML/lmm/m/it/10.95 :\OT1/lmtt/m/n/10.95 net / publication / 329197942 _ A _ s
urvey _ of _
 []


Underfull \hbox (badness 10000) in paragraph at lines 1400--1401
[]\OT1/lmr/m/n/10.95 Nicholas Shields \OT1/lmr/m/it/10.95 Ama-zon is rolling ou
t new ware-house
 []


Underfull \hbox (badness 10000) in paragraph at lines 1400--1401
\OT1/lmr/m/it/10.95 robots\OT1/lmr/m/n/10.95 [online][cit.2020-12-16]. Avail-ab
le at: []$\OT1/lmtt/m/n/10.95 https : / /
 []


Underfull \hbox (badness 10000) in paragraph at lines 1400--1401
\OT1/lmtt/m/n/10.95 www\OML/lmm/m/it/10.95 :\OT1/lmtt/m/n/10.95 businessinsider
\OML/lmm/m/it/10.95 :\OT1/lmtt/m/n/10.95 com / amazon -[] introduces -[] new -[
] warehouse -[]
 []

[75]
Underfull \hbox (badness 1137) in paragraph at lines 1403--1404
\OT1/lmr/m/n/10.95 06-14]. Avail-able at: []$\OT1/lmtt/m/n/10.95 https : / / ww
w\OML/lmm/m/it/10.95 :\OT1/lmtt/m/n/10.95 researchgate\OML/lmm/m/it/10.95 :\OT1
/lmtt/m/n/10.95 net / publication /
 []


Underfull \hbox (badness 10000) in paragraph at lines 1403--1404
\OT1/lmtt/m/n/10.95 322855867 _ Data _ Visualization _ Support _ for _ Complex 
_ Logistics _
 []

[76] [77

] [78

]
File: diagrams/DAO.png Graphic file (type png)
<use diagrams/DAO.png>
Package pdftex.def Info: diagrams/DAO.png  used on input line 1431.
(pdftex.def)             Requested size: 281.04932pt x 255.95563pt.
File: diagrams/GUI.png Graphic file (type png)
<use diagrams/GUI.png>
Package pdftex.def Info: diagrams/GUI.png  used on input line 1437.
(pdftex.def)             Requested size: 551.063pt x 385.44298pt.
File: diagrams/Visualization2.png Graphic file (type png)
<use diagrams/Visualization2.png>
Package pdftex.def Info: diagrams/Visualization2.png  used on input line 1442.
(pdftex.def)             Requested size: 345.28389pt x 184.68672pt.
File: diagrams/Visualization1.png Graphic file (type png)
<use diagrams/Visualization1.png>
Package pdftex.def Info: diagrams/Visualization1.png  used on input line 1447.
(pdftex.def)             Requested size: 321.1943pt x 264.9853pt.
File: diagrams/Statistics.png Graphic file (type png)
<use diagrams/Statistics.png>
Package pdftex.def Info: diagrams/Statistics.png  used on input line 1452.
(pdftex.def)             Requested size: 542.02919pt x 370.38661pt.
File: diagrams/Business.png Graphic file (type png)
<use diagrams/Business.png>
Package pdftex.def Info: diagrams/Business.png  used on input line 1457.
(pdftex.def)             Requested size: 442.65717pt x 295.10478pt.
 [79] [80pdfTeX warning (ext4): destination with the same identifier (name{figu
re.B.1}) has been already used, duplicate ignored

\AtBegShi@Output ...ipout \box \AtBeginShipoutBox 
                                                  \fi \fi 
l.1461 \chapter
               {Input data files examples}] [81pdfTeX warning (ext4): destinati
on with the same identifier (name{figure.B.2}) has been already used, duplicate
 ignored

\AtBegShi@Output ...ipout \box \AtBeginShipoutBox 
                                                  \fi \fi 
l.1461 \chapter
               {Input data files examples}] [82pdfTeX warning (ext4): destinati
on with the same identifier (name{figure.B.3}) has been already used, duplicate
 ignored

\AtBegShi@Output ...ipout \box \AtBeginShipoutBox 
                                                  \fi \fi 
l.1461 \chapter
               {Input data files examples}pdfTeX warning (ext4): destination wi
th the same identifier (name{figure.B.4}) has been already used, duplicate igno
red

\AtBegShi@Output ...ipout \box \AtBeginShipoutBox 
                                                  \fi \fi 
l.1461 \chapter
               {Input data files examples}] [83pdfTeX warning (ext4): destinati
on with the same identifier (name{figure.B.5}) has been already used, duplicate
 ignored

\AtBegShi@Output ...ipout \box \AtBeginShipoutBox 
                                                  \fi \fi 
l.1461 \chapter
               {Input data files examples}] [84pdfTeX warning (ext4): destinati
on with the same identifier (name{figure.B.6}) has been already used, duplicate
 ignored

\AtBegShi@Output ...ipout \box \AtBeginShipoutBox 
                                                  \fi \fi 
l.1461 \chapter
               {Input data files examples}]
File: Tests/testmap1.jpg Graphic file (type jpg)
<use Tests/testmap1.jpg>
Package pdftex.def Info: Tests/testmap1.jpg  used on input line 1464.
(pdftex.def)             Requested size: 452.29324pt x 405.31737pt.

Overfull \hbox (83.29324pt too wide) in paragraph at lines 1464--1465
[][]
 []


Underfull \vbox (badness 10000) has occurred while \output is active []

 [85

]
File: Tests/testagent1.jpg Graphic file (type jpg)
<use Tests/testagent1.jpg>
Package pdftex.def Info: Tests/testagent1.jpg  used on input line 1469.
(pdftex.def)             Requested size: 391.46552pt x 405.31737pt.

Overfull \hbox (22.46552pt too wide) in paragraph at lines 1469--1470
[][]
 []


Underfull \vbox (badness 10000) has occurred while \output is active []

 [86pdfTeX warning (ext4): destination with the same identifier (name{figure.C.
1}) has been already used, duplicate ignored

\AtBegShi@Output ...ipout \box \AtBeginShipoutBox 
                                                  \fi \fi 
l.1472 
       ]
File: Tests/testsolution1.jpg Graphic file (type jpg)
<use Tests/testsolution1.jpg>
Package pdftex.def Info: Tests/testsolution1.jpg  used on input line 1474.
(pdftex.def)             Requested size: 257.76498pt x 366.77307pt.

Underfull \vbox (badness 10000) has occurred while \output is active []

 [87pdfTeX warning (ext4): destination with the same identifier (name{figure.C.
2}) has been already used, duplicate ignored

\AtBegShi@Output ...ipout \box \AtBeginShipoutBox 
                                                  \fi \fi 
l.1477 
       ] [88pdfTeX warning (ext4): destination with the same identifier (name{f
igure.C.3}) has been already used, duplicate ignored

\AtBegShi@Output ...ipout \box \AtBeginShipoutBox 
                                                  \fi \fi 
l.1478 \chapter
               {Contents of the enclosed flash disk}]

Class memoir Warning: The material used in the headers is too large
(27.2pt) for the given head height (13.6pt), it is recommended to
either increase the head height or redesign the header
(in both cases you will find help in the memoir manual). on input line 1505.

[89

]
\tf@toc=\write5
\openout5 = `DP_Priklad.toc'.

\tf@lof=\write6
\openout6 = `DP_Priklad.lof'.

\tf@lot=\write7
\openout7 = `DP_Priklad.lot'.

Package atveryend Info: Empty hook `BeforeClearDocument' on input line 1505.
Package atveryend Info: Empty hook `AfterLastShipout' on input line 1505.
 (./DP_Priklad.aux)
Package atveryend Info: Executing hook `AtVeryEndDocument' on input line 1505.
Package atveryend Info: Executing hook `AtEndAfterFileList' on input line 1505.



Package rerunfilecheck Warning: File `DP_Priklad.out' has changed.
(rerunfilecheck)                Rerun to get outlines right
(rerunfilecheck)                or use package `bookmark'.

Package rerunfilecheck Info: Checksums for `DP_Priklad.out':
(rerunfilecheck)             Before: F7F52AB7D27913DDD8154913B5F5BF88;22969
(rerunfilecheck)             After:  9F74AA13CEC93ED66D81D39BCE95C86A;22969.

LaTeX Font Warning: Some font shapes were not available, defaults substituted.


LaTeX Warning: There were undefined references.


LaTeX Warning: There were multiply-defined labels.

Package atveryend Info: Empty hook `AtVeryVeryEnd' on input line 1505.
 ) 
Here is how much of TeX's memory you used:
 17506 strings out of 492641
 244695 string characters out of 6131786
 414452 words of memory out of 5000000
 20767 multiletter control sequences out of 15000+600000
 58888 words of font info for 42 fonts, out of 8000000 for 9000
 1141 hyphenation exceptions out of 8191
 47i,11n,99p,1635b,1177s stack positions out of 5000i,500n,10000p,200000b,80000s
{/usr/share/texmf/fonts/enc/dvips/lm/lm-mathit.enc}{/usr/share/texmf/fonts/en
c/dvips/lm/lm-mathex.enc}{/usr/share/texmf/fonts/enc/dvips/lm/lm-mathsy.enc}{/u
sr/share/texmf/fonts/enc/dvips/lm/lm-rmsc.enc}{/usr/share/texmf/fonts/enc/dvips
/lm/lm-rm.enc}{/usr/share/texmf/fonts/enc/dvips/lm/lm-rmtt.enc}</usr/share/texm
f/fonts/type1/public/lm/lmbx10.pfb></usr/share/texmf/fonts/type1/public/lm/lmbx
12.pfb></usr/share/texmf/fonts/type1/public/lm/lmbxi10.pfb></usr/share/texmf/fo
nts/type1/public/lm/lmcsc10.pfb></usr/share/texmf/fonts/type1/public/lm/lmex10.
pfb></usr/share/texmf/fonts/type1/public/lm/lmmi10.pfb></usr/share/texmf/fonts/
type1/public/lm/lmmib10.pfb></usr/share/texmf/fonts/type1/public/lm/lmr10.pfb><
/usr/share/texmf/fonts/type1/public/lm/lmr12.pfb></usr/share/texmf/fonts/type1/
public/lm/lmri10.pfb></usr/share/texmf/fonts/type1/public/lm/lmssbx10.pfb></usr
/share/texmf/fonts/type1/public/lm/lmsy10.pfb></usr/share/texmf/fonts/type1/pub
lic/lm/lmsy8.pfb></usr/share/texmf/fonts/type1/public/lm/lmtt10.pfb>
Output written on DP_Priklad.pdf (109 pages, 5045900 bytes).
PDF statistics:
 1654 PDF objects out of 1728 (max. 8388607)
 1433 compressed objects within 15 object streams
 367 named destinations out of 1000 (max. 500000)
 1346 words of extra memory for PDF output out of 10000 (max. 10000000)

