\BOOKMARK [0][-]{chapter*.5}{\376\377\000I\000n\000t\000r\000o\000d\000u\000c\000t\000i\000o\000n}{}% 1
\BOOKMARK [0][-]{chapter.1}{\376\377\000U\000n\000d\000e\000r\000s\000t\000a\000n\000d\000i\000n\000g\000\040\000o\000f\000\040\000M\000A\000P\000F\000-\000R\000\040\000p\000r\000o\000b\000l\000e\000m\000\040\000a\000n\000d\000\040\000i\000t\000s\000\040\000v\000i\000s\000u\000a\000l\000\040\000a\000n\000a\000l\000y\000s\000i\000s}{}% 2
\BOOKMARK [1][-]{section.1.1}{\376\377\000M\000o\000t\000i\000v\000a\000t\000i\000o\000n}{chapter.1}% 3
\BOOKMARK [1][-]{section.1.2}{\376\377\000M\000u\000l\000t\000i\000-\000A\000g\000e\000n\000t\000\040\000P\000a\000t\000h\000f\000i\000n\000d\000i\000n\000g\000\040\000p\000r\000o\000b\000l\000e\000m\000\040\000d\000e\000s\000c\000r\000i\000p\000t\000i\000o\000n}{chapter.1}% 4
\BOOKMARK [1][-]{section.1.3}{\376\377\000C\000o\000n\000f\000l\000i\000c\000t\000\040\000b\000a\000s\000e\000d\000\040\000s\000e\000a\000r\000c\000h\000\040\000a\000l\000g\000o\000r\000i\000t\000h\000m}{chapter.1}% 5
\BOOKMARK [1][-]{section.1.4}{\376\377\000V\000i\000s\000u\000a\000l\000\040\000a\000n\000a\000l\000y\000s\000i\000s}{chapter.1}% 6
\BOOKMARK [2][-]{subsection.1.4.1}{\376\377\000V\000i\000s\000u\000a\000l\000\040\000a\000n\000a\000l\000y\000s\000i\000s\000\040\000m\000e\000t\000h\000o\000d\000s\000\040\000a\000n\000d\000\040\000t\000o\000o\000l\000s}{section.1.4}% 7
\BOOKMARK [3][-]{subsubsection.1.4.1.1}{\376\377\000G\000r\000a\000p\000h\000\040\000v\000i\000s\000u\000a\000l\000\040\000r\000e\000p\000r\000e\000s\000e\000n\000t\000a\000t\000i\000o\000n}{subsection.1.4.1}% 8
\BOOKMARK [2][-]{subsection.1.4.2}{\376\377\000M\000A\000P\000F\000-\000R\000\040\000p\000r\000o\000b\000l\000e\000m\000\040\000v\000i\000s\000u\000a\000l\000i\000z\000a\000t\000i\000o\000n\000\040\000t\000h\000e\000o\000r\000y}{section.1.4}% 9
\BOOKMARK [3][-]{subsubsection.1.4.2.1}{\376\377\000S\000t\000a\000t\000i\000s\000t\000i\000c\000a\000l\000\040\000a\000n\000a\000l\000y\000s\000i\000s}{subsection.1.4.2}% 10
\BOOKMARK [0][-]{chapter.2}{\376\377\000A\000n\000a\000l\000y\000s\000i\000s\000\040\000a\000n\000d\000\040\000d\000e\000s\000i\000g\000n\000\040\000o\000f\000\040\000t\000h\000e\000\040\000M\000A\000P\000F\000-\000R\000\040\000v\000i\000s\000u\000a\000l\000i\000z\000a\000t\000i\000o\000n\000\040\000t\000o\000o\000l\000\040\000-\000\040\000C\000o\000n\000t\000i\000n\000u\000o\000u\000s\000V\000i\000z}{}% 11
\BOOKMARK [1][-]{section.2.1}{\376\377\000M\000A\000P\000F\000-\000R\000\040\000v\000i\000s\000u\000a\000l\000i\000z\000a\000t\000i\000o\000n\000\040\000t\000o\000o\000l\000\040\000p\000u\000r\000p\000o\000s\000e}{chapter.2}% 12
\BOOKMARK [1][-]{section.2.2}{\376\377\000M\000A\000P\000F\000-\000R\000\040\000v\000i\000s\000u\000a\000l\000i\000z\000a\000t\000i\000o\000n\000\040\000t\000o\000o\000l\000\040\000u\000s\000a\000g\000e}{chapter.2}% 13
\BOOKMARK [1][-]{section.2.3}{\376\377\000U\000s\000e\000r\000\040\000r\000e\000q\000u\000i\000e\000r\000e\000m\000e\000n\000t\000s}{chapter.2}% 14
\BOOKMARK [2][-]{subsection.2.3.1}{\376\377\000A\000n\000i\000m\000a\000t\000i\000o\000n\000\040\000r\000e\000q\000u\000i\000r\000e\000m\000e\000n\000t\000s}{section.2.3}% 15
\BOOKMARK [2][-]{subsection.2.3.2}{\376\377\000M\000a\000n\000i\000p\000u\000l\000a\000t\000i\000n\000g\000\040\000l\000a\000y\000o\000u\000t\000\040\000r\000e\000q\000u\000i\000r\000e\000m\000e\000n\000t\000s}{section.2.3}% 16
\BOOKMARK [2][-]{subsection.2.3.3}{\376\377\000V\000i\000s\000i\000b\000i\000l\000i\000t\000y\000\040\000s\000e\000t\000t\000i\000n\000g\000s\000\040\000r\000e\000q\000u\000i\000r\000e\000m\000e\000n\000t\000s}{section.2.3}% 17
\BOOKMARK [2][-]{subsection.2.3.4}{\376\377\000C\000o\000l\000o\000r\000\040\000s\000e\000t\000t\000i\000n\000g\000s\000\040\000r\000e\000q\000u\000i\000r\000e\000m\000e\000n\000t\000s}{section.2.3}% 18
\BOOKMARK [2][-]{subsection.2.3.5}{\376\377\000S\000t\000a\000t\000i\000s\000t\000i\000c\000a\000l\000\040\000a\000n\000a\000l\000y\000s\000i\000s\000\040\000t\000o\000o\000l\000s\000\040\000r\000e\000q\000u\000i\000r\000e\000m\000e\000n\000t\000s}{section.2.3}% 19
\BOOKMARK [2][-]{subsection.2.3.6}{\376\377\000R\000e\000a\000d\000i\000n\000g\000\040\000i\000n\000p\000u\000t\000\040\000d\000a\000t\000a\000\040\000r\000e\000q\000u\000i\000r\000e\000m\000e\000n\000t\000s}{section.2.3}% 20
\BOOKMARK [2][-]{subsection.2.3.7}{\376\377\000N\000o\000n\000-\000f\000u\000n\000c\000t\000i\000o\000n\000a\000l\000\040\000r\000e\000q\000u\000i\000r\000e\000m\000e\000n\000t\000s}{section.2.3}% 21
\BOOKMARK [1][-]{section.2.4}{\376\377\000D\000a\000t\000a\000\040\000d\000e\000s\000c\000r\000i\000p\000t\000i\000o\000n}{chapter.2}% 22
\BOOKMARK [1][-]{section.2.5}{\376\377\000T\000e\000c\000h\000n\000o\000l\000o\000g\000i\000e\000s\000\040\000u\000s\000e\000d}{chapter.2}% 23
\BOOKMARK [1][-]{section.2.6}{\376\377\000A\000r\000c\000h\000i\000t\000e\000c\000t\000u\000r\000a\000l\000\040\000d\000e\000s\000i\000g\000n}{chapter.2}% 24
\BOOKMARK [1][-]{section.2.7}{\376\377\000C\000o\000m\000p\000o\000n\000e\000n\000t\000\040\000d\000e\000s\000i\000g\000n}{chapter.2}% 25
\BOOKMARK [2][-]{subsection.2.7.1}{\376\377\000B\000u\000s\000i\000n\000e\000s\000s\000\040\000l\000o\000g\000i\000c\000\040\000m\000o\000d\000u\000l\000e}{section.2.7}% 26
\BOOKMARK [2][-]{subsection.2.7.2}{\376\377\000G\000U\000I\000\040\000m\000o\000d\000u\000l\000e}{section.2.7}% 27
\BOOKMARK [2][-]{subsection.2.7.3}{\376\377\000S\000t\000a\000t\000i\000s\000t\000i\000c\000s\000\040\000m\000o\000d\000u\000l\000e}{section.2.7}% 28
\BOOKMARK [2][-]{subsection.2.7.4}{\376\377\000V\000i\000s\000u\000a\000l\000i\000z\000a\000t\000i\000o\000n\000\040\000m\000o\000d\000u\000l\000e\000\040\000c\000o\000m\000p\000o\000n\000e\000n\000t}{section.2.7}% 29
\BOOKMARK [2][-]{subsection.2.7.5}{\376\377\000D\000A\000O\000\040\000m\000o\000d\000u\000l\000e}{section.2.7}% 30
\BOOKMARK [1][-]{section.2.8}{\376\377\000T\000e\000s\000t\000\040\000d\000e\000s\000i\000g\000n}{chapter.2}% 31
\BOOKMARK [2][-]{subsection.2.8.1}{\376\377\000I\000n\000c\000o\000r\000r\000e\000c\000t\000\040\000i\000n\000p\000u\000t}{section.2.8}% 32
\BOOKMARK [3][-]{subsubsection.2.8.1.1}{\376\377\000I\000n\000c\000o\000r\000r\000e\000c\000t\000\040\000a\000g\000e\000n\000t\000s}{subsection.2.8.1}% 33
\BOOKMARK [3][-]{subsubsection.2.8.1.2}{\376\377\000I\000n\000c\000o\000r\000r\000e\000c\000t\000\040\000g\000r\000a\000p\000h}{subsection.2.8.1}% 34
\BOOKMARK [3][-]{subsubsection.2.8.1.3}{\376\377\000I\000n\000c\000o\000r\000r\000e\000c\000t\000\040\000p\000l\000a\000n\000s}{subsection.2.8.1}% 35
\BOOKMARK [2][-]{subsection.2.8.2}{\376\377\000R\000e\000d\000u\000n\000d\000a\000n\000t\000\040\000s\000o\000l\000u\000t\000i\000o\000n}{section.2.8}% 36
\BOOKMARK [3][-]{subsubsection.2.8.2.1}{\376\377\000C\000o\000l\000l\000i\000s\000i\000o\000n\000\040\000t\000e\000s\000t}{subsection.2.8.2}% 37
\BOOKMARK [3][-]{subsubsection.2.8.2.2}{\376\377\000I\000n\000e\000f\000f\000e\000c\000t\000i\000v\000e\000\040\000p\000l\000a\000n\000s}{subsection.2.8.2}% 38
\BOOKMARK [0][-]{chapter.3}{\376\377\000M\000A\000P\000F\000-\000R\000\040\000v\000i\000s\000u\000a\000l\000i\000z\000a\000t\000i\000o\000n\000\040\000t\000o\000o\000l\000\040\000-\000\040\000C\000o\000n\000t\000i\000n\000u\000o\000u\000s\000V\000i\000z\000\040\000-\000\040\000d\000e\000v\000e\000l\000o\000p\000e\000r\000\040\000m\000a\000n\000u\000a\000l}{}% 39
\BOOKMARK [1][-]{section.3.1}{\376\377\000B\000u\000i\000l\000d}{chapter.3}% 40
\BOOKMARK [2][-]{subsection.3.1.1}{\376\377\000L\000i\000n\000u\000x}{section.3.1}% 41
\BOOKMARK [2][-]{subsection.3.1.2}{\376\377\000W\000i\000n\000d\000o\000w\000s}{section.3.1}% 42
\BOOKMARK [1][-]{section.3.2}{\376\377\000B\000u\000s\000i\000n\000e\000s\000s\000\040\000l\000o\000g\000i\000c}{chapter.3}% 43
\BOOKMARK [2][-]{subsection.3.2.1}{\376\377\000A\000g\000e\000n\000t}{section.3.2}% 44
\BOOKMARK [2][-]{subsection.3.2.2}{\376\377\000A\000g\000e\000n\000t\000S\000t\000a\000t\000e}{section.3.2}% 45
\BOOKMARK [2][-]{subsection.3.2.3}{\376\377\000P\000l\000a\000n}{section.3.2}% 46
\BOOKMARK [2][-]{subsection.3.2.4}{\376\377\000S\000t\000e\000p}{section.3.2}% 47
\BOOKMARK [2][-]{subsection.3.2.5}{\376\377\000T\000i\000m\000e\000I\000n\000t\000e\000r\000v\000a\000l}{section.3.2}% 48
\BOOKMARK [2][-]{subsection.3.2.6}{\376\377\000V\000e\000r\000t\000e\000x}{section.3.2}% 49
\BOOKMARK [2][-]{subsection.3.2.7}{\376\377\000E\000d\000g\000e}{section.3.2}% 50
\BOOKMARK [2][-]{subsection.3.2.8}{\376\377\000G\000r\000a\000p\000h}{section.3.2}% 51
\BOOKMARK [2][-]{subsection.3.2.9}{\376\377\000A\000g\000e\000n\000t\000C\000o\000n\000t\000r\000o\000l\000l\000e\000r}{section.3.2}% 52
\BOOKMARK [2][-]{subsection.3.2.10}{\376\377\000G\000r\000a\000p\000h\000C\000o\000n\000t\000r\000o\000l\000l\000e\000r}{section.3.2}% 53
\BOOKMARK [2][-]{subsection.3.2.11}{\376\377\000M\000a\000i\000n\000C\000o\000n\000t\000r\000o\000l\000l\000e\000r}{section.3.2}% 54
\BOOKMARK [1][-]{section.3.3}{\376\377\000S\000t\000a\000t\000i\000s\000t\000i\000c\000s}{chapter.3}% 55
\BOOKMARK [2][-]{subsection.3.3.1}{\376\377\000S\000p\000a\000c\000e\000T\000i\000m\000e\000D\000a\000t\000a}{section.3.3}% 56
\BOOKMARK [2][-]{subsection.3.3.2}{\376\377\000C\000o\000o\000r\000d\000i\000n\000a\000t\000e\000,\000\040\000V\000e\000c\000t\000o\000r\000D\000a\000t\000a}{section.3.3}% 57
\BOOKMARK [2][-]{subsection.3.3.3}{\376\377\000A\000g\000e\000n\000t\000M\000o\000v\000e\000m\000e\000n\000t}{section.3.3}% 58
\BOOKMARK [2][-]{subsection.3.3.4}{\376\377\000D\000i\000s\000t\000a\000n\000c\000e\000D\000a\000t\000a}{section.3.3}% 59
\BOOKMARK [2][-]{subsection.3.3.5}{\376\377\000C\000o\000l\000l\000i\000s\000i\000o\000n\000D\000a\000t\000a}{section.3.3}% 60
\BOOKMARK [2][-]{subsection.3.3.6}{\376\377\000C\000o\000l\000l\000i\000s\000i\000o\000n\000R\000i\000s\000k\000D\000a\000t\000a}{section.3.3}% 61
\BOOKMARK [2][-]{subsection.3.3.7}{\376\377\000A\000g\000e\000n\000t\000T\000i\000m\000e\000R\000a\000t\000i\000o}{section.3.3}% 62
\BOOKMARK [2][-]{subsection.3.3.8}{\376\377\000A\000g\000e\000n\000t\000T\000i\000m\000e\000R\000a\000t\000i\000o\000D\000a\000t\000a}{section.3.3}% 63
\BOOKMARK [2][-]{subsection.3.3.9}{\376\377\000S\000h\000o\000r\000t\000e\000s\000t\000D\000i\000s\000t\000a\000n\000c\000e\000D\000a\000t\000a}{section.3.3}% 64
\BOOKMARK [2][-]{subsection.3.3.10}{\376\377\000S\000t\000a\000t\000i\000s\000t\000i\000c\000s\000D\000a\000t\000a}{section.3.3}% 65
\BOOKMARK [2][-]{subsection.3.3.11}{\376\377\000M\000o\000v\000e\000m\000e\000n\000t\000A\000n\000a\000l\000y\000z\000e\000r}{section.3.3}% 66
\BOOKMARK [1][-]{section.3.4}{\376\377\000V\000i\000s\000u\000a\000l\000i\000z\000a\000t\000i\000o\000n}{chapter.3}% 67
\BOOKMARK [2][-]{subsection.3.4.1}{\376\377\000A\000g\000e\000n\000t\000V\000i\000s\000u\000a\000l}{section.3.4}% 68
\BOOKMARK [2][-]{subsection.3.4.2}{\376\377\000G\000r\000a\000p\000h\000V\000i\000s\000u\000a\000l}{section.3.4}% 69
\BOOKMARK [2][-]{subsection.3.4.3}{\376\377\000C\000o\000l\000o\000r\000S\000e\000t\000t\000e\000r}{section.3.4}% 70
\BOOKMARK [2][-]{subsection.3.4.4}{\376\377\000A\000n\000i\000m\000a\000t\000i\000o\000n\000C\000o\000n\000t\000r\000o\000l\000l\000e\000r}{section.3.4}% 71
\BOOKMARK [1][-]{section.3.5}{\376\377\000G\000U\000I}{chapter.3}% 72
\BOOKMARK [2][-]{subsection.3.5.1}{\376\377\000U\000p\000l\000o\000a\000d\000i\000n\000g\000\040\000s\000o\000l\000u\000t\000i\000o\000n}{section.3.5}% 73
\BOOKMARK [2][-]{subsection.3.5.2}{\376\377\000S\000t\000a\000r\000t\000i\000n\000g\000\040\000a\000n\000d\000\040\000c\000o\000n\000t\000r\000o\000l\000l\000i\000n\000g\000\040\000s\000o\000l\000u\000t\000i\000o\000n\000\040\000v\000i\000s\000u\000a\000l\000i\000z\000a\000t\000i\000o\000n}{section.3.5}% 74
\BOOKMARK [2][-]{subsection.3.5.3}{\376\377\000S\000e\000t\000t\000i\000n\000g\000\040\000u\000p\000\040\000c\000o\000l\000o\000r\000\040\000p\000a\000l\000e\000t\000t\000e\000s\000\040\000i\000n\000t\000e\000r\000f\000a\000c\000e}{section.3.5}% 75
\BOOKMARK [2][-]{subsection.3.5.4}{\376\377\000S\000e\000t\000t\000i\000n\000g\000\040\000u\000p\000\040\000s\000t\000a\000t\000i\000s\000t\000i\000c\000s\000\040\000i\000n\000t\000e\000r\000f\000a\000c\000e\000s}{section.3.5}% 76
\BOOKMARK [2][-]{subsection.3.5.5}{\376\377\000C\000o\000n\000v\000e\000r\000t\000i\000n\000g\000\040\000v\000i\000s\000u\000a\000l\000i\000z\000a\000t\000i\000o\000n\000\040\000i\000n\000t\000o\000\040\000p\000h\000o\000t\000o\000/\000v\000i\000d\000e\000o\000\040\000f\000o\000r\000m\000a\000t}{section.3.5}% 77
\BOOKMARK [1][-]{section.3.6}{\376\377\000D\000A\000O}{chapter.3}% 78
\BOOKMARK [2][-]{subsection.3.6.1}{\376\377\000D\000a\000t\000a\000R\000e\000a\000d\000e\000r}{section.3.6}% 79
\BOOKMARK [2][-]{subsection.3.6.2}{\376\377\000D\000a\000t\000a\000S\000e\000t}{section.3.6}% 80
\BOOKMARK [1][-]{section.3.7}{\376\377\000P\000h\000o\000t\000o\000V\000i\000d\000e\000o\000O\000u\000t\000p\000u\000t}{chapter.3}% 81
\BOOKMARK [2][-]{subsection.3.7.1}{\376\377\000P\000h\000o\000t\000o\000O\000u\000t\000p\000u\000t\000C\000o\000n\000t\000r\000o\000l\000l\000e\000r}{section.3.7}% 82
\BOOKMARK [2][-]{subsection.3.7.2}{\376\377\000V\000i\000d\000e\000o\000O\000u\000t\000p\000u\000t\000C\000o\000n\000t\000r\000o\000l\000l\000e\000r}{section.3.7}% 83
\BOOKMARK [1][-]{section.3.8}{\376\377\000T\000e\000s\000t\000\040\000r\000e\000s\000u\000l\000t\000s}{chapter.3}% 84
\BOOKMARK [2][-]{subsection.3.8.1}{\376\377\000I\000n\000c\000o\000r\000r\000e\000c\000t\000\040\000i\000n\000p\000u\000t}{section.3.8}% 85
\BOOKMARK [2][-]{subsection.3.8.2}{\376\377\000R\000e\000d\000u\000n\000d\000a\000n\000t\000\040\000i\000n\000p\000u\000t}{section.3.8}% 86
\BOOKMARK [0][-]{chapter.4}{\376\377\000T\000h\000e\000\040\000M\000A\000P\000F\000-\000R\000\040\000v\000i\000s\000u\000a\000l\000i\000z\000a\000t\000i\000o\000n\000\040\000t\000o\000o\000l\000\040\000-\000\040\000C\000o\000n\000t\000i\000n\000u\000o\000u\000s\000V\000i\000z\000\040\000-\000\040\000u\000s\000e\000r\000\040\000m\000a\000n\000u\000a\000l}{}% 87
\BOOKMARK [1][-]{section.4.1}{\376\377\000M\000a\000i\000n\000\040\000t\000o\000o\000l\000b\000a\000r\000\040\000o\000v\000e\000r\000v\000i\000e\000w}{chapter.4}% 88
\BOOKMARK [2][-]{subsection.4.1.1}{\376\377\000F\000i\000l\000e}{section.4.1}% 89
\BOOKMARK [3][-]{subsubsection.4.1.1.1}{\376\377\000N\000e\000w\000\040\000s\000o\000l\000u\000t\000i\000o\000n}{subsection.4.1.1}% 90
\BOOKMARK [3][-]{subsubsection.4.1.1.2}{\376\377\000S\000t\000a\000r\000t\000\040\000v\000i\000s\000u\000a\000l\000i\000z\000a\000t\000i\000o\000n}{subsection.4.1.1}% 91
\BOOKMARK [3][-]{subsubsection.4.1.1.3}{\376\377\000S\000o\000l\000u\000t\000i\000o\000n\000\040\000p\000a\000r\000a\000m\000e\000t\000e\000r\000s}{subsection.4.1.1}% 92
\BOOKMARK [3][-]{subsubsection.4.1.1.4}{\376\377\000C\000l\000e\000a\000r\000\040\000v\000i\000s\000u\000a\000l\000i\000z\000a\000t\000i\000o\000n}{subsection.4.1.1}% 93
\BOOKMARK [2][-]{subsection.4.1.2}{\376\377\000T\000h\000e\000\040\000v\000i\000s\000u\000a\000l\000i\000z\000a\000t\000i\000o\000n\000\040\000s\000c\000r\000e\000e\000n}{section.4.1}% 94
\BOOKMARK [3][-]{subsubsection.4.1.2.1}{\376\377\000Z\000o\000o\000m\000i\000n\000g}{subsection.4.1.2}% 95
\BOOKMARK [3][-]{subsubsection.4.1.2.2}{\376\377\000M\000a\000r\000k\000i\000n\000g\000\040\000a\000g\000e\000n\000t\000s}{subsection.4.1.2}% 96
\BOOKMARK [2][-]{subsection.4.1.3}{\376\377\000V\000i\000e\000w}{section.4.1}% 97
\BOOKMARK [3][-]{subsubsection.4.1.3.1}{\376\377\000S\000i\000n\000g\000l\000e\000\040\000a\000g\000e\000n\000t\000\040\000s\000t\000a\000t\000i\000s\000t\000i\000c\000s}{subsection.4.1.3}% 98
\BOOKMARK [3][-]{subsubsection.4.1.3.2}{\376\377\000D\000o\000u\000b\000l\000e\000\040\000a\000g\000e\000n\000t\000\040\000s\000t\000a\000t\000i\000s\000t\000i\000c\000s}{subsection.4.1.3}% 99
\BOOKMARK [3][-]{subsubsection.4.1.3.3}{\376\377\000C\000h\000a\000n\000g\000e\000\040\000c\000o\000l\000o\000r}{subsection.4.1.3}% 100
\BOOKMARK [3][-]{subsubsection.4.1.3.4}{\376\377\000G\000r\000a\000p\000h\000\040\000v\000i\000s\000i\000b\000l\000e}{subsection.4.1.3}% 101
\BOOKMARK [3][-]{subsubsection.4.1.3.5}{\376\377\000A\000g\000e\000n\000t\000\040\000v\000i\000s\000i\000b\000l\000e}{subsection.4.1.3}% 102
\BOOKMARK [2][-]{subsection.4.1.4}{\376\377\000P\000h\000o\000t\000o\000V\000i\000d\000e\000o\000O\000u\000t\000p\000u\000t}{section.4.1}% 103
\BOOKMARK [3][-]{subsubsection.4.1.4.1}{\376\377\000T\000a\000k\000e\000\040\000s\000n\000a\000p\000s\000h\000o\000t}{subsection.4.1.4}% 104
\BOOKMARK [3][-]{subsubsection.4.1.4.2}{\376\377\000S\000t\000a\000r\000t\000\040\000v\000i\000d\000e\000o\000/\000S\000t\000o\000p\000\040\000v\000i\000d\000e\000o}{subsection.4.1.4}% 105
\BOOKMARK [3][-]{subsubsection.4.1.4.3}{\376\377\000V\000i\000d\000e\000o\000S\000e\000t\000t\000i\000n\000g\000s}{subsection.4.1.4}% 106
\BOOKMARK [2][-]{subsection.4.1.5}{\376\377\000H\000e\000l\000p}{section.4.1}% 107
\BOOKMARK [2][-]{subsection.4.1.6}{\376\377\000T\000h\000e\000\040\000v\000i\000s\000u\000a\000l\000i\000z\000a\000t\000i\000o\000n\000\040\000c\000o\000n\000t\000r\000o\000l\000\040\000p\000a\000n\000e\000l}{section.4.1}% 108
\BOOKMARK [1][-]{section.4.2}{\376\377\000T\000h\000e\000\040\000s\000i\000n\000g\000l\000e\000\040\000a\000g\000e\000n\000t\000\040\000s\000t\000a\000t\000i\000s\000t\000i\000c\000s\000\040\000w\000i\000n\000d\000o\000w\000\040\000o\000v\000e\000r\000v\000i\000e\000w}{chapter.4}% 109
\BOOKMARK [1][-]{section.4.3}{\376\377\000T\000h\000e\000\040\000d\000o\000u\000b\000l\000e\000\040\000a\000g\000e\000n\000t\000\040\000s\000t\000a\000t\000i\000s\000t\000i\000c\000s\000\040\000w\000i\000n\000d\000o\000w\000\040\000o\000v\000e\000r\000v\000i\000e\000w}{chapter.4}% 110
\BOOKMARK [1][-]{section.4.4}{\376\377\000T\000h\000e\000\040\000g\000r\000o\000u\000p\000\040\000a\000g\000e\000n\000t\000\040\000s\000t\000a\000t\000i\000s\000t\000i\000c\000s\000\040\000w\000i\000n\000d\000o\000w\000\040\000o\000v\000e\000r\000v\000i\000e\000w}{chapter.4}% 111
\BOOKMARK [0][-]{chapter.5}{\376\377\000C\000o\000m\000p\000a\000r\000i\000s\000o\000n\000\040\000a\000n\000a\000l\000y\000s\000i\000s}{}% 112
\BOOKMARK [1][-]{subsection.5.0.1}{\376\377\000C\000o\000n\000c\000e\000p\000t\000u\000a\000l\000\040\000a\000n\000a\000l\000y\000s\000i\000s}{chapter.5}% 113
\BOOKMARK [2][-]{subsection.5.0.2}{\376\377\000T\000e\000c\000h\000n\000o\000l\000o\000g\000i\000c\000a\000l\000\040\000a\000n\000a\000l\000y\000s\000i\000s}{subsection.5.0.1}% 114
\BOOKMARK [2][-]{subsection.5.0.3}{\376\377\000C\000o\000m\000p\000a\000r\000i\000s\000o\000n\000\040\000s\000u\000m\000m\000a\000r\000y}{subsection.5.0.1}% 115
\BOOKMARK [0][-]{chapter.6}{\376\377\000A\000n\000a\000l\000y\000s\000i\000s\000\040\000o\000f\000\040\000M\000A\000P\000F\000-\000R\000\040\000v\000i\000s\000u\000a\000l\000i\000z\000a\000t\000i\000o\000n\000\040\000t\000o\000o\000l\000\040\000C\000o\000n\000t\000i\000n\000u\000o\000u\000s\000V\000i\000z\000\040\000e\000c\000o\000n\000o\000m\000i\000c\000\040\000i\000m\000p\000a\000c\000t\000\040\000o\000n\000\040\000l\000o\000g\000i\000s\000t\000i\000c\000s}{}% 116
\BOOKMARK [1][-]{section.6.1}{\376\377\000I\000n\000d\000u\000s\000t\000r\000y\000\040\0004\000.\0000}{chapter.6}% 117
\BOOKMARK [2][-]{subsection.6.1.1}{\376\377\000I\000n\000d\000u\000s\000t\000r\000y\000\040\0004\000.\0000\000\040\000f\000u\000n\000d\000a\000m\000e\000n\000t\000a\000l\000\040\000t\000e\000c\000h\000n\000o\000l\000o\000g\000i\000e\000s\000/\000c\000o\000n\000c\000e\000p\000t\000s}{section.6.1}% 118
\BOOKMARK [3][-]{subsubsection.6.1.1.1}{\376\377\000C\000y\000b\000e\000r\000-\000P\000h\000y\000s\000i\000c\000a\000l\000\040\000s\000y\000s\000t\000e\000m\000s}{subsection.6.1.1}% 119
\BOOKMARK [3][-]{subsubsection.6.1.1.2}{\376\377\000I\000n\000t\000e\000r\000n\000e\000t\000\040\000o\000f\000\040\000T\000h\000i\000n\000g\000s}{subsection.6.1.1}% 120
\BOOKMARK [3][-]{subsubsection.6.1.1.3}{\376\377\000S\000m\000a\000r\000t\000\040\000d\000a\000t\000a}{subsection.6.1.1}% 121
\BOOKMARK [3][-]{subsubsection.6.1.1.4}{\376\377\000S\000m\000a\000r\000t\000\040\000f\000a\000c\000t\000o\000r\000y}{subsection.6.1.1}% 122
\BOOKMARK [1][-]{section.6.2}{\376\377\000V\000i\000s\000u\000a\000l\000i\000z\000a\000t\000i\000o\000n\000\040\000i\000n\000\040\000I\000n\000d\000u\000s\000t\000r\000y\000\040\0004\000.\0000}{chapter.6}% 123
\BOOKMARK [2][-]{subsection.6.2.1}{\376\377\000V\000i\000s\000u\000a\000l\000i\000z\000a\000t\000i\000o\000n\000\040\000r\000e\000p\000l\000a\000c\000e\000m\000e\000n\000t\000\040\000c\000o\000n\000c\000e\000p\000t}{section.6.2}% 124
\BOOKMARK [2][-]{subsection.6.2.2}{\376\377\000V\000i\000s\000u\000a\000l\000i\000z\000a\000t\000i\000o\000n\000\040\000c\000r\000e\000a\000t\000i\000o\000n\000\040\000c\000o\000n\000c\000e\000p\000t}{section.6.2}% 125
\BOOKMARK [1][-]{section.6.3}{\376\377\000S\000m\000a\000r\000t\000\040\000L\000o\000g\000i\000s\000t\000i\000c\000s}{chapter.6}% 126
\BOOKMARK [2][-]{subsection.6.3.1}{\376\377\000A\000m\000a\000z\000o\000n\000\040\000w\000a\000r\000e\000h\000o\000u\000s\000e\000\040\000a\000u\000t\000o\000m\000a\000t\000i\000o\000n\000\040\000e\000x\000p\000e\000r\000i\000e\000n\000c\000e}{section.6.3}% 127
\BOOKMARK [2][-]{subsection.6.3.2}{\376\377\000M\000A\000P\000F\000-\000R\000\040\000v\000i\000s\000u\000a\000l\000i\000z\000a\000t\000i\000o\000n\000\040\000t\000o\000o\000l\000\040\000p\000r\000a\000c\000t\000i\000c\000a\000l\000\040\000a\000p\000p\000l\000i\000c\000a\000t\000i\000o\000n\000s\000\040\000i\000n\000\040\000w\000a\000r\000e\000h\000o\000u\000s\000e\000\040\000m\000a\000n\000a\000g\000e\000m\000e\000n\000t}{section.6.3}% 128
\BOOKMARK [1][-]{section.6.4}{\376\377\000E\000c\000o\000n\000o\000m\000i\000c\000\040\000a\000s\000s\000e\000s\000s\000m\000e\000n\000t\000\040\000s\000u\000m\000m\000a\000r\000y}{chapter.6}% 129
\BOOKMARK [0][-]{chapter*.6}{\376\377\000C\000o\000n\000c\000l\000u\000s\000i\000o\000n}{}% 130
\BOOKMARK [0][-]{chapter*.7}{\376\377\000B\000i\000b\000l\000i\000o\000g\000r\000a\000p\000h\000y}{}% 131
\BOOKMARK [0][-]{appendix.A}{\376\377\000L\000i\000s\000t\000\040\000o\000f\000\040\000a\000b\000b\000r\000e\000v\000i\000a\000t\000i\000o\000n\000s\000\040\000u\000s\000e\000d}{}% 132
\BOOKMARK [0][-]{appendix.B}{\376\377\000C\000o\000n\000t\000i\000n\000u\000o\000u\000s\000V\000i\000z\000\040\000c\000l\000a\000s\000s\000\040\000d\000i\000a\000g\000r\000a\000m\000s}{}% 133
\BOOKMARK [0][-]{appendix.C}{\376\377\000I\000n\000p\000u\000t\000\040\000d\000a\000t\000a\000\040\000f\000i\000l\000e\000s\000\040\000e\000x\000a\000m\000p\000l\000e\000s}{}% 134
\BOOKMARK [0][-]{appendix.D}{\376\377\000C\000o\000n\000t\000e\000n\000t\000s\000\040\000o\000f\000\040\000t\000h\000e\000\040\000e\000n\000c\000l\000o\000s\000e\000d\000\040\000f\000l\000a\000s\000h\000\040\000d\000i\000s\000k}{}% 135
