This is pdfTeX, Version 3.14159265-2.6-1.40.19 (TeX Live 2019/dev/Debian) (preloaded format=pdflatex 2018.12.17)  19 SEP 2020 15:38
entering extended mode
 restricted \write18 enabled.
 %&-line parsing enabled.
**DP_Priklad.tex
(./DP_Priklad.tex
LaTeX2e <2018-04-01> patch level 5
(./FITthesis.cls
Document Class: FITthesis 2019/12/23 CTU FIT standard class for theses
(/usr/share/texlive/texmf-dist/tex/latex/memoir/memoir.cls
Document Class: memoir 2018/04/04 v3.7g configurable book, report, article docu
ment class
\onelineskip=\skip41
\lxvchars=\skip42
\xlvchars=\skip43
\@memcnta=\count80
\c@@memmarkcntra=\count81
(/usr/share/texlive/texmf-dist/tex/generic/oberdiek/ifpdf.sty
Package: ifpdf 2017/03/15 v3.2 Provides the ifpdf switch
)
(/usr/share/texlive/texmf-dist/tex/latex/ifetex/ifetex.sty
Package: ifetex 2018/03/31 v1.2a ifetex

(/usr/share/texlive/texmf-dist/tex/plain/ifetex/ifetex.tex))
(/usr/share/texlive/texmf-dist/tex/generic/ifxetex/ifxetex.sty
Package: ifxetex 2010/09/12 v0.6 Provides ifxetex conditional
)
(/usr/share/texlive/texmf-dist/tex/generic/oberdiek/ifluatex.sty
Package: ifluatex 2016/05/16 v1.4 Provides the ifluatex switch (HO)
Package ifluatex Info: LuaTeX not detected.
)
\stockheight=\skip44
\stockwidth=\skip45
\trimtop=\skip46
\trimedge=\skip47

(/usr/share/texlive/texmf-dist/tex/latex/memoir/mem11.clo
File: mem11.clo 2008/01/30 v0.3 memoir class 11pt size option
)
\binding=\skip48
\spinemargin=\skip49
\foremargin=\skip50
\uppermargin=\skip51
\lowermargin=\skip52
\headdrop=\skip53
\normalrulethickness=\skip54
\mem@maxheadheight=\skip55
\mem@maxfootheight=\skip56
\headwidth=\skip57
\c@storedpagenumber=\count82
\memPD=\dimen102
\m@mabparskip=\skip58
\thanksmarkwidth=\skip59
\thanksmarksep=\skip60
\droptitle=\skip61
\c@book=\count83
\c@part=\count84
\c@chapter=\count85
\c@section=\count86
\c@subsection=\count87
\c@subsubsection=\count88
\c@paragraph=\count89
\c@subparagraph=\count90
\beforechapskip=\skip62
\midchapskip=\skip63
\afterchapskip=\skip64
\chapindent=\skip65
\bottomsectionskip=\skip66
\secindent=\skip67
\beforesecskip=\skip68
\aftersecskip=\skip69
\subsecindent=\skip70
\beforesubsecskip=\skip71
\aftersubsecskip=\skip72
\subsubsecindent=\skip73
\beforesubsubsecskip=\skip74
\aftersubsubsecskip=\skip75
\paraindent=\skip76
\beforeparaskip=\skip77
\afterparaskip=\skip78
\subparaindent=\skip79
\beforesubparaskip=\skip80
\aftersubparaskip=\skip81
\pfbreakskip=\skip82
\c@@ppsavesec=\count91
\c@@ppsaveapp=\count92
\ragrparindent=\dimen103
\everylistparindent=\dimen104
\parsepi=\skip83
\topsepi=\skip84
\itemsepi=\skip85
\parsepii=\skip86
\topsepii=\skip87
\topsepiii=\skip88
\itemsepii=\skip89
\itemsepiii=\skip90
\partopsepii=\skip91
\partopsepiii=\skip92
\m@msavetopsep=\skip93
\m@msavepartopsep=\skip94
\@enLab=\toks14
\abstitleskip=\skip95
\absleftindent=\skip96
\abs@leftindent=\dimen105
\absrightindent=\skip97
\absparindent=\skip98
\absparsep=\skip99
\c@vslineno=\count93
\c@poemline=\count94
\c@modulo@vs=\count95
\c@memfvsline=\count96
\vleftskip=\skip100
\vrightskip=\skip101
\stanzaskip=\skip102
\versewidth=\skip103
\vgap=\skip104
\vindent=\skip105
\vleftmargin=\dimen106
\c@verse=\count97
\c@chrsinstr=\count98
\beforepoemtitleskip=\skip106
\afterpoemtitleskip=\skip107
\c@poem=\count99
\beforePoemTitleskip=\skip108
\midPoemTitleskip=\skip109
\afterPoemTitleskip=\skip110
\col@sep=\dimen107
\extrarowheight=\dimen108
\NC@list=\toks15
\extratabsurround=\skip111
\backup@length=\skip112
\TX@col@width=\dimen109
\TX@old@table=\dimen110
\TX@old@col=\dimen111
\TX@target=\dimen112
\TX@delta=\dimen113
\TX@cols=\count100
\TX@ftn=\toks16
\heavyrulewidth=\dimen114
\lightrulewidth=\dimen115
\cmidrulewidth=\dimen116
\belowrulesep=\dimen117
\belowbottomsep=\dimen118
\aboverulesep=\dimen119
\abovetopsep=\dimen120
\cmidrulesep=\dimen121
\cmidrulekern=\dimen122
\defaultaddspace=\dimen123
\@cmidla=\count101
\@cmidlb=\count102
\@aboverulesep=\dimen124
\@belowrulesep=\dimen125
\@thisruleclass=\count103
\@lastruleclass=\count104
\@thisrulewidth=\dimen126
\ctableftskip=\skip113
\ctabrightskip=\skip114
\abovecolumnspenalty=\count105
\@linestogo=\count106
\@cellstogo=\count107
\@cellsincolumn=\count108
\crtok=\toks17
\@mincolumnwidth=\dimen127
\c@newflo@tctr=\count109
\mem@margin@floatbox=\box26
\@contcwidth=\skip115
\@contindw=\skip116
\abovecaptionskip=\skip117
\belowcaptionskip=\skip118
\subfloattopskip=\skip119
\subfloatcapskip=\skip120
\subfloatcaptopadj=\skip121
\subfloatbottomskip=\skip122
\subfloatlabelskip=\skip123
\subfloatcapmargin=\dimen128
\c@@contsubnum=\count110
\m@mscap@capbox=\box27
\m@mscap@fbox=\box28
\sidecapsep=\dimen129
\sidecapwidth=\dimen130
\m@m@tempdima=\dimen131
\m@mscapraise=\dimen132
\sidecapraise=\dimen133
\m@mscapmainwidth=\dimen134
\m@mscaplkern=\dimen135
\beforeepigraphskip=\skip124
\afterepigraphskip=\skip125
\epigraphwidth=\skip126
\epigraphrule=\skip127
LaTeX Info: Redefining \em on input line 7578.
LaTeX Info: Redefining \emph on input line 7586.
\tocentryskip=\skip128
\tocbaseline=\skip129
\cftparskip=\skip130
\cftbeforebookskip=\skip131
\cftbookindent=\dimen136
\cftbooknumwidth=\dimen137
\cftbeforepartskip=\skip132
\cftpartindent=\skip133
\cftpartnumwidth=\skip134
\cftbeforechapterskip=\skip135
\cftchapterindent=\skip136
\cftchapternumwidth=\skip137
\cftbeforesectionskip=\skip138
\cftsectionindent=\skip139
\cftsectionnumwidth=\skip140
\cftbeforesubsectionskip=\skip141
\cftsubsectionindent=\skip142
\cftsubsectionnumwidth=\skip143
\cftbeforesubsubsectionskip=\skip144
\cftsubsubsectionindent=\skip145
\cftsubsubsectionnumwidth=\skip146
\cftbeforeparagraphskip=\skip147
\cftparagraphindent=\skip148
\cftparagraphnumwidth=\skip149
\cftbeforesubparagraphskip=\skip150
\cftsubparagraphindent=\skip151
\cftsubparagraphnumwidth=\skip152
\prechapterprecisshift=\dimen138
\c@maxsecnumdepth=\count111
\bibindent=\dimen139
\bibitemsep=\skip153
\indexcolsep=\skip154
\indexrule=\skip155
\indexmarkstyle=\toks18
\@indexbox=\insert199
\glossarycolsep=\dimen140
\glossaryrule=\dimen141
\sideparvshift=\skip156
\sideins=\insert198
\sidebartopsep=\skip157
\sidebarhsep=\skip158
\sidebarvsep=\skip159
\sidebarwidth=\skip160
\footmarkwidth=\skip161
\footmarksep=\skip162
\footparindent=\skip163
\footinsdim=\skip164
\footinsv@r=\insert197
\@mpfootinsv@r=\insert196
\m@m@k=\count112
\m@m@h=\dimen142
\m@mipn@skip=\skip165
\sidefootins=\insert195
\sidefootadjust=\skip166
\sidefootheight=\skip167
\sidefoothsep=\skip168
\sidefootvsep=\skip169
\sidefootwidth=\skip170
\m@mdownsf=\skip171
\c@sidefootnote=\count113
\sidefootmarkwidth=\skip172
\sidefootmarksep=\skip173
\sidefootparindent=\skip174
\c@pagenote=\count114
\c@pagenoteshadow=\count115
\mem@pn@lastkern=\skip175
\every@verbatim=\toks19
\afterevery@verbatim=\toks20
\verbatim@line=\toks21
\tab@position=\count116
\verbatim@in@stream=\read1
\verbatimindent=\skip176
\verbatim@out=\write3
\bvboxsep=\skip177
\c@memfbvline=\count117
\c@bvlinectr=\count118
\bvnumlength=\skip178
\fb@frw=\dimen143
\fb@frh=\dimen144
\FrameRule=\dimen145
\FrameSep=\dimen146
\c@cp@cntr=\count119
LaTeX Info: Redefining \: on input line 12100.
LaTeX Info: Redefining \! on input line 12102.
\c@ism@mctr=\count120
\c@xsm@mctr=\count121
\c@csm@mctr=\count122
\c@ksm@mctr=\count123
\c@xksm@mctr=\count124
\c@cksm@mctr=\count125
\c@msm@mctr=\count126
\c@xmsm@mctr=\count127
\c@cmsm@mctr=\count128
\c@bsm@mctr=\count129
\c@workm@mctr=\count130
\c@sheetsequence=\count131
\c@lastsheet=\count132
\c@lastpage=\count133
\c@figure=\count134
\c@lofdepth=\count135
\cftbeforefigureskip=\skip179
\cftfigureindent=\skip180
\cftfigurenumwidth=\skip181
\c@table=\count136
\c@lotdepth=\count137
\cftbeforetableskip=\skip182
\cfttableindent=\skip183
\cfttablenumwidth=\skip184
Package abstract [2008/07/23] emulated by memoir.
Package appendix [2008/07/23] emulated by memoir.
Package array [2016/10/06] emulated by memoir.
Package booktabs [2016/05/16] emulated by memoir.
Package ccaption [2008/07/23] emulated by memoir.
Package changepage [2008/07/23] emulated by memoir.
Package chngcntr [2008/07/23] emulated by memoir.
Package chngpage [2008/07/23] emulated by memoir.
Package crop emulated by memoir.
Package dcolumn [2008/07/23] emulated by memoir.
Package delarray [2014/10/28] emulated by memoir.
Package enumerate [2008/07/23] emulated by memoir.
Package epigraph [2008/07/23] emulated by memoir.
Package ifmtarg [2008/07/23] emulated by memoir.
Package index [2008/07/23] emulated by memoir.
Package makeidx [2008/07/23] emulated by memoir.
Package moreverb [2008/07/23] emulated by memoir.
Package mparhack [2008/07/23] emulated by memoir.
Package needspace [2008/07/23] emulated by memoir.
Package newfile [2008/07/23] emulated by memoir.
Package nextpage [2008/07/23] emulated by memoir.
Package pagenote [2008/07/23] emulated by memoir.
Package parskip [2008/07/23] emulated by memoir.
Package patchcmd [2008/07/23] emulated by memoir.
Package setspace [2008/07/23] emulated by memoir.
Package shortvrb [2008/07/23] emulated by memoir.
Package showidx [2008/07/23] emulated by memoir.
Package tabularx [2016/02/03] emulated by memoir.
Package titleref [2008/07/23] emulated by memoir.
Package titling [2008/07/23] emulated by memoir.
Package tocbibind [2008/07/23] emulated by memoir.
Package tocloft [2008/07/23] emulated by memoir.
Package tocvsec2 [2008/07/23] emulated by memoir.
Package verbatim [2008/07/23] emulated by memoir.
Package verse [2008/07/23] emulated by memoir.
)
(/usr/share/texlive/texmf-dist/tex/generic/babel/babel.sty
Package: babel 2018/06/05 3.22 The Babel package

(/usr/share/texlive/texmf-dist/tex/generic/babel/switch.def
File: switch.def 2018/06/05 3.22 Babel switching mechanism
)
(/usr/share/texlive/texmf-dist/tex/generic/babel-czech/czech.ldf
Language: czech 2008/07/06 v3.1a Czech support from the babel system

(/usr/share/texlive/texmf-dist/tex/generic/babel/babel.def
File: babel.def 2018/06/05 3.22 Babel common definitions
\babel@savecnt=\count138
\U@D=\dimen147

(/usr/share/texlive/texmf-dist/tex/generic/babel/txtbabel.def)
\bbl@dirlevel=\count139
)
Package babel Info: Making " an active character on input line 172.
\cs@wordlen=\count140
Package babel Info: Making - an active character on input line 226.
)
(/usr/share/texlive/texmf-dist/tex/generic/babel-english/english.ldf
Language: english 2017/06/06 v3.3r English support from the babel system
\l@canadian = a dialect from \language\l@american 
\l@australian = a dialect from \language\l@british 
\l@newzealand = a dialect from \language\l@british 
)
(/usr/share/texlive/texmf-dist/tex/generic/babel-english/english.ldf
Language: english 2017/06/06 v3.3r English support from the babel system
))
(/usr/share/texlive/texmf-dist/tex/latex/hyperref/hyperref.sty
Package: hyperref 2018/02/06 v6.86b Hypertext links for LaTeX

(/usr/share/texlive/texmf-dist/tex/generic/oberdiek/hobsub-hyperref.sty
Package: hobsub-hyperref 2016/05/16 v1.14 Bundle oberdiek, subset hyperref (HO)


(/usr/share/texlive/texmf-dist/tex/generic/oberdiek/hobsub-generic.sty
Package: hobsub-generic 2016/05/16 v1.14 Bundle oberdiek, subset generic (HO)
Package: hobsub 2016/05/16 v1.14 Construct package bundles (HO)
Package: infwarerr 2016/05/16 v1.4 Providing info/warning/error messages (HO)
Package: ltxcmds 2016/05/16 v1.23 LaTeX kernel commands for general use (HO)
Package hobsub Info: Skipping package `ifluatex' (already loaded).
Package: ifvtex 2016/05/16 v1.6 Detect VTeX and its facilities (HO)
Package ifvtex Info: VTeX not detected.
Package: intcalc 2016/05/16 v1.2 Expandable calculations with integers (HO)
Package hobsub Info: Skipping package `ifpdf' (already loaded).
Package: etexcmds 2016/05/16 v1.6 Avoid name clashes with e-TeX commands (HO)
Package: kvsetkeys 2016/05/16 v1.17 Key value parser (HO)
Package: kvdefinekeys 2016/05/16 v1.4 Define keys (HO)
Package: pdftexcmds 2018/01/30 v0.27 Utility functions of pdfTeX for LuaTeX (HO
)
Package pdftexcmds Info: LuaTeX not detected.
Package pdftexcmds Info: \pdf@primitive is available.
Package pdftexcmds Info: \pdf@ifprimitive is available.
Package pdftexcmds Info: \pdfdraftmode found.
Package: pdfescape 2016/05/16 v1.14 Implements pdfTeX's escape features (HO)
Package: bigintcalc 2016/05/16 v1.4 Expandable calculations on big integers (HO
)
Package: bitset 2016/05/16 v1.2 Handle bit-vector datatype (HO)
Package: uniquecounter 2016/05/16 v1.3 Provide unlimited unique counter (HO)
)
Package hobsub Info: Skipping package `hobsub' (already loaded).
Package: letltxmacro 2016/05/16 v1.5 Let assignment for LaTeX macros (HO)
Package: hopatch 2016/05/16 v1.3 Wrapper for package hooks (HO)
Package: xcolor-patch 2016/05/16 xcolor patch
Package: atveryend 2016/05/16 v1.9 Hooks at the very end of document (HO)
Package atveryend Info: \enddocument detected (standard20110627).
Package: atbegshi 2016/06/09 v1.18 At begin shipout hook (HO)
Package: refcount 2016/05/16 v3.5 Data extraction from label references (HO)
Package: hycolor 2016/05/16 v1.8 Color options for hyperref/bookmark (HO)
)
(/usr/share/texlive/texmf-dist/tex/latex/graphics/keyval.sty
Package: keyval 2014/10/28 v1.15 key=value parser (DPC)
\KV@toks@=\toks22
)
(/usr/share/texlive/texmf-dist/tex/latex/oberdiek/auxhook.sty
Package: auxhook 2016/05/16 v1.4 Hooks for auxiliary files (HO)
)
(/usr/share/texlive/texmf-dist/tex/latex/oberdiek/kvoptions.sty
Package: kvoptions 2016/05/16 v3.12 Key value format for package options (HO)
)
\@linkdim=\dimen148
\Hy@linkcounter=\count141
\Hy@pagecounter=\count142

(/usr/share/texlive/texmf-dist/tex/latex/hyperref/pd1enc.def
File: pd1enc.def 2018/02/06 v6.86b Hyperref: PDFDocEncoding definition (HO)
Now handling font encoding PD1 ...
... no UTF-8 mapping file for font encoding PD1
)
\Hy@SavedSpaceFactor=\count143

(/usr/share/texlive/texmf-dist/tex/latex/latexconfig/hyperref.cfg
File: hyperref.cfg 2002/06/06 v1.2 hyperref configuration of TeXLive
)
Package hyperref Info: Option `unicode' set `true' on input line 4383.

(/usr/share/texlive/texmf-dist/tex/latex/hyperref/puenc.def
File: puenc.def 2018/02/06 v6.86b Hyperref: PDF Unicode definition (HO)
Now handling font encoding PU ...
... no UTF-8 mapping file for font encoding PU
)
Package hyperref Info: Option `pdfusetitle' set `true' on input line 4383.
Package hyperref Info: Hyper figures OFF on input line 4509.
Package hyperref Info: Link nesting OFF on input line 4514.
Package hyperref Info: Hyper index ON on input line 4517.
Package hyperref Info: Plain pages OFF on input line 4524.
Package hyperref Info: Backreferencing OFF on input line 4529.
Package hyperref Info: Implicit mode ON; LaTeX internals redefined.
Package hyperref Info: Bookmarks ON on input line 4762.
\c@Hy@tempcnt=\count144

(/usr/share/texlive/texmf-dist/tex/latex/url/url.sty
\Urlmuskip=\muskip10
Package: url 2013/09/16  ver 3.4  Verb mode for urls, etc.
)
LaTeX Info: Redefining \url on input line 5115.
\XeTeXLinkMargin=\dimen149
\Fld@menulength=\count145
\Field@Width=\dimen150
\Fld@charsize=\dimen151
Package hyperref Info: Hyper figures OFF on input line 6369.
Package hyperref Info: Link nesting OFF on input line 6374.
Package hyperref Info: Hyper index ON on input line 6377.
Package hyperref Info: backreferencing OFF on input line 6384.
Package hyperref Info: Link coloring OFF on input line 6389.
Package hyperref Info: Link coloring with OCG OFF on input line 6394.
Package hyperref Info: PDF/A mode OFF on input line 6399.
LaTeX Info: Redefining \ref on input line 6439.
LaTeX Info: Redefining \pageref on input line 6443.
\Hy@abspage=\count146
\c@Item=\count147
\c@Hfootnote=\count148
)
(/usr/share/texlive/texmf-dist/tex/latex/memoir/memhfixc.sty
Package: memhfixc 2013/05/30 v1.17 nameref/hyperref package fixes for memoir cl
ass
\c@memhycontfloat=\count149
\c@Hpagenote=\count150
)
Package hyperref Info: Driver (autodetected): hpdftex.

(/usr/share/texlive/texmf-dist/tex/latex/hyperref/hpdftex.def
File: hpdftex.def 2018/02/06 v6.86b Hyperref driver for pdfTeX
\Fld@listcount=\count151
\c@bookmark@seq@number=\count152

(/usr/share/texlive/texmf-dist/tex/latex/oberdiek/rerunfilecheck.sty
Package: rerunfilecheck 2016/05/16 v1.8 Rerun checks for auxiliary files (HO)
Package uniquecounter Info: New unique counter `rerunfilecheck' on input line 2
82.
)
\Hy@SectionHShift=\skip185
)
(/usr/share/texlive/texmf-dist/tex/latex/ellipsis/ellipsis.sty
Package: ellipsis 2004/9/28 v1.6 ellipsis: fixes spacing around \protect \globa
l \let \OT1\textellipsis .\kern \fontdimen 3\font .\kern \fontdimen 3\font .\ke
rn \fontdimen 3\font \OT1\textellipsis 

(/usr/share/texlive/texmf-dist/tex/latex/tools/xspace.sty
Package: xspace 2014/10/28 v1.13 Space after command names (DPC,MH)
))
(/usr/share/texmf/tex/latex/lm/lmodern.sty
Package: lmodern 2009/10/30 v1.6 Latin Modern Fonts
LaTeX Font Info:    Overwriting symbol font `operators' in version `normal'
(Font)                  OT1/cmr/m/n --> OT1/lmr/m/n on input line 22.
LaTeX Font Info:    Overwriting symbol font `letters' in version `normal'
(Font)                  OML/cmm/m/it --> OML/lmm/m/it on input line 23.
LaTeX Font Info:    Overwriting symbol font `symbols' in version `normal'
(Font)                  OMS/cmsy/m/n --> OMS/lmsy/m/n on input line 24.
LaTeX Font Info:    Overwriting symbol font `largesymbols' in version `normal'
(Font)                  OMX/cmex/m/n --> OMX/lmex/m/n on input line 25.
LaTeX Font Info:    Overwriting symbol font `operators' in version `bold'
(Font)                  OT1/cmr/bx/n --> OT1/lmr/bx/n on input line 26.
LaTeX Font Info:    Overwriting symbol font `letters' in version `bold'
(Font)                  OML/cmm/b/it --> OML/lmm/b/it on input line 27.
LaTeX Font Info:    Overwriting symbol font `symbols' in version `bold'
(Font)                  OMS/cmsy/b/n --> OMS/lmsy/b/n on input line 28.
LaTeX Font Info:    Overwriting symbol font `largesymbols' in version `bold'
(Font)                  OMX/cmex/m/n --> OMX/lmex/m/n on input line 29.
LaTeX Font Info:    Overwriting math alphabet `\mathbf' in version `normal'
(Font)                  OT1/cmr/bx/n --> OT1/lmr/bx/n on input line 31.
LaTeX Font Info:    Overwriting math alphabet `\mathsf' in version `normal'
(Font)                  OT1/cmss/m/n --> OT1/lmss/m/n on input line 32.
LaTeX Font Info:    Overwriting math alphabet `\mathit' in version `normal'
(Font)                  OT1/cmr/m/it --> OT1/lmr/m/it on input line 33.
LaTeX Font Info:    Overwriting math alphabet `\mathtt' in version `normal'
(Font)                  OT1/cmtt/m/n --> OT1/lmtt/m/n on input line 34.
LaTeX Font Info:    Overwriting math alphabet `\mathbf' in version `bold'
(Font)                  OT1/cmr/bx/n --> OT1/lmr/bx/n on input line 35.
LaTeX Font Info:    Overwriting math alphabet `\mathsf' in version `bold'
(Font)                  OT1/cmss/bx/n --> OT1/lmss/bx/n on input line 36.
LaTeX Font Info:    Overwriting math alphabet `\mathit' in version `bold'
(Font)                  OT1/cmr/bx/it --> OT1/lmr/bx/it on input line 37.
LaTeX Font Info:    Overwriting math alphabet `\mathtt' in version `bold'
(Font)                  OT1/cmtt/m/n --> OT1/lmtt/m/n on input line 38.
)
(/usr/share/texlive/texmf-dist/tex/latex/graphics/graphicx.sty
Package: graphicx 2017/06/01 v1.1a Enhanced LaTeX Graphics (DPC,SPQR)

(/usr/share/texlive/texmf-dist/tex/latex/graphics/graphics.sty
Package: graphics 2017/06/25 v1.2c Standard LaTeX Graphics (DPC,SPQR)

(/usr/share/texlive/texmf-dist/tex/latex/graphics/trig.sty
Package: trig 2016/01/03 v1.10 sin cos tan (DPC)
)
(/usr/share/texlive/texmf-dist/tex/latex/graphics-cfg/graphics.cfg
File: graphics.cfg 2016/06/04 v1.11 sample graphics configuration
)
Package graphics Info: Driver file: pdftex.def on input line 99.

(/usr/share/texlive/texmf-dist/tex/latex/graphics-def/pdftex.def
File: pdftex.def 2018/01/08 v1.0l Graphics/color driver for pdftex
))
\Gin@req@height=\dimen152
\Gin@req@width=\dimen153
)
(/usr/share/texlive/texmf-dist/tex/latex/etoolbox/etoolbox.sty
Package: etoolbox 2018/08/19 v2.5f e-TeX tools for LaTeX (JAW)
\etb@tempcnta=\count153
)

******************************************************
Stock height and width: 845.04684pt by 597.50787pt
Top and edge trims: 0pt and 0pt
Page height and width: 845.04684pt by 597.50787pt
Text height and width: 595.80026pt by 369pt
Spine and edge margins: 113.81102pt and 114.69685pt
Upper and lower margins: 126.74379pt and 122.50279pt
Headheight and headsep: 13.6pt and 19.8738pt
Footskip: 27.46295pt
Columnsep and columnseprule: 10pt and 0pt
Marginparsep and marginparwidth: 7pt and 100.69685pt
Sidecapsep and sidecapwidth: 7pt and 101pt
Sidebarhsep and sidebarwidth: 7pt and 101pt
Sidebarvsep and sidebartopsep: 13.6pt and 0pt
Sidebarheight: 594.32022pt
Sidefoothsep and sidefootwidth: 7pt and 101pt
Sidefootvsep and sidefootheight: 13.6pt and 594.32022pt
******************************************************

) (/usr/share/texlive/texmf-dist/tex/latex/base/inputenc.sty
Package: inputenc 2018/04/06 v1.3b Input encoding file
\inpenc@prehook=\toks23
\inpenc@posthook=\toks24
)
(/usr/share/texlive/texmf-dist/tex/generic/dirtree/dirtree.sty
Package: dirtree 2012/12/11 v0.32 package wrapper for dirtree

(/usr/share/texlive/texmf-dist/tex/generic/dirtree/dirtree.tex
`dirtree' v0.32, 2012/12/11 (jcc)
\DT@offset=\dimen154
\DT@width=\dimen155
\DT@sep=\dimen156
\DT@all=\dimen157
\DT@rulewidth=\dimen158
\DT@dotwidth=\dimen159
\DTbaselineskip=\dimen160
\DT@counti=\count154
\DT@countii=\count155
\DT@countiii=\count156
\DT@countiv=\count157
\DT@indent=\dimen161
\DT@parskip=\dimen162
\DT@baselineskip=\dimen163
)
File: dirtree.tex 2012/12/11 v0.32 `dirtree' (jcc)
)
(/usr/share/texlive/texmf-dist/tex/latex/amsmath/amsmath.sty
Package: amsmath 2017/09/02 v2.17a AMS math features
\@mathmargin=\skip186

For additional information on amsmath, use the `?' option.
(/usr/share/texlive/texmf-dist/tex/latex/amsmath/amstext.sty
Package: amstext 2000/06/29 v2.01 AMS text

(/usr/share/texlive/texmf-dist/tex/latex/amsmath/amsgen.sty
File: amsgen.sty 1999/11/30 v2.0 generic functions
\@emptytoks=\toks25
\ex@=\dimen164
))
(/usr/share/texlive/texmf-dist/tex/latex/amsmath/amsbsy.sty
Package: amsbsy 1999/11/29 v1.2d Bold Symbols
\pmbraise@=\dimen165
)
(/usr/share/texlive/texmf-dist/tex/latex/amsmath/amsopn.sty
Package: amsopn 2016/03/08 v2.02 operator names
)
\inf@bad=\count158
LaTeX Info: Redefining \frac on input line 213.
\uproot@=\count159
\leftroot@=\count160
LaTeX Info: Redefining \overline on input line 375.
\classnum@=\count161
\DOTSCASE@=\count162
LaTeX Info: Redefining \ldots on input line 472.
LaTeX Info: Redefining \dots on input line 475.
LaTeX Info: Redefining \cdots on input line 596.
\Mathstrutbox@=\box29
\strutbox@=\box30
\big@size=\dimen166
LaTeX Font Info:    Redeclaring font encoding OML on input line 712.
LaTeX Font Info:    Redeclaring font encoding OMS on input line 713.
\macc@depth=\count163
\c@MaxMatrixCols=\count164
\dotsspace@=\muskip11
\c@parentequation=\count165
\dspbrk@lvl=\count166
\tag@help=\toks26
\row@=\count167
\column@=\count168
\maxfields@=\count169
\andhelp@=\toks27
\eqnshift@=\dimen167
\alignsep@=\dimen168
\tagshift@=\dimen169
\tagwidth@=\dimen170
\totwidth@=\dimen171
\lineht@=\dimen172
\@envbody=\toks28
\multlinegap=\skip187
\multlinetaggap=\skip188
\mathdisplay@stack=\toks29
LaTeX Info: Redefining \[ on input line 2817.
LaTeX Info: Redefining \] on input line 2818.
)
(/usr/share/texlive/texmf-dist/tex/latex/algorithms/algorithm.sty
Package: algorithm 2009/08/24 v0.1 Document Style `algorithm' - floating enviro
nment

(/usr/share/texlive/texmf-dist/tex/latex/float/float.sty
Package: float 2001/11/08 v1.3d Float enhancements (AL)
\c@float@type=\count170
\float@exts=\toks30
\float@box=\box31
\@float@everytoks=\toks31
\@floatcapt=\box32
)
(/usr/share/texlive/texmf-dist/tex/latex/base/ifthen.sty
Package: ifthen 2014/09/29 v1.1c Standard LaTeX ifthen package (DPC)
)
\@float@every@algorithm=\toks32
\c@algorithm=\count171
)
(/usr/share/texlive/texmf-dist/tex/latex/algorithms/algorithmic.sty
Package: algorithmic 2009/08/24 v0.1 Document Style `algorithmic'
\c@ALC@unique=\count172
\c@ALC@line=\count173
\c@ALC@rem=\count174
\c@ALC@depth=\count175
\ALC@tlm=\skip189
\algorithmicindent=\skip190
)
(/usr/share/texlive/texmf-dist/tex/latex/listings/listings.sty
\lst@mode=\count176
\lst@gtempboxa=\box33
\lst@token=\toks33
\lst@length=\count177
\lst@currlwidth=\dimen173
\lst@column=\count178
\lst@pos=\count179
\lst@lostspace=\dimen174
\lst@width=\dimen175
\lst@newlines=\count180
\lst@lineno=\count181
\lst@maxwidth=\dimen176

(/usr/share/texlive/texmf-dist/tex/latex/listings/lstmisc.sty
File: lstmisc.sty 2015/06/04 1.6 (Carsten Heinz)
\c@lstnumber=\count182
\lst@skipnumbers=\count183
\lst@framebox=\box34
)
(/usr/share/texlive/texmf-dist/tex/latex/listings/listings.cfg
File: listings.cfg 2015/06/04 1.6 listings configuration
))
Package: listings 2015/06/04 1.6 (Carsten Heinz)

(./DP_Priklad.aux

LaTeX Warning: Label `fig:float15' multiply defined.

)
\openout1 = `DP_Priklad.aux'.

LaTeX Font Info:    Checking defaults for OML/cmm/m/it on input line 50.
LaTeX Font Info:    ... okay on input line 50.
LaTeX Font Info:    Checking defaults for T1/cmr/m/n on input line 50.
LaTeX Font Info:    ... okay on input line 50.
LaTeX Font Info:    Checking defaults for OT1/cmr/m/n on input line 50.
LaTeX Font Info:    ... okay on input line 50.
LaTeX Font Info:    Checking defaults for OMS/cmsy/m/n on input line 50.
LaTeX Font Info:    ... okay on input line 50.
LaTeX Font Info:    Checking defaults for OMX/cmex/m/n on input line 50.
LaTeX Font Info:    ... okay on input line 50.
LaTeX Font Info:    Checking defaults for U/cmr/m/n on input line 50.
LaTeX Font Info:    ... okay on input line 50.
LaTeX Font Info:    Checking defaults for PD1/pdf/m/n on input line 50.
LaTeX Font Info:    ... okay on input line 50.
LaTeX Font Info:    Checking defaults for PU/pdf/m/n on input line 50.
LaTeX Font Info:    ... okay on input line 50.
LaTeX Font Info:    Try loading font information for OT1+lmr on input line 50.
 (/usr/share/texmf/tex/latex/lm/ot1lmr.fd
File: ot1lmr.fd 2009/10/30 v1.6 Font defs for Latin Modern
)
\AtBeginShipoutBox=\box35
Package hyperref Info: Link coloring OFF on input line 50.

(/usr/share/texlive/texmf-dist/tex/latex/hyperref/nameref.sty
Package: nameref 2016/05/21 v2.44 Cross-referencing by name of section

(/usr/share/texlive/texmf-dist/tex/generic/oberdiek/gettitlestring.sty
Package: gettitlestring 2016/05/16 v1.5 Cleanup title references (HO)
)
\c@section@level=\count184
)
Redoing nameref's sectioning
Redoing nameref's label
LaTeX Info: Redefining \nameref on input line 50.
LaTeX Info: Redefining \ref on input line 50.
LaTeX Info: Redefining \pageref on input line 50.
LaTeX Info: Redefining \nameref on input line 50.
(./DP_Priklad.out) (./DP_Priklad.out)
\@outlinefile=\write4
\openout4 = `DP_Priklad.out'.

LaTeX Info: Redefining \dots on input line 50.

(/usr/share/texlive/texmf-dist/tex/context/base/mkii/supp-pdf.mkii
[Loading MPS to PDF converter (version 2006.09.02).]
\scratchcounter=\count185
\scratchdimen=\dimen177
\scratchbox=\box36
\nofMPsegments=\count186
\nofMParguments=\count187
\everyMPshowfont=\toks34
\MPscratchCnt=\count188
\MPscratchDim=\dimen178
\MPnumerator=\count189
\makeMPintoPDFobject=\count190
\everyMPtoPDFconversion=\toks35
) (/usr/share/texlive/texmf-dist/tex/latex/oberdiek/epstopdf-base.sty
Package: epstopdf-base 2016/05/15 v2.6 Base part for package epstopdf

(/usr/share/texlive/texmf-dist/tex/latex/oberdiek/grfext.sty
Package: grfext 2016/05/16 v1.2 Manage graphics extensions (HO)
)
Package epstopdf-base Info: Redefining graphics rule for `.eps' on input line 4
38.
Package grfext Info: Graphics extension search list:
(grfext)             [.pdf,.png,.jpg,.mps,.jpeg,.jbig2,.jb2,.PDF,.PNG,.JPG,.JPE
G,.JBIG2,.JB2,.eps]
(grfext)             \AppendGraphicsExtensions on input line 456.

(/usr/share/texlive/texmf-dist/tex/latex/latexconfig/epstopdf-sys.cfg
File: epstopdf-sys.cfg 2010/07/13 v1.3 Configuration of (r)epstopdf for TeX Liv
e
))
\c@lstlisting=\count191

[1

{/var/lib/texmf/fonts/map/pdftex/updmap/pdftex.map}] [2

]
<cvut-logo-bw-en.pdf, id=399, 591.64943pt x 193.23091pt>
File: cvut-logo-bw-en.pdf Graphic file (type pdf)
<use cvut-logo-bw-en.pdf>
Package pdftex.def Info: cvut-logo-bw-en.pdf  used on input line 50.
(pdftex.def)             Requested size: 184.5pt x 60.25772pt.
 [1

 <./cvut-logo-bw-en.pdf>] [2

]

LaTeX Font Warning: Font shape `OT1/lmr/bx/sc' undefined
(Font)              using `OT1/lmr/bx/n' instead on input line 50.

LaTeX Font Info:    Try loading font information for OT1+lmss on input line 50.

(/usr/share/texmf/tex/latex/lm/ot1lmss.fd
File: ot1lmss.fd 2009/10/30 v1.6 Font defs for Latin Modern
)

LaTeX Font Warning: Font shape `OT1/lmss/bx/sc' undefined
(Font)              using `OT1/lmss/bx/n' instead on input line 50.

[3

] [4

] [5]
LaTeX Font Info:    Try loading font information for OMS+lmr on input line 50.
 (/usr/share/texmf/tex/latex/lm/omslmr.fd
File: omslmr.fd 2009/10/30 v1.6 Font defs for Latin Modern
)
LaTeX Font Info:    Try loading font information for OMS+lmsy on input line 50.


(/usr/share/texmf/tex/latex/lm/omslmsy.fd
File: omslmsy.fd 2009/10/30 v1.6 Font defs for Latin Modern
)
LaTeX Font Info:    Font shape `OMS/lmr/m/n' in size <10.95> not available
(Font)              Font shape `OMS/lmsy/m/n' tried instead on input line 50.
LaTeX Font Info:    Try loading font information for OML+lmm on input line 50.

(/usr/share/texmf/tex/latex/lm/omllmm.fd
File: omllmm.fd 2009/10/30 v1.6 Font defs for Latin Modern
)
LaTeX Font Info:    Try loading font information for OMX+lmex on input line 50.


(/usr/share/texmf/tex/latex/lm/omxlmex.fd
File: omxlmex.fd 2009/10/30 v1.6 Font defs for Latin Modern
)
LaTeX Font Info:    External font `lmex10' loaded for size
(Font)              <10.95> on input line 50.
LaTeX Font Info:    External font `lmex10' loaded for size
(Font)              <8> on input line 50.
LaTeX Font Info:    External font `lmex10' loaded for size
(Font)              <6> on input line 50.
LaTeX Font Info:    Try loading font information for OT1+lmtt on input line 50.


(/usr/share/texmf/tex/latex/lm/ot1lmtt.fd
File: ot1lmtt.fd 2009/10/30 v1.6 Font defs for Latin Modern
) [6

] [7

] [8

] (./DP_Priklad.toc
[9] [10]) [11] [12

] (./DP_Priklad.lof) [13] [14

] (./DP_Priklad.lot) [15]
[16

]
Underfull \vbox (badness 1881) has occurred while \output is active []

pdfTeX warning (ext4): destination with the same identifier (name{page.1}) has 
been already used, duplicate ignored
<to be read again> 
                   \relax 
l.60 
      [1

]pdfTeX warning (ext4): destination with the same identifier (name{page.2}) has
 been already used, duplicate ignored
<to be read again> 
                   \relax 
l.63 \chapter
             {Understanding of MAPF-R problem and its visual analysis} [2]
Overfull \hbox (1.56465pt too wide) in paragraph at lines 78--81
\OT1/lmr/m/n/10.95 Multi-Agent Pathfind-ing prob-lem deals with plan-ning paths
 for mul-ti-ple agents
 []

[3

] [4] [5]
Package hyperref Info: bookmark level for unknown algorithm defaults to 0 on in
put line 121.
 [6] [7]
<binary_CT.png, id=696, 767.86874pt x 268.00125pt>
File: binary_CT.png Graphic file (type png)
<use binary_CT.png>
Package pdftex.def Info: binary_CT.png  used on input line 166.
(pdftex.def)             Requested size: 383.93343pt x 134.00029pt.

Overfull \hbox (14.93343pt too wide) in paragraph at lines 166--167
 [][] 
 []

<model1.jpg, id=699, 569.12625pt x 312.16624pt>
File: model1.jpg Graphic file (type jpg)
<use model1.jpg>
Package pdftex.def Info: model1.jpg  used on input line 175.
(pdftex.def)             Requested size: 284.56242pt x 156.08273pt.
[8pdfTeX warning (ext4): destination with the same identifier (name{figure.1.1}
) has been already used, duplicate ignored

\AtBegShi@Output ...ipout \box \AtBeginShipoutBox 
                                                  \fi \fi 
l.180 
      pdfTeX warning (ext4): destination with the same identifier (name{figure.
1.2}) has been already used, duplicate ignored

\AtBegShi@Output ...ipout \box \AtBeginShipoutBox 
                                                  \fi \fi 
l.180 
       <./binary_CT.png> <./model1.jpg>]
<visualgraphrepresentation.png, id=706, 770.88pt x 578.16pt>
File: visualgraphrepresentation.png Graphic file (type png)
<use visualgraphrepresentation.png>
Package pdftex.def Info: visualgraphrepresentation.png  used on input line 182.

(pdftex.def)             Requested size: 192.71953pt x 144.53964pt.

Underfull \vbox (badness 1622) has occurred while \output is active []

 [9pdfTeX warning (ext4): destination with the same identifier (name{figure.1.3
}) has been already used, duplicate ignored

\AtBegShi@Output ...ipout \box \AtBeginShipoutBox 
                                                  \fi \fi 
l.191 
       <./visualgraphrepresentation.png>] [10] [11] [12

] [13] [14] [15]
<Architecture.png, id=738, 963.6pt x 311.1625pt>
File: Architecture.png Graphic file (type png)
<use Architecture.png>
Package pdftex.def Info: Architecture.png  used on input line 267.
(pdftex.def)             Requested size: 385.43317pt x 124.46278pt.

Overfull \hbox (16.43317pt too wide) in paragraph at lines 267--268
[][]
 []

[16]
<BusinessLogic.png, id=744, 772.8875pt x 411.5375pt>
File: BusinessLogic.png Graphic file (type png)
<use BusinessLogic.png>
Package pdftex.def Info: BusinessLogic.png  used on input line 281.
(pdftex.def)             Requested size: 309.14952pt x 164.61208pt.
 [17pdfTeX warning (ext4): destination with the same identifier (name{figure.2.
1}) has been already used, duplicate ignored

\AtBegShi@Output ...ipout \box \AtBeginShipoutBox 
                                                  \fi \fi 
l.287 
      pdfTeX warning (ext4): destination with the same identifier (name{figure.
2.2}) has been already used, duplicate ignored

\AtBegShi@Output ...ipout \box \AtBeginShipoutBox 
                                                  \fi \fi 
l.287 
       <./Architecture.png (PNG copy)> <./BusinessLogic.png (PNG copy)>]
<GUI.png, id=750, 662.475pt x 361.35pt>
File: GUI.png Graphic file (type png)
<use GUI.png>
Package pdftex.def Info: GUI.png  used on input line 289.
(pdftex.def)             Requested size: 264.9853pt x 144.53743pt.
<Statistics.png, id=752, 923.45pt x 321.2pt>
File: Statistics.png Graphic file (type png)
<use Statistics.png>
Package pdftex.def Info: Statistics.png  used on input line 297.
(pdftex.def)             Requested size: 369.37346pt x 128.47772pt.

Underfull \vbox (badness 1622) has occurred while \output is active []

 [18pdfTeX warning (ext4): destination with the same identifier (name{figure.2.
3}) has been already used, duplicate ignored

\AtBegShi@Output ...ipout \box \AtBeginShipoutBox 
                                                  \fi \fi 
l.302 
       <./GUI.png (PNG copy)>]
<Visualization.png, id=758, 782.925pt x 80.3pt>
File: Visualization.png Graphic file (type png)
<use Visualization.png>
Package pdftex.def Info: Visualization.png  used on input line 304.
(pdftex.def)             Requested size: 313.16446pt x 32.11942pt.

Overfull \hbox (4.35301pt too wide) in paragraph at lines 309--310
\OT1/lmr/m/n/10.95 and trans-form it into for-mat, that could be used in other 
mod-ules[]2.6[]. DataRead
 []

<DAO.png, id=760, 531.9875pt x 90.3375pt>
File: DAO.png Graphic file (type png)
<use DAO.png>
Package pdftex.def Info: DAO.png  used on input line 312.
(pdftex.def)             Requested size: 212.79123pt x 36.13435pt.
[19pdfTeX warning (ext4): destination with the same identifier (name{figure.2.4
}) has been already used, duplicate ignored

\AtBegShi@Output ...ipout \box \AtBeginShipoutBox 
                                                  \fi \fi 
l.319 \chapter
              {MAPF-R visualization tool developer manual}pdfTeX warning (ext4)
: destination with the same identifier (name{figure.2.5}) has been already used
, duplicate ignored

\AtBegShi@Output ...ipout \box \AtBeginShipoutBox 
                                                  \fi \fi 
l.319 \chapter
              {MAPF-R visualization tool developer manual}pdfTeX warning (ext4)
: destination with the same identifier (name{figure.2.6}) has been already used
, duplicate ignored

\AtBegShi@Output ...ipout \box \AtBeginShipoutBox 
                                                  \fi \fi 
l.319 \chapter
              {MAPF-R visualization tool developer manual} <./Statistics.png (P
NG copy)> <./Visualization.png (PNG copy)> <./DAO.png (PNG copy)>] [20

]
(/usr/share/texlive/texmf-dist/tex/latex/listings/lstlang1.sty
File: lstlang1.sty 2015/06/04 1.6 listings language file
)
(/usr/share/texlive/texmf-dist/tex/latex/listings/lstlang1.sty
File: lstlang1.sty 2015/06/04 1.6 listings language file
)
Overfull \hbox (18.63313pt too wide) in paragraph at lines 343--344
[][][][][][][][][][][][][][][][][][][][][][] 
 []

[21]
Overfull \hbox (18.63313pt too wide) in paragraph at lines 358--359
[][][][][][][][][][][][][][][][][][][][][][] 
 []

LaTeX Font Info:    Try loading font information for OML+lmr on input line 374.

(/usr/share/texmf/tex/latex/lm/omllmr.fd
File: omllmr.fd 2009/10/30 v1.6 Font defs for Latin Modern
)
LaTeX Font Info:    Font shape `OML/lmr/m/n' in size <10.95> not available
(Font)              Font shape `OML/lmm/m/it' tried instead on input line 374.

Overfull \hbox (17.2876pt too wide) in paragraph at lines 376--378
[]\OT1/lmr/m/n/10.95 Public method set-State(Double start-Time, Dou-ble fin-ish
-Time, In-te-ger stateIn-
 []

[22]
Overfull \hbox (1.15569pt too wide) in paragraph at lines 406--407
\OT1/lmr/m/n/10.95 Graph class has two pri-vate vari-ables List\OML/lmm/m/it/10
.95 <\OT1/lmr/m/n/10.95 Edge\OML/lmm/m/it/10.95 >\OT1/lmr/m/n/10.95 edges and T
reeMap\OML/lmm/m/it/10.95 <\OT1/lmr/m/n/10.95 Integer,
 []

[23]
Overfull \hbox (28.51335pt too wide) in paragraph at lines 421--422
[]\OT1/lmr/m/n/10.95 AgentController class has pri-vate vari-able TreeMap \OML/
lmm/m/it/10.95 <\OT1/lmr/m/n/10.95 In-te-ger, Agent \OML/lmm/m/it/10.95 >\OT1/l
mr/m/n/10.95 agentMap,
 []


Overfull \hbox (11.5733pt too wide) in paragraph at lines 423--424
\OT1/lmr/m/n/10.95 ble fin-ish-Time, In-te-ger stateIn-dex) in-vokes pub-lic me
thod Agent.setState(Double
 []

[24]
Overfull \hbox (0.31805pt too wide) in paragraph at lines 432--433
\OT1/lmr/m/n/10.95 agentIn-dex, Dou-ble start-Time, Dou-ble fin-ish-Time, In-te
-ger stateIn-dex) method
 []


Overfull \hbox (4.70218pt too wide) in paragraph at lines 434--435
[]\OT1/lmr/m/n/10.95 Public method get-Graph-Statis-tics-Data() re-turns Statis
-tics-Data ob-ject. get-
 []


Overfull \hbox (26.56485pt too wide) in paragraph at lines 446--447
[]\OT1/lmr/m/n/10.95 Private method ad-dGraph-Con-troller(String so-lu-tion-Key
, Graph graph, TreeMap
 []

[25]
Overfull \hbox (2.28668pt too wide) in paragraph at lines 468--469
\OT1/lmr/m/n/10.95 na-tions of Agents. It has pri-vate vari-able TreeMap\OML/lm
m/m/it/10.95 <\OT1/lmr/m/n/10.95 Integer, TreeMap\OML/lmm/m/it/10.95 <\OT1/lmr/
m/n/10.95 Integer,
 []

LaTeX Font Info:    Font shape `OML/lmr/bx/n' in size <10.95> not available
(Font)              Font shape `OML/lmm/b/it' tried instead on input line 475.

Overfull \hbox (13.62299pt too wide) in paragraph at lines 475--476
[]\OT1/lmr/m/n/10.95 stores data about start-
 []

[26]
Overfull \hbox (6.3126pt too wide) in paragraph at lines 476--477
[]\OT1/lmr/m/n/10.95 stores data
 []


Overfull \hbox (3.2156pt too wide) in paragraph at lines 499--500
[]\OT1/lmr/m/n/10.95 key
 []


Overfull \hbox (1.50023pt too wide) in paragraph at lines 502--503
[]\OT1/lmr/m/n/10.95 stores all statit-i-cal data gen-er-ated in method
 []

[27]
Overfull \hbox (10.76694pt too wide) in paragraph at lines 507--508
[]\OT1/lmr/m/n/10.95 stores all dis-tance
 []


Overfull \hbox (3.89774pt too wide) in paragraph at lines 508--509
[]\OT1/lmr/m/n/10.95 stores
 []


Overfull \hbox (24.28935pt too wide) in paragraph at lines 517--520
\OT1/lmr/m/n/10.95 nally, col-li-sion-Data, agent-Move-mentMap, dis-tance-DataM
ap, col-li-sion-Risk-DataMap
 []

[28]
Overfull \hbox (2.72218pt too wide) in paragraph at lines 532--533
\OT1/lmr/m/n/10.95 graph-Con-troller, Agent-Con-troller cur-rent-A-gents), that
 it-er-ates through Agents
 []

[29]
Overfull \hbox (2.4152pt too wide) in paragraph at lines 559--560
[]\OT1/lmr/m/n/10.95 Finally, in startVi-su-al-iza-tion() method pri-vate metho
d ini-tial-ize-Conotrols()
 []

[30]
Overfull \hbox (6.06548pt too wide) in paragraph at lines 570--572
[]\OT1/lmr/m/n/10.95 Node dou-bleAgentStatis-tics-But-ton calls set-Dou-bleAgen
tStatisitcs() method
 []


Overfull \hbox (0.39491pt too wide) in paragraph at lines 570--572
\OT1/lmr/m/n/10.95 in Main-GUI class, that ac-ti-vates lay-out Dou-bleAgentStat
is-tics.fxml, con-trolled
 []


Overfull \hbox (28.22493pt too wide) in paragraph at lines 573--574
\OT1/lmr/m/n/10.95 tion by call-ing pub-lic method Sin-gleAgentStatis-tic-s-GUI
.updateCurrentTime(Integer
 []


Overfull \hbox (13.44968pt too wide) in paragraph at lines 577--579
\OT1/lmr/m/n/10.95 class, that cre-ates a photo im-age. Mathod takeSnap-shot() 
sends [][]\OT1/lmtt/m/n/10.95 mainVisualPane
 []

[31]
Overfull \hbox (5.07137pt too wide) in paragraph at lines 589--590
[]\OT1/lmr/m/n/10.95 reads file, that de-
 []


Overfull \hbox (16.9254pt too wide) in paragraph at lines 590--591
[]\OT1/lmr/m/n/10.95 reads file, that de-scribes
 []


Overfull \hbox (5.90611pt too wide) in paragraph at lines 595--596
\OT1/lmr/m/n/10.95 file. Pub-lic method getA-gentMap re-turns TreeMap\OML/lmm/m
/it/10.95 <\OT1/lmr/m/n/10.95 Integer, Agent\OML/lmm/m/it/10.95 >\OT1/lmr/m/n/1
0.95 agentMap. 
 []

[32]
<main.png, id=839, 932.48375pt x 519.9425pt>
File: main.png Graphic file (type png)
<use main.png>
Package pdftex.def Info: main.png  used on input line 627.
(pdftex.def)             Requested size: 317.04028pt x 176.7781pt.
<loadfile.png, id=841, 932.48375pt x 497.86pt>
File: loadfile.png Graphic file (type png)
<use loadfile.png>
Package pdftex.def Info: loadfile.png  used on input line 647.
(pdftex.def)             Requested size: 317.04028pt x 169.27016pt.
 [33

]
Underfull \vbox (badness 10000) has occurred while \output is active []

 [34pdfTeX warning (ext4): destination with the same identifier (name{figure.4.
1}) has been already used, duplicate ignored

\AtBegShi@Output ...ipout \box \AtBeginShipoutBox 
                                                  \fi \fi 
l.656 
      pdfTeX warning (ext4): destination with the same identifier (name{figure.
4.2}) has been already used, duplicate ignored

\AtBegShi@Output ...ipout \box \AtBeginShipoutBox 
                                                  \fi \fi 
l.656 
       <./main.png> <./loadfile.png>]
<solution.png, id=854, 933.4875pt x 514.92375pt>
File: solution.png Graphic file (type png)
<use solution.png>
Package pdftex.def Info: solution.png  used on input line 658.
(pdftex.def)             Requested size: 317.38155pt x 175.07175pt.
<solutionparameters.png, id=857, 931.48pt x 509.905pt>
File: solutionparameters.png Graphic file (type png)
<use solutionparameters.png>
Package pdftex.def Info: solutionparameters.png  used on input line 668.
(pdftex.def)             Requested size: 316.699pt x 173.3654pt.
<agentparameters.png, id=858, 930.47626pt x 507.8975pt>
File: agentparameters.png Graphic file (type png)
<use agentparameters.png>
Package pdftex.def Info: agentparameters.png  used on input line 673.
(pdftex.def)             Requested size: 316.35774pt x 172.68286pt.
 [35pdfTeX warning (ext4): destination with the same identifier (name{figure.4.
3}) has been already used, duplicate ignored

\AtBegShi@Output ...ipout \box \AtBeginShipoutBox 
                                                  \fi \fi 
l.694 
       <./solution.png>] [36pdfTeX warning (ext4): destination with the same id
entifier (name{figure.4.4}) has been already used, duplicate ignored

\AtBegShi@Output ...ipout \box \AtBeginShipoutBox 
                                                  \fi \fi 
l.702 \item m
             anipulate visibility settingspdfTeX warning (ext4): destination wi
th the same identifier (name{figure.4.5}) has been already used, duplicate igno
red

\AtBegShi@Output ...ipout \box \AtBeginShipoutBox 
                                                  \fi \fi 
l.702 \item m
             anipulate visibility settings <./solutionparameters.png> <./agentp
arameters.png>]
<solutioncolorchange.png, id=870, 930.47626pt x 504.88625pt>
File: solutioncolorchange.png Graphic file (type png)
<use solutioncolorchange.png>
Package pdftex.def Info: solutioncolorchange.png  used on input line 720.
(pdftex.def)             Requested size: 316.35774pt x 171.65904pt.


LaTeX Warning: Reference `fig:foat16' on page 37 undefined on input line 726.

<not-visiblegraph.png, id=871, 930.47626pt x 509.905pt>
File: not-visiblegraph.png Graphic file (type png)
<use not-visiblegraph.png>
Package pdftex.def Info: not-visiblegraph.png  used on input line 729.
(pdftex.def)             Requested size: 316.35774pt x 173.3654pt.
[37pdfTeX warning (ext4): destination with the same identifier (name{figure.4.6
}) has been already used, duplicate ignored

\AtBegShi@Output ...ipout \box \AtBeginShipoutBox 
                                                  \fi \fi 
l.736 
       <./solutioncolorchange.png>]
<markedagent.png, id=880, 927.465pt x 515.9275pt>
File: markedagent.png Graphic file (type png)
<use markedagent.png>
Package pdftex.def Info: markedagent.png  used on input line 738.
(pdftex.def)             Requested size: 315.33392pt x 175.41302pt.
<unvisibleagent.png, id=881, 927.465pt x 515.9275pt>
File: unvisibleagent.png Graphic file (type png)
<use unvisibleagent.png>
Package pdftex.def Info: unvisibleagent.png  used on input line 743.
(pdftex.def)             Requested size: 315.33392pt x 175.41302pt.
 [38pdfTeX warning (ext4): destination with the same identifier (name{figure.4.
7}) has been already used, duplicate ignored

\AtBegShi@Output ...ipout \box \AtBeginShipoutBox 
                                                  \fi \fi 
l.758 
      pdfTeX warning (ext4): destination with the same identifier (name{figure.
4.8}) has been already used, duplicate ignored

\AtBegShi@Output ...ipout \box \AtBeginShipoutBox 
                                                  \fi \fi 
l.758 
       <./not-visiblegraph.png> <./markedagent.png>] [39pdfTeX warning (ext4): 
destination with the same identifier (name{figure.4.9}) has been already used, 
duplicate ignored

\AtBegShi@Output ...ipout \box \AtBeginShipoutBox 
                                                  \fi \fi 
l.775 
       <./unvisibleagent.png>]
<SingleAgentStatistics.png, id=895, 962.59625pt x 570.13pt>
File: SingleAgentStatistics.png Graphic file (type png)
<use SingleAgentStatistics.png>
Package pdftex.def Info: SingleAgentStatistics.png  used on input line 779.
(pdftex.def)             Requested size: 327.2784pt x 193.84163pt.
<ratiochart.png, id=896, 1069.9975pt x 567.11874pt>
File: ratiochart.png Graphic file (type png)
<use ratiochart.png>
Package pdftex.def Info: ratiochart.png  used on input line 784.
(pdftex.def)             Requested size: 363.79434pt x 192.81781pt.

Overfull \hbox (2.71765pt too wide) in paragraph at lines 790--791
[][][]\OT1/lmtt/m/n/10.95 Data mode []\OT1/lmr/m/n/10.95 menu but-ton has two o
p-tions: [][]\OT1/lmtt/m/n/10.95 Speed mode []\OT1/lmr/m/n/10.95 and [][]\OT1/l
mtt/m/n/10.95 Location mode[]\OT1/lmr/m/n/10.95 .
 []


Underfull \vbox (badness 1478) has occurred while \output is active []

 [40pdfTeX warning (ext4): destination with the same identifier (name{figure.4.
10}) has been already used, duplicate ignored

\AtBegShi@Output ...ipout \box \AtBeginShipoutBox 
                                                  \fi \fi 
l.791 
      pdfTeX warning (ext4): destination with the same identifier (name{figure.
4.11}) has been already used, duplicate ignored

\AtBegShi@Output ...ipout \box \AtBeginShipoutBox 
                                                  \fi \fi 
l.791 
       <./SingleAgentStatistics.png> <./ratiochart.png>]
<onlinechart.png, id=905, 1074.0125pt x 566.115pt>
File: onlinechart.png Graphic file (type png)
<use onlinechart.png>
Package pdftex.def Info: onlinechart.png  used on input line 795.
(pdftex.def)             Requested size: 365.15941pt x 192.47655pt.
<not-onlinechart.png, id=906, 1072.005pt x 564.1075pt>
File: not-onlinechart.png Graphic file (type png)
<use not-onlinechart.png>
Package pdftex.def Info: not-onlinechart.png  used on input line 800.
(pdftex.def)             Requested size: 364.47688pt x 191.794pt.
<DoubleAgentStatistics.png, id=907, 848.16875pt x 660.4675pt>
File: DoubleAgentStatistics.png Graphic file (type png)
<use DoubleAgentStatistics.png>
Package pdftex.def Info: DoubleAgentStatistics.png  used on input line 811.
(pdftex.def)             Requested size: 288.37355pt x 224.55597pt.
<onlinechart2.png, id=911, 1014.79124pt x 654.445pt>
File: onlinechart2.png Graphic file (type png)
<use onlinechart2.png>
Package pdftex.def Info: onlinechart2.png  used on input line 823.
(pdftex.def)             Requested size: 345.02446pt x 222.50835pt.
 [41pdfTeX warning (ext4): destination with the same identifier (name{figure.4.
12}) has been already used, duplicate ignored

\AtBegShi@Output ...ipout \box \AtBeginShipoutBox 
                                                  \fi \fi 
l.826 
       <./onlinechart.png>] [42pdfTeX warning (ext4): destination with the same
 identifier (name{figure.4.13}) has been already used, duplicate ignored

\AtBegShi@Output ...ipout \box \AtBeginShipoutBox 
                                                  \fi \fi 
l.826 
      pdfTeX warning (ext4): destination with the same identifier (name{figure.
4.14}) has been already used, duplicate ignored

\AtBegShi@Output ...ipout \box \AtBeginShipoutBox 
                                                  \fi \fi 
l.826 
       <./not-onlinechart.png> <./DoubleAgentStatistics.png>]
<not-onlinechart2.png, id=923, 1020.81375pt x 657.45625pt>
File: not-onlinechart2.png Graphic file (type png)
<use not-onlinechart2.png>
Package pdftex.def Info: not-onlinechart2.png  used on input line 828.
(pdftex.def)             Requested size: 347.07208pt x 223.53217pt.
 [43pdfTeX warning (ext4): destination with the same identifier (name{figure.4.
15}) has been already used, duplicate ignored

\AtBegShi@Output ...ipout \box \AtBeginShipoutBox 
                                                  \fi \fi 
l.833 \chapter
              {Comparison analysis} <./onlinechart2.png>] [44pdfTeX warning (ex
t4): destination with the same identifier (name{figure.4.16}) has been already 
used, duplicate ignored

\AtBegShi@Output ...ipout \box \AtBeginShipoutBox 
                                                  \fi \fi 
l.833 \chapter
              {Comparison analysis} <./not-onlinechart2.png>]

Package hyperref Warning: Difference (2) between bookmark levels is greater 
(hyperref)                than one, level fixed on input line 837.

[45

] [46] [47

]
<Technologies-for-industry-40.png, id=948, 664.4825pt x 469.755pt>
File: Technologies-for-industry-40.png Graphic file (type png)
<use Technologies-for-industry-40.png>
Package pdftex.def Info: Technologies-for-industry-40.png  used on input line 8
81.
(pdftex.def)             Requested size: 265.78828pt x 187.89867pt.


Class memoir Warning: The material used in the headers is too large
(27.2pt) for the given head height (13.6pt), it is recommended to
either increase the head height or redesign the header
(in both cases you will find help in the memoir manual). on input line 889.


Overfull \vbox (13.59999pt too high) has occurred while \output is active []


[48pdfTeX warning (ext4): destination with the same identifier (name{figure.6.1
}) has been already used, duplicate ignored

\AtBegShi@Output ...ipout \box \AtBeginShipoutBox 
                                                  \fi \fi 
l.889 
       <./Technologies-for-industry-40.png>]
Overfull \hbox (4.09157pt too wide) in paragraph at lines 892--893
\OT1/lmr/m/n/10.95 nolo-gies are be-ing uti-lized: Vir-tual re-al-ity(VR), Aug-
mented re-al-ity(AR), Mixed
 []

[49]
<smartlogistics.jpg, id=961, 941.76843pt x 570.63188pt>
File: smartlogistics.jpg Graphic file (type jpg)
<use smartlogistics.jpg>
Package pdftex.def Info: smartlogistics.jpg  used on input line 905.
(pdftex.def)             Requested size: 376.7007pt x 228.2487pt.

Overfull \hbox (7.7007pt too wide) in paragraph at lines 905--906
[][]
 []


Overfull \vbox (13.59999pt too high) has occurred while \output is active []


[50pdfTeX warning (ext4): destination with the same identifier (name{figure.6.2
}) has been already used, duplicate ignored

\AtBegShi@Output ...ipout \box \AtBeginShipoutBox 
                                                  \fi \fi 
l.910 
       <./smartlogistics.jpg>] [51]
Overfull \hbox (65.7592pt too wide) in paragraph at lines 930--953
 [][] 
 []


Overfull \vbox (13.59999pt too high) has occurred while \output is active []


[52pdfTeX warning (ext4): destination with the same identifier (name{table.6.1}
) has been already used, duplicate ignored

\AtBegShi@Output ...ipout \box \AtBeginShipoutBox 
                                                  \fi \fi 
l.962 \begin{conclusion}
                        ]
No file DP_Priklad.bbl.
[53

] [54

]
bibitemlist

Underfull \hbox (badness 2426) in paragraph at lines 980--981
[]\OT1/lmr/m/n/10.95 G. Sharon, R. Stern, A. Fel-ner, N.R. Sturte-vant \OT1/lmr
/m/it/10.95 Conflict-based
 []


Underfull \hbox (badness 2653) in paragraph at lines 993--994
[]\OT1/lmr/m/n/10.95 8 au-thors in-clud-ing Z.Ying \OT1/lmr/m/it/10.95 A sur-ve
y of vi-su-al-iza-tion for smart
 []


Underfull \hbox (badness 5954) in paragraph at lines 993--994
\OT1/lmr/m/it/10.95 man-u-fac-tur-ing \OT1/lmr/m/n/10.95 [on-line]. [cit. 2020-
06-14]. Avail-able at: []$\OT1/lmtt/m/n/10.95 https :
 []


Underfull \hbox (badness 10000) in paragraph at lines 993--994
\OT1/lmtt/m/n/10.95 / / www\OML/lmm/m/it/10.95 :\OT1/lmtt/m/n/10.95 researchgat
e\OML/lmm/m/it/10.95 :\OT1/lmtt/m/n/10.95 net / publication / 329197942 _ A _ s
urvey _ of _
 []


Underfull \hbox (badness 1137) in paragraph at lines 997--998
\OT1/lmr/m/n/10.95 06-14]. Avail-able at: []$\OT1/lmtt/m/n/10.95 https : / / ww
w\OML/lmm/m/it/10.95 :\OT1/lmtt/m/n/10.95 researchgate\OML/lmm/m/it/10.95 :\OT1
/lmtt/m/n/10.95 net / publication /
 []


Underfull \hbox (badness 10000) in paragraph at lines 997--998
\OT1/lmtt/m/n/10.95 322855867 _ Data _ Visualization _ Support _ for _ Complex 
_ Logistics _
 []

[55] [56

] [57] [58

]

Class memoir Warning: The material used in the headers is too large
(27.2pt) for the given head height (13.6pt), it is recommended to
either increase the head height or redesign the header
(in both cases you will find help in the memoir manual). on input line 1030.

[59]
\tf@toc=\write5
\openout5 = `DP_Priklad.toc'.

\tf@lof=\write6
\openout6 = `DP_Priklad.lof'.

\tf@lot=\write7
\openout7 = `DP_Priklad.lot'.

Package atveryend Info: Empty hook `BeforeClearDocument' on input line 1030.
Package atveryend Info: Empty hook `AfterLastShipout' on input line 1030.
 (./DP_Priklad.aux)
Package atveryend Info: Executing hook `AtVeryEndDocument' on input line 1030.
Package atveryend Info: Executing hook `AtEndAfterFileList' on input line 1030.



Package rerunfilecheck Warning: File `DP_Priklad.out' has changed.
(rerunfilecheck)                Rerun to get outlines right
(rerunfilecheck)                or use package `bookmark'.

Package rerunfilecheck Info: Checksums for `DP_Priklad.out':
(rerunfilecheck)             Before: EB8ED6F79CC9938048B12BB97FB9B247;14942
(rerunfilecheck)             After:  FA24A658C53007BA70CE052A815E574F;14847.

LaTeX Font Warning: Some font shapes were not available, defaults substituted.


LaTeX Warning: There were undefined references.


LaTeX Warning: There were multiply-defined labels.

Package atveryend Info: Empty hook `AtVeryVeryEnd' on input line 1030.
 ) 
Here is how much of TeX's memory you used:
 16201 strings out of 492641
 223082 string characters out of 6131786
 385000 words of memory out of 5000000
 19639 multiletter control sequences out of 15000+600000
 58888 words of font info for 42 fonts, out of 8000000 for 9000
 1141 hyphenation exceptions out of 8191
 36i,11n,51p,1635b,1812s stack positions out of 5000i,500n,10000p,200000b,80000s
pdfTeX warning (dest): name{subsection.3.1.3} has been referenced but does no
t exist, replaced by a fixed one

{/usr/share/texmf/fonts/enc/dvips/lm/lm-mathit.enc}{/usr/share/texmf/fonts/enc/
dvips/lm/lm-mathex.enc}{/usr/share/texmf/fonts/enc/dvips/lm/lm-mathsy.enc}{/usr
/share/texmf/fonts/enc/dvips/lm/lm-rmsc.enc}{/usr/share/texmf/fonts/enc/dvips/l
m/lm-rm.enc}{/usr/share/texmf/fonts/enc/dvips/lm/lm-rmtt.enc}</usr/share/texmf/
fonts/type1/public/lm/lmbx10.pfb></usr/share/texmf/fonts/type1/public/lm/lmbx12
.pfb></usr/share/texmf/fonts/type1/public/lm/lmbxi10.pfb></usr/share/texmf/font
s/type1/public/lm/lmcsc10.pfb></usr/share/texmf/fonts/type1/public/lm/lmex10.pf
b></usr/share/texmf/fonts/type1/public/lm/lmmi10.pfb></usr/share/texmf/fonts/ty
pe1/public/lm/lmmib10.pfb></usr/share/texmf/fonts/type1/public/lm/lmr10.pfb></u
sr/share/texmf/fonts/type1/public/lm/lmr12.pfb></usr/share/texmf/fonts/type1/pu
blic/lm/lmr8.pfb></usr/share/texmf/fonts/type1/public/lm/lmri10.pfb></usr/share
/texmf/fonts/type1/public/lm/lmssbx10.pfb></usr/share/texmf/fonts/type1/public/
lm/lmsy10.pfb></usr/share/texmf/fonts/type1/public/lm/lmsy8.pfb></usr/share/tex
mf/fonts/type1/public/lm/lmtt10.pfb>
Output written on DP_Priklad.pdf (77 pages, 1252773 bytes).
PDF statistics:
 1136 PDF objects out of 1200 (max. 8388607)
 985 compressed objects within 10 object streams
 251 named destinations out of 1000 (max. 500000)
 909 words of extra memory for PDF output out of 10000 (max. 10000000)

