\BOOKMARK [0][-]{chapter*.5}{\376\377\000I\000n\000t\000r\000o\000d\000u\000c\000t\000i\000o\000n}{}% 1
\BOOKMARK [0][-]{chapter.1}{\376\377\000U\000n\000d\000e\000r\000s\000t\000a\000n\000d\000i\000n\000g\000\040\000o\000f\000\040\000M\000A\000P\000F\000-\000R\000\040\000p\000r\000o\000b\000l\000e\000m\000\040\000a\000n\000d\000\040\000i\000t\000s\000\040\000v\000i\000s\000u\000a\000l\000\040\000a\000n\000a\000l\000y\000s\000i\000s}{}% 2
\BOOKMARK [1][-]{section.1.1}{\376\377\000M\000o\000t\000i\000v\000a\000t\000i\000o\000n}{chapter.1}% 3
\BOOKMARK [1][-]{section.1.2}{\376\377\000M\000u\000l\000t\000i\000-\000A\000g\000e\000n\000t\000\040\000P\000a\000t\000h\000f\000i\000n\000d\000i\000n\000g\000\040\000p\000r\000o\000b\000l\000e\000m\000\040\000d\000e\000s\000c\000r\000i\000p\000t\000i\000o\000n}{chapter.1}% 4
\BOOKMARK [1][-]{section.1.3}{\376\377\000C\000o\000n\000f\000l\000i\000c\000t\000\040\000b\000a\000s\000e\000d\000\040\000s\000e\000a\000r\000c\000h\000\040\000a\000l\000g\000o\000r\000i\000t\000h\000m}{chapter.1}% 5
\BOOKMARK [1][-]{section.1.4}{\376\377\000V\000i\000s\000u\000a\000l\000\040\000a\000n\000a\000l\000y\000s\000i\000s}{chapter.1}% 6
\BOOKMARK [0][-]{chapter.2}{\376\377\000A\000n\000a\000l\000y\000s\000i\000s\000\040\000a\000n\000d\000\040\000d\000e\000s\000i\000g\000n\000\040\000o\000f\000\040\000t\000h\000e\000\040\000M\000A\000P\000F\000-\000R\000\040\000v\000i\000s\000u\000a\000l\000i\000z\000a\000t\000i\000o\000n\000\040\000t\000o\000o\000l}{}% 7
\BOOKMARK [1][-]{section.2.1}{\376\377\000M\000A\000P\000F\000-\000R\000\040\000v\000i\000s\000u\000a\000l\000i\000z\000a\000t\000i\000o\000n\000\040\000t\000o\000o\000l\000\040\000p\000u\000r\000p\000o\000s\000e}{chapter.2}% 8
\BOOKMARK [1][-]{section.2.2}{\376\377\000M\000A\000P\000F\000-\000R\000\040\000v\000i\000s\000u\000a\000l\000i\000z\000a\000t\000i\000o\000n\000\040\000t\000o\000o\000l\000\040\000u\000s\000a\000g\000e}{chapter.2}% 9
\BOOKMARK [1][-]{section.2.3}{\376\377\000U\000s\000e\000r\000\040\000r\000e\000q\000u\000i\000e\000r\000e\000m\000e\000n\000t\000s}{chapter.2}% 10
\BOOKMARK [1][-]{section.2.4}{\376\377\000D\000a\000t\000a\000\040\000d\000e\000s\000c\000r\000i\000p\000t\000i\000o\000n}{chapter.2}% 11
\BOOKMARK [1][-]{section.2.5}{\376\377\000T\000e\000c\000h\000n\000o\000l\000o\000g\000i\000e\000s\000\040\000u\000s\000e\000d}{chapter.2}% 12
\BOOKMARK [1][-]{section.2.6}{\376\377\000A\000r\000c\000h\000i\000t\000e\000c\000t\000u\000r\000a\000l\000\040\000d\000e\000s\000i\000g\000n}{chapter.2}% 13
\BOOKMARK [1][-]{section.2.7}{\376\377\000C\000o\000m\000p\000o\000n\000e\000n\000t\000\040\000d\000e\000s\000i\000g\000n}{chapter.2}% 14
\BOOKMARK [1][-]{section.2.8}{\376\377\000T\000e\000s\000t\000\040\000d\000e\000s\000i\000g\000n}{chapter.2}% 15
\BOOKMARK [0][-]{chapter.3}{\376\377\000M\000A\000P\000F\000-\000R\000\040\000v\000i\000s\000u\000a\000l\000i\000z\000a\000t\000i\000o\000n\000\040\000t\000o\000o\000l\000\040\000d\000e\000v\000e\000l\000o\000p\000e\000r\000\040\000m\000a\000n\000u\000a\000l}{}% 16
\BOOKMARK [1][-]{section.3.1}{\376\377\000B\000u\000i\000l\000d}{chapter.3}% 17
\BOOKMARK [2][-]{subsection.3.1.1}{\376\377\000L\000i\000n\000u\000x}{section.3.1}% 18
\BOOKMARK [2][-]{subsection.3.1.2}{\376\377\000W\000i\000n\000d\000o\000w\000s}{section.3.1}% 19
\BOOKMARK [1][-]{section.3.2}{\376\377\000B\000u\000s\000i\000n\000e\000s\000s\000\040\000l\000o\000g\000i\000c}{chapter.3}% 20
\BOOKMARK [2][-]{subsection.3.2.1}{\376\377\000A\000g\000e\000n\000t}{section.3.2}% 21
\BOOKMARK [2][-]{subsection.3.2.2}{\376\377\000A\000g\000e\000n\000t\000S\000t\000a\000t\000e}{section.3.2}% 22
\BOOKMARK [2][-]{subsection.3.2.3}{\376\377\000P\000l\000a\000n}{section.3.2}% 23
\BOOKMARK [2][-]{subsection.3.2.4}{\376\377\000S\000t\000e\000p}{section.3.2}% 24
\BOOKMARK [2][-]{subsection.3.2.5}{\376\377\000T\000i\000m\000e\000I\000n\000t\000e\000r\000v\000a\000l}{section.3.2}% 25
\BOOKMARK [2][-]{subsection.3.2.6}{\376\377\000V\000e\000r\000t\000e\000x}{section.3.2}% 26
\BOOKMARK [2][-]{subsection.3.2.7}{\376\377\000E\000d\000g\000e}{section.3.2}% 27
\BOOKMARK [2][-]{subsection.3.2.8}{\376\377\000G\000r\000a\000p\000h}{section.3.2}% 28
\BOOKMARK [2][-]{subsection.3.2.9}{\376\377\000A\000g\000e\000n\000t\000C\000o\000n\000t\000r\000o\000l\000l\000e\000r}{section.3.2}% 29
\BOOKMARK [2][-]{subsection.3.2.10}{\376\377\000G\000r\000a\000p\000h\000C\000o\000n\000t\000r\000o\000l\000l\000e\000r}{section.3.2}% 30
\BOOKMARK [2][-]{subsection.3.2.11}{\376\377\000M\000a\000i\000n\000C\000o\000n\000t\000r\000o\000l\000l\000e\000r}{section.3.2}% 31
\BOOKMARK [1][-]{section.3.3}{\376\377\000S\000t\000a\000t\000i\000s\000t\000i\000c\000s}{chapter.3}% 32
\BOOKMARK [2][-]{subsection.3.3.1}{\376\377\000S\000p\000a\000c\000e\000T\000i\000m\000e\000D\000a\000t\000a}{section.3.3}% 33
\BOOKMARK [2][-]{subsection.3.3.2}{\376\377\000C\000o\000o\000r\000d\000i\000n\000a\000t\000e\000,\000\040\000V\000e\000c\000t\000o\000r\000D\000a\000t\000a}{section.3.3}% 34
\BOOKMARK [2][-]{subsection.3.3.3}{\376\377\000A\000g\000e\000n\000t\000M\000o\000v\000e\000m\000e\000n\000t}{section.3.3}% 35
\BOOKMARK [2][-]{subsection.3.3.4}{\376\377\000D\000i\000s\000t\000a\000n\000c\000e\000D\000a\000t\000a}{section.3.3}% 36
\BOOKMARK [2][-]{subsection.3.3.5}{\376\377\000C\000o\000l\000l\000i\000s\000i\000o\000n\000D\000a\000t\000a}{section.3.3}% 37
\BOOKMARK [2][-]{subsection.3.3.6}{\376\377\000C\000o\000l\000l\000i\000s\000i\000o\000n\000R\000i\000s\000k\000D\000a\000t\000a}{section.3.3}% 38
\BOOKMARK [2][-]{subsection.3.3.7}{\376\377\000A\000g\000e\000n\000t\000T\000i\000m\000e\000R\000a\000t\000i\000o}{section.3.3}% 39
\BOOKMARK [2][-]{subsection.3.3.8}{\376\377\000A\000g\000e\000n\000t\000T\000i\000m\000e\000R\000a\000t\000i\000o\000D\000a\000t\000a}{section.3.3}% 40
\BOOKMARK [2][-]{subsection.3.3.9}{\376\377\000S\000t\000a\000t\000i\000s\000t\000i\000c\000s\000D\000a\000t\000a}{section.3.3}% 41
\BOOKMARK [2][-]{subsection.3.3.10}{\376\377\000M\000o\000v\000e\000m\000e\000n\000t\000A\000n\000a\000l\000y\000z\000e\000r}{section.3.3}% 42
\BOOKMARK [1][-]{section.3.4}{\376\377\000V\000i\000s\000u\000a\000l\000i\000z\000a\000t\000i\000o\000n}{chapter.3}% 43
\BOOKMARK [2][-]{subsection.3.4.1}{\376\377\000A\000g\000e\000n\000t\000V\000i\000s\000u\000a\000l}{section.3.4}% 44
\BOOKMARK [2][-]{subsection.3.4.2}{\376\377\000G\000r\000a\000p\000h\000V\000i\000s\000u\000a\000l}{section.3.4}% 45
\BOOKMARK [2][-]{subsection.3.4.3}{\376\377\000A\000n\000i\000m\000a\000t\000i\000o\000n\000C\000o\000n\000t\000r\000o\000l\000l\000e\000r}{section.3.4}% 46
\BOOKMARK [2][-]{subsection.3.4.4}{\376\377\000C\000o\000l\000o\000r\000S\000e\000t\000t\000e\000r}{section.3.4}% 47
\BOOKMARK [1][-]{section.3.5}{\376\377\000G\000U\000I}{chapter.3}% 48
\BOOKMARK [2][-]{subsection.3.5.1}{\376\377\000U\000p\000l\000o\000a\000d\000i\000n\000g\000\040\000s\000o\000l\000u\000t\000i\000o\000n}{section.3.5}% 49
\BOOKMARK [2][-]{subsection.3.5.2}{\376\377\000S\000t\000a\000r\000t\000i\000n\000g\000\040\000a\000n\000d\000\040\000c\000o\000n\000t\000r\000o\000l\000l\000i\000n\000g\000\040\000s\000o\000l\000u\000t\000i\000o\000n\000\040\000v\000i\000s\000u\000a\000l\000i\000z\000a\000t\000i\000o\000n}{section.3.5}% 50
\BOOKMARK [2][-]{subsection.3.5.3}{\376\377\000S\000e\000t\000t\000i\000n\000g\000\040\000u\000p\000\040\000c\000o\000l\000o\000r\000\040\000p\000a\000l\000e\000t\000t\000e\000s\000\040\000i\000n\000t\000e\000r\000f\000a\000c\000e}{section.3.5}% 51
\BOOKMARK [2][-]{subsection.3.5.4}{\376\377\000S\000e\000t\000t\000i\000n\000g\000\040\000u\000p\000\040\000s\000t\000a\000t\000i\000s\000t\000i\000c\000s\000\040\000i\000n\000t\000e\000r\000f\000a\000c\000e\000s}{section.3.5}% 52
\BOOKMARK [2][-]{subsection.3.5.5}{\376\377\000C\000o\000n\000v\000e\000r\000t\000i\000n\000g\000\040\000v\000i\000s\000u\000a\000l\000i\000z\000a\000t\000i\000o\000n\000\040\000i\000n\000t\000o\000\040\000p\000h\000o\000t\000o\000/\000v\000i\000d\000e\000o\000\040\000f\000o\000r\000m\000a\000t}{section.3.5}% 53
\BOOKMARK [1][-]{section.3.6}{\376\377\000D\000A\000O}{chapter.3}% 54
\BOOKMARK [2][-]{subsection.3.6.1}{\376\377\000D\000a\000t\000a\000R\000e\000a\000d\000e\000r}{section.3.6}% 55
\BOOKMARK [2][-]{subsection.3.6.2}{\376\377\000D\000a\000t\000a\000S\000e\000t}{section.3.6}% 56
\BOOKMARK [1][-]{section.3.7}{\376\377\000P\000h\000o\000t\000o\000V\000i\000d\000e\000o\000O\000u\000t\000p\000u\000t}{chapter.3}% 57
\BOOKMARK [2][-]{subsection.3.7.1}{\376\377\000P\000h\000o\000t\000o\000O\000u\000t\000p\000u\000t\000C\000o\000n\000t\000r\000o\000l\000l\000e\000r}{section.3.7}% 58
\BOOKMARK [2][-]{subsection.3.7.2}{\376\377\000V\000i\000d\000e\000o\000O\000u\000t\000p\000u\000t\000C\000o\000n\000t\000r\000o\000l\000l\000e\000r}{section.3.7}% 59
\BOOKMARK [0][-]{chapter.4}{\376\377\000T\000h\000e\000\040\000M\000A\000P\000F\000-\000R\000\040\000v\000i\000s\000u\000a\000l\000i\000z\000a\000t\000i\000o\000n\000\040\000t\000o\000o\000l\000\040\000u\000s\000e\000r\000\040\000m\000a\000n\000u\000a\000l}{}% 60
\BOOKMARK [1][-]{section.4.1}{\376\377\000M\000a\000i\000n\000\040\000t\000o\000o\000l\000b\000a\000r\000\040\000o\000v\000e\000r\000v\000i\000e\000w}{chapter.4}% 61
\BOOKMARK [2][-]{subsection.4.1.1}{\376\377\000F\000i\000l\000e}{section.4.1}% 62
\BOOKMARK [3][-]{subsubsection.4.1.1.1}{\376\377\000N\000e\000w\000\040\000s\000o\000l\000u\000t\000i\000o\000n}{subsection.4.1.1}% 63
\BOOKMARK [3][-]{subsubsection.4.1.1.2}{\376\377\000S\000t\000a\000r\000t\000\040\000v\000i\000s\000u\000a\000l\000i\000z\000a\000t\000i\000o\000n}{subsection.4.1.1}% 64
\BOOKMARK [3][-]{subsubsection.4.1.1.3}{\376\377\000S\000o\000l\000u\000t\000i\000o\000n\000\040\000p\000a\000r\000a\000m\000e\000t\000e\000r\000s}{subsection.4.1.1}% 65
\BOOKMARK [3][-]{subsubsection.4.1.1.4}{\376\377\000C\000l\000e\000a\000r\000\040\000v\000i\000s\000u\000a\000l\000i\000z\000a\000t\000i\000o\000n}{subsection.4.1.1}% 66
\BOOKMARK [2][-]{subsection.4.1.2}{\376\377\000T\000h\000e\000\040\000v\000i\000s\000u\000a\000l\000i\000z\000a\000t\000i\000o\000n\000\040\000s\000c\000r\000e\000e\000n}{section.4.1}% 67
\BOOKMARK [3][-]{subsubsection.4.1.2.1}{\376\377\000Z\000o\000o\000m\000i\000n\000g}{subsection.4.1.2}% 68
\BOOKMARK [3][-]{subsubsection.4.1.2.2}{\376\377\000M\000a\000r\000k\000i\000n\000g\000\040\000a\000g\000e\000n\000t\000s}{subsection.4.1.2}% 69
\BOOKMARK [2][-]{subsection.4.1.3}{\376\377\000V\000i\000e\000w}{section.4.1}% 70
\BOOKMARK [3][-]{subsubsection.4.1.3.1}{\376\377\000S\000i\000n\000g\000l\000e\000\040\000a\000g\000e\000n\000t\000\040\000s\000t\000a\000t\000i\000s\000t\000i\000c\000s}{subsection.4.1.3}% 71
\BOOKMARK [3][-]{subsubsection.4.1.3.2}{\376\377\000D\000o\000u\000b\000l\000e\000\040\000a\000g\000e\000n\000t\000\040\000s\000t\000a\000t\000i\000s\000t\000i\000c\000s}{subsection.4.1.3}% 72
\BOOKMARK [3][-]{subsubsection.4.1.3.3}{\376\377\000C\000h\000a\000n\000g\000e\000\040\000c\000o\000l\000o\000r}{subsection.4.1.3}% 73
\BOOKMARK [3][-]{subsubsection.4.1.3.4}{\376\377\000G\000r\000a\000p\000h\000\040\000v\000i\000s\000i\000b\000l\000e}{subsection.4.1.3}% 74
\BOOKMARK [3][-]{subsubsection.4.1.3.5}{\376\377\000A\000g\000e\000n\000t\000\040\000v\000i\000s\000i\000b\000l\000e}{subsection.4.1.3}% 75
\BOOKMARK [2][-]{subsection.4.1.4}{\376\377\000P\000h\000o\000t\000o\000V\000i\000d\000e\000o\000O\000u\000t\000p\000u\000t}{section.4.1}% 76
\BOOKMARK [3][-]{subsubsection.4.1.4.1}{\376\377\000T\000a\000k\000e\000\040\000s\000n\000a\000p\000s\000h\000o\000t}{subsection.4.1.4}% 77
\BOOKMARK [3][-]{subsubsection.4.1.4.2}{\376\377\000S\000t\000a\000r\000t\000\040\000v\000i\000d\000e\000o\000/\000S\000t\000o\000p\000\040\000v\000i\000d\000e\000o}{subsection.4.1.4}% 78
\BOOKMARK [2][-]{subsection.4.1.5}{\376\377\000H\000e\000l\000p}{section.4.1}% 79
\BOOKMARK [2][-]{subsection.4.1.6}{\376\377\000T\000h\000e\000\040\000v\000i\000s\000u\000a\000l\000i\000z\000a\000t\000i\000o\000n\000\040\000c\000o\000n\000t\000r\000o\000l\000\040\000p\000a\000n\000e\000l}{section.4.1}% 80
\BOOKMARK [1][-]{section.4.2}{\376\377\000T\000h\000e\000\040\000s\000i\000n\000g\000l\000e\000\040\000a\000g\000e\000n\000t\000\040\000s\000t\000a\000t\000i\000s\000t\000i\000c\000s\000\040\000w\000i\000n\000d\000o\000w\000\040\000o\000v\000e\000r\000v\000i\000e\000w}{chapter.4}% 81
\BOOKMARK [1][-]{section.4.3}{\376\377\000T\000h\000e\000\040\000d\000o\000u\000b\000l\000e\000\040\000a\000g\000e\000n\000t\000\040\000s\000t\000a\000t\000i\000s\000t\000i\000c\000s\000\040\000w\000i\000n\000d\000o\000w\000\040\000o\000v\000e\000r\000v\000i\000e\000w}{chapter.4}% 82
\BOOKMARK [0][-]{chapter.5}{\376\377\000C\000o\000m\000p\000a\000r\000i\000s\000o\000n\000\040\000a\000n\000a\000l\000y\000s\000i\000s}{}% 83
\BOOKMARK [1][-]{subsection.5.0.1}{\376\377\000C\000o\000n\000c\000e\000p\000t\000u\000a\000l\000\040\000a\000n\000a\000l\000y\000s\000i\000s}{chapter.5}% 84
\BOOKMARK [2][-]{subsection.5.0.2}{\376\377\000T\000e\000c\000h\000n\000o\000l\000o\000g\000i\000c\000a\000l\000\040\000a\000n\000a\000l\000y\000s\000i\000s}{subsection.5.0.1}% 85
\BOOKMARK [2][-]{subsection.5.0.3}{\376\377\000C\000o\000m\000p\000a\000r\000i\000s\000o\000n\000\040\000s\000u\000m\000m\000a\000r\000y}{subsection.5.0.1}% 86
\BOOKMARK [0][-]{chapter.6}{\376\377\000A\000n\000a\000l\000y\000s\000i\000s\000\040\000o\000f\000\040\000M\000A\000P\000F\000-\000R\000\040\000v\000i\000s\000u\000a\000l\000i\000z\000a\000t\000i\000o\000n\000\040\000t\000o\000o\000l\000\040\000e\000c\000o\000n\000o\000m\000i\000c\000\040\000i\000m\000p\000a\000c\000t\000\040\000o\000n\000\040\000l\000o\000g\000i\000s\000t\000i\000c\000s}{}% 87
\BOOKMARK [1][-]{section.6.1}{\376\377\000I\000n\000d\000u\000s\000t\000r\000y\000\040\0004\000.\0000}{chapter.6}% 88
\BOOKMARK [1][-]{section.6.2}{\376\377\000V\000i\000s\000u\000a\000l\000i\000z\000a\000t\000i\000o\000n\000\040\000i\000n\000\040\000I\000n\000d\000u\000s\000t\000r\000y\000\040\0004\000.\0000}{chapter.6}% 89
\BOOKMARK [1][-]{section.6.3}{\376\377\000S\000m\000a\000r\000t\000\040\000L\000o\000g\000i\000s\000t\000i\000c\000s}{chapter.6}% 90
\BOOKMARK [1][-]{section.6.4}{\376\377\000E\000c\000o\000n\000o\000m\000i\000c\000\040\000a\000s\000s\000e\000s\000s\000m\000e\000n\000t\000\040\000s\000u\000m\000m\000a\000r\000y}{chapter.6}% 91
\BOOKMARK [0][-]{chapter*.6}{\376\377\000C\000o\000n\000c\000l\000u\000s\000i\000o\000n}{}% 92
\BOOKMARK [0][-]{chapter*.7}{\376\377\000B\000i\000b\000l\000i\000o\000g\000r\000a\000p\000h\000y}{}% 93
\BOOKMARK [0][-]{appendix.A}{\376\377\000S\000e\000z\000n\000a\000m\000\040\000p\000o\000u\001\176\000i\000t\000\375\000c\000h\000\040\000z\000k\000r\000a\000t\000e\000k}{}% 94
\BOOKMARK [0][-]{appendix.B}{\376\377\000O\000b\000s\000a\000h\000\040\000p\001\131\000i\000l\000o\001\176\000e\000n\000\351\000h\000o\000\040\000C\000D}{}% 95
